<?xml version="1.0" encoding="UTF-8"?>
<coverage generated="1745942031878" clover="3.2.0">
  <project timestamp="1745942031878" name="All files">
    <metrics statements="140" coveredstatements="86" conditionals="56" coveredconditionals="19" methods="55" coveredmethods="29" elements="251" coveredelements="134" complexity="0" loc="140" ncloc="140" packages="2" files="4" classes="4"/>
    <package name="pages">
      <metrics statements="119" coveredstatements="83" conditionals="42" coveredconditionals="19" methods="50" coveredmethods="29"/>
      <file name="Footer.jsx" path="C:\Users\yaswa\.vscode\yaswanth\web\updated\frontend\src\pages\Footer.jsx">
        <metrics statements="2" coveredstatements="2" conditionals="0" coveredconditionals="0" methods="1" coveredmethods="1"/>
        <line num="6" count="1" type="stmt"/>
        <line num="7" count="27" type="stmt"/>
      </file>
      <file name="Header.jsx" path="C:\Users\yaswa\.vscode\yaswanth\web\updated\frontend\src\pages\Header.jsx">
        <metrics statements="7" coveredstatements="7" conditionals="4" coveredconditionals="2" methods="2" coveredmethods="2"/>
        <line num="6" count="1" type="stmt"/>
        <line num="10" count="27" type="stmt"/>
        <line num="11" count="27" type="stmt"/>
        <line num="12" count="27" type="cond" truecount="1" falsecount="1"/>
        <line num="13" count="27" type="stmt"/>
        <line num="16" count="27" type="stmt"/>
        <line num="18" count="27" type="stmt"/>
      </file>
      <file name="HomePage.jsx" path="C:\Users\yaswa\.vscode\yaswanth\web\updated\frontend\src\pages\HomePage.jsx">
        <metrics statements="110" coveredstatements="74" conditionals="38" coveredconditionals="17" methods="47" coveredmethods="26"/>
        <line num="21" count="1" type="stmt"/>
        <line num="22" count="1" type="stmt"/>
        <line num="23" count="1" type="stmt"/>
        <line num="26" count="1" type="stmt"/>
        <line num="35" count="1" type="stmt"/>
        <line num="37" count="0" type="stmt"/>
        <line num="46" count="1" type="stmt"/>
        <line num="47" count="28" type="stmt"/>
        <line num="49" count="27" type="stmt"/>
        <line num="50" count="27" type="stmt"/>
        <line num="51" count="27" type="stmt"/>
        <line num="53" count="27" type="stmt"/>
        <line num="54" count="20" type="stmt"/>
        <line num="59" count="20" type="stmt"/>
        <line num="71" count="47" type="stmt"/>
        <line num="73" count="27" type="stmt"/>
        <line num="75" count="27" type="stmt"/>
        <line num="76" count="20" type="cond" truecount="2" falsecount="0"/>
        <line num="77" count="1" type="stmt"/>
        <line num="81" count="27" type="stmt"/>
        <line num="82" count="0" type="stmt"/>
        <line num="83" count="0" type="cond" truecount="0" falsecount="2"/>
        <line num="86" count="27" type="stmt"/>
        <line num="87" count="27" type="stmt"/>
        <line num="88" count="1" type="stmt"/>
        <line num="91" count="27" type="stmt"/>
        <line num="92" count="2" type="stmt"/>
        <line num="93" count="2" type="cond" truecount="1" falsecount="1"/>
        <line num="97" count="27" type="stmt"/>
        <line num="98" count="19" type="stmt"/>
        <line num="99" count="0" type="stmt"/>
        <line num="100" count="0" type="cond" truecount="0" falsecount="2"/>
        <line num="103" count="19" type="stmt"/>
        <line num="106" count="27" type="stmt"/>
        <line num="108" count="27" type="stmt"/>
        <line num="109" count="2" type="stmt"/>
        <line num="110" count="2" type="cond" truecount="2" falsecount="0"/>
        <line num="111" count="1" type="stmt"/>
        <line num="113" count="2" type="stmt"/>
        <line num="117" count="27" type="stmt"/>
        <line num="118" count="27" type="stmt"/>
        <line num="120" count="27" type="stmt"/>
        <line num="121" count="2" type="stmt"/>
        <line num="122" count="2" type="cond" truecount="1" falsecount="1"/>
        <line num="123" count="2" type="stmt"/>
        <line num="127" count="27" type="stmt"/>
        <line num="128" count="2" type="stmt"/>
        <line num="129" count="2" type="stmt"/>
        <line num="132" count="27" type="stmt"/>
        <line num="133" count="0" type="stmt"/>
        <line num="134" count="0" type="stmt"/>
        <line num="137" count="27" type="stmt"/>
        <line num="138" count="27" type="stmt"/>
        <line num="139" count="27" type="stmt"/>
        <line num="141" count="27" type="stmt"/>
        <line num="142" count="0" type="cond" truecount="0" falsecount="2"/>
        <line num="143" count="0" type="stmt"/>
        <line num="145" count="0" type="stmt"/>
        <line num="149" count="27" type="stmt"/>
        <line num="150" count="0" type="cond" truecount="0" falsecount="2"/>
        <line num="151" count="0" type="stmt"/>
        <line num="153" count="0" type="stmt"/>
        <line num="157" count="27" type="stmt"/>
        <line num="159" count="27" type="stmt"/>
        <line num="160" count="0" type="stmt"/>
        <line num="163" count="27" type="stmt"/>
        <line num="164" count="19" type="stmt"/>
        <line num="165" count="19" type="stmt"/>
        <line num="168" count="27" type="stmt"/>
        <line num="169" count="2" type="stmt"/>
        <line num="172" count="27" type="stmt"/>
        <line num="173" count="1" type="stmt"/>
        <line num="174" count="0" type="stmt"/>
        <line num="177" count="0" type="cond" truecount="0" falsecount="2"/>
        <line num="178" count="0" type="stmt"/>
        <line num="182" count="0" type="stmt"/>
        <line num="185" count="27" type="stmt"/>
        <line num="186" count="1" type="cond" truecount="1" falsecount="1"/>
        <line num="187" count="1" type="stmt"/>
        <line num="191" count="27" type="stmt"/>
        <line num="210" count="27" type="stmt"/>
        <line num="212" count="27" type="stmt"/>
        <line num="213" count="0" type="cond" truecount="0" falsecount="2"/>
        <line num="214" count="0" type="cond" truecount="0" falsecount="2"/>
        <line num="215" count="0" type="stmt"/>
        <line num="217" count="0" type="stmt"/>
        <line num="219" count="0" type="cond" truecount="0" falsecount="2"/>
        <line num="220" count="0" type="cond" truecount="0" falsecount="2"/>
        <line num="221" count="0" type="stmt"/>
        <line num="223" count="0" type="stmt"/>
        <line num="228" count="27" type="stmt"/>
        <line num="258" count="0" type="stmt"/>
        <line num="259" count="0" type="stmt"/>
        <line num="306" count="0" type="stmt"/>
        <line num="346" count="0" type="stmt"/>
        <line num="350" count="104" type="stmt"/>
        <line num="358" count="1" type="stmt"/>
        <line num="470" count="0" type="stmt"/>
        <line num="478" count="104" type="stmt"/>
        <line num="487" count="1" type="stmt"/>
        <line num="496" count="0" type="stmt"/>
        <line num="514" count="0" type="stmt"/>
        <line num="524" count="104" type="stmt"/>
        <line num="532" count="1" type="stmt"/>
        <line num="541" count="0" type="stmt"/>
        <line num="559" count="1" type="stmt"/>
        <line num="583" count="0" type="stmt"/>
        <line num="593" count="108" type="stmt"/>
        <line num="596" count="1" type="stmt"/>
        <line num="612" count="0" type="stmt"/>
      </file>
    </package>
    <package name="redux.slices">
      <metrics statements="21" coveredstatements="3" conditionals="14" coveredconditionals="0" methods="5" coveredmethods="0"/>
      <file name="homeGamesSlice.js" path="C:\Users\yaswa\.vscode\yaswanth\web\updated\frontend\src\redux\slices\homeGamesSlice.js">
        <metrics statements="21" coveredstatements="3" conditionals="14" coveredconditionals="0" methods="5" coveredmethods="0"/>
        <line num="4" count="1" type="stmt"/>
        <line num="15" count="1" type="stmt"/>
        <line num="18" count="0" type="stmt"/>
        <line num="19" count="0" type="stmt"/>
        <line num="27" count="0" type="cond" truecount="0" falsecount="2"/>
        <line num="28" count="0" type="stmt"/>
        <line num="31" count="0" type="stmt"/>
        <line num="32" count="0" type="stmt"/>
        <line num="34" count="0" type="cond" truecount="0" falsecount="2"/>
        <line num="40" count="1" type="stmt"/>
        <line num="45" count="0" type="stmt"/>
        <line num="48" count="0" type="stmt"/>
        <line num="49" count="0" type="stmt"/>
        <line num="52" count="0" type="stmt"/>
        <line num="53" count="0" type="cond" truecount="0" falsecount="2"/>
        <line num="54" count="0" type="cond" truecount="0" falsecount="2"/>
        <line num="55" count="0" type="cond" truecount="0" falsecount="2"/>
        <line num="56" count="0" type="cond" truecount="0" falsecount="2"/>
        <line num="57" count="0" type="cond" truecount="0" falsecount="2"/>
        <line num="60" count="0" type="stmt"/>
        <line num="61" count="0" type="stmt"/>
      </file>
    </package>
  </project>
</coverage>
