{"F:\\final_project\\p2p_frontend\\WBD_33_final\\frontend\\src\\components\\gamepage\\AdminDelete.jsx": {"path":"F:\\final_project\\p2p_frontend\\WBD_33_final\\frontend\\src\\components\\gamepage\\AdminDelete.jsx","statementMap":{"0":{"start":{"line":2,"column":19},"end":{"line":2,"column":42}},"1":{"start":{"line":3,"column":20},"end":{"line":40,"column":1}},"2":{"start":{"line":5,"column":2},"end":{"line":5,"column":55}},"3":{"start":{"line":6,"column":23},"end":{"line":33,"column":3}},"4":{"start":{"line":7,"column":4},"end":{"line":32,"column":5}},"5":{"start":{"line":8,"column":6},"end":{"line":31,"column":7}},"6":{"start":{"line":9,"column":25},"end":{"line":17,"column":10}},"7":{"start":{"line":19,"column":8},"end":{"line":27,"column":9}},"8":{"start":{"line":20,"column":10},"end":{"line":20,"column":30}},"9":{"start":{"line":21,"column":10},"end":{"line":21,"column":46}},"10":{"start":{"line":23,"column":10},"end":{"line":23,"column":37}},"11":{"start":{"line":25,"column":28},"end":{"line":25,"column":49}},"12":{"start":{"line":26,"column":10},"end":{"line":26,"column":85}},"13":{"start":{"line":29,"column":8},"end":{"line":29,"column":53}},"14":{"start":{"line":30,"column":8},"end":{"line":30,"column":37}},"15":{"start":{"line":35,"column":2},"end":{"line":39,"column":4}}},"fnMap":{"0":{"name":"(anonymous_0)","decl":{"start":{"line":3,"column":20},"end":{"line":3,"column":21}},"loc":{"start":{"line":3,"column":49},"end":{"line":40,"column":1}},"line":3},"1":{"name":"(anonymous_1)","decl":{"start":{"line":6,"column":23},"end":{"line":6,"column":24}},"loc":{"start":{"line":6,"column":35},"end":{"line":33,"column":3}},"line":6}},"branchMap":{"0":{"loc":{"start":{"line":7,"column":4},"end":{"line":32,"column":5}},"type":"if","locations":[{"start":{"line":7,"column":4},"end":{"line":32,"column":5}},{"start":{},"end":{}}],"line":7},"1":{"loc":{"start":{"line":19,"column":8},"end":{"line":27,"column":9}},"type":"if","locations":[{"start":{"line":19,"column":8},"end":{"line":27,"column":9}},{"start":{"line":24,"column":15},"end":{"line":27,"column":9}}],"line":19},"2":{"loc":{"start":{"line":26,"column":40},"end":{"line":26,"column":81}},"type":"binary-expr","locations":[{"start":{"line":26,"column":40},"end":{"line":26,"column":62}},{"start":{"line":26,"column":66},"end":{"line":26,"column":81}}],"line":26}},"s":{"0":1,"1":1,"2":0,"3":0,"4":0,"5":0,"6":0,"7":0,"8":0,"9":0,"10":0,"11":0,"12":0,"13":0,"14":0,"15":0},"f":{"0":0,"1":0},"b":{"0":[0,0],"1":[0,0],"2":[0,0]},"_coverageSchema":"1a1c01bbd47fc00a2c39e90264f33305004495a9","hash":"b1a388c97d93814cb7ee0140de9341205e9a4d50"}
,"F:\\final_project\\p2p_frontend\\WBD_33_final\\frontend\\src\\components\\payment\\CreditCardForm.jsx": {"path":"F:\\final_project\\p2p_frontend\\WBD_33_final\\frontend\\src\\components\\payment\\CreditCardForm.jsx","statementMap":{"0":{"start":{"line":8,"column":2},"end":{"line":8,"column":35}},"1":{"start":{"line":12,"column":2},"end":{"line":14,"column":3}},"2":{"start":{"line":13,"column":4},"end":{"line":13,"column":17}},"3":{"start":{"line":16,"column":21},"end":{"line":16,"column":39}},"4":{"start":{"line":19,"column":23},"end":{"line":19,"column":46}},"5":{"start":{"line":22,"column":20},"end":{"line":22,"column":136}},"6":{"start":{"line":24,"column":2},"end":{"line":24,"column":26}},"7":{"start":{"line":28,"column":21},"end":{"line":28,"column":39}},"8":{"start":{"line":29,"column":18},"end":{"line":29,"column":19}},"9":{"start":{"line":31,"column":2},"end":{"line":31,"column":40}},"10":{"start":{"line":35,"column":21},"end":{"line":35,"column":39}},"11":{"start":{"line":37,"column":2},"end":{"line":39,"column":3}},"12":{"start":{"line":38,"column":4},"end":{"line":38,"column":65}},"13":{"start":{"line":41,"column":2},"end":{"line":41,"column":20}},"14":{"start":{"line":45,"column":2},"end":{"line":45,"column":58}},"15":{"start":{"line":45,"column":38},"end":{"line":45,"column":56}},"16":{"start":{"line":48,"column":23},"end":{"line":176,"column":1}},"17":{"start":{"line":49,"column":28},"end":{"line":57,"column":4}},"18":{"start":{"line":59,"column":2},"end":{"line":70,"column":13}},"19":{"start":{"line":61,"column":4},"end":{"line":69,"column":7}},"20":{"start":{"line":72,"column":25},"end":{"line":76,"column":3}},"21":{"start":{"line":73,"column":4},"end":{"line":75,"column":5}},"22":{"start":{"line":74,"column":6},"end":{"line":74,"column":58}},"23":{"start":{"line":74,"column":31},"end":{"line":74,"column":55}},"24":{"start":{"line":78,"column":27},"end":{"line":80,"column":3}},"25":{"start":{"line":79,"column":4},"end":{"line":79,"column":72}},"26":{"start":{"line":79,"column":29},"end":{"line":79,"column":69}},"27":{"start":{"line":82,"column":28},"end":{"line":97,"column":3}},"28":{"start":{"line":83,"column":26},"end":{"line":83,"column":34}},"29":{"start":{"line":85,"column":4},"end":{"line":94,"column":5}},"30":{"start":{"line":86,"column":6},"end":{"line":86,"column":44}},"31":{"start":{"line":87,"column":11},"end":{"line":94,"column":5}},"32":{"start":{"line":88,"column":6},"end":{"line":88,"column":42}},"33":{"start":{"line":89,"column":11},"end":{"line":94,"column":5}},"34":{"start":{"line":90,"column":6},"end":{"line":90,"column":44}},"35":{"start":{"line":91,"column":11},"end":{"line":94,"column":5}},"36":{"start":{"line":93,"column":6},"end":{"line":93,"column":33}},"37":{"start":{"line":96,"column":4},"end":{"line":96,"column":63}},"38":{"start":{"line":96,"column":29},"end":{"line":96,"column":60}},"39":{"start":{"line":99,"column":23},"end":{"line":104,"column":3}},"40":{"start":{"line":100,"column":4},"end":{"line":100,"column":23}},"41":{"start":{"line":103,"column":4},"end":{"line":103,"column":66}},"42":{"start":{"line":106,"column":2},"end":{"line":175,"column":4}}},"fnMap":{"0":{"name":"clearNumber","decl":{"start":{"line":7,"column":9},"end":{"line":7,"column":20}},"loc":{"start":{"line":7,"column":33},"end":{"line":9,"column":1}},"line":7},"1":{"name":"formatCreditCardNumber","decl":{"start":{"line":11,"column":16},"end":{"line":11,"column":38}},"loc":{"start":{"line":11,"column":46},"end":{"line":25,"column":1}},"line":11},"2":{"name":"formatCVC","decl":{"start":{"line":27,"column":16},"end":{"line":27,"column":25}},"loc":{"start":{"line":27,"column":60},"end":{"line":32,"column":1}},"line":27},"3":{"name":"formatExpirationDate","decl":{"start":{"line":34,"column":16},"end":{"line":34,"column":36}},"loc":{"start":{"line":34,"column":44},"end":{"line":42,"column":1}},"line":34},"4":{"name":"formatFormData","decl":{"start":{"line":44,"column":16},"end":{"line":44,"column":30}},"loc":{"start":{"line":44,"column":37},"end":{"line":46,"column":1}},"line":44},"5":{"name":"(anonymous_5)","decl":{"start":{"line":45,"column":31},"end":{"line":45,"column":32}},"loc":{"start":{"line":45,"column":38},"end":{"line":45,"column":56}},"line":45},"6":{"name":"(anonymous_6)","decl":{"start":{"line":48,"column":23},"end":{"line":48,"column":24}},"loc":{"start":{"line":48,"column":37},"end":{"line":176,"column":1}},"line":48},"7":{"name":"(anonymous_7)","decl":{"start":{"line":59,"column":12},"end":{"line":59,"column":13}},"loc":{"start":{"line":59,"column":18},"end":{"line":70,"column":3}},"line":59},"8":{"name":"(anonymous_8)","decl":{"start":{"line":72,"column":25},"end":{"line":72,"column":26}},"loc":{"start":{"line":72,"column":50},"end":{"line":76,"column":3}},"line":72},"9":{"name":"(anonymous_9)","decl":{"start":{"line":74,"column":15},"end":{"line":74,"column":16}},"loc":{"start":{"line":74,"column":31},"end":{"line":74,"column":55}},"line":74},"10":{"name":"(anonymous_10)","decl":{"start":{"line":78,"column":27},"end":{"line":78,"column":28}},"loc":{"start":{"line":78,"column":34},"end":{"line":80,"column":3}},"line":78},"11":{"name":"(anonymous_11)","decl":{"start":{"line":79,"column":13},"end":{"line":79,"column":14}},"loc":{"start":{"line":79,"column":29},"end":{"line":79,"column":69}},"line":79},"12":{"name":"(anonymous_12)","decl":{"start":{"line":82,"column":28},"end":{"line":82,"column":29}},"loc":{"start":{"line":82,"column":35},"end":{"line":97,"column":3}},"line":82},"13":{"name":"(anonymous_13)","decl":{"start":{"line":96,"column":13},"end":{"line":96,"column":14}},"loc":{"start":{"line":96,"column":29},"end":{"line":96,"column":60}},"line":96},"14":{"name":"(anonymous_14)","decl":{"start":{"line":99,"column":23},"end":{"line":99,"column":24}},"loc":{"start":{"line":99,"column":30},"end":{"line":104,"column":3}},"line":99}},"branchMap":{"0":{"loc":{"start":{"line":7,"column":21},"end":{"line":7,"column":31}},"type":"default-arg","locations":[{"start":{"line":7,"column":29},"end":{"line":7,"column":31}}],"line":7},"1":{"loc":{"start":{"line":12,"column":2},"end":{"line":14,"column":3}},"type":"if","locations":[{"start":{"line":12,"column":2},"end":{"line":14,"column":3}},{"start":{},"end":{}}],"line":12},"2":{"loc":{"start":{"line":27,"column":44},"end":{"line":27,"column":58}},"type":"default-arg","locations":[{"start":{"line":27,"column":56},"end":{"line":27,"column":58}}],"line":27},"3":{"loc":{"start":{"line":37,"column":2},"end":{"line":39,"column":3}},"type":"if","locations":[{"start":{"line":37,"column":2},"end":{"line":39,"column":3}},{"start":{},"end":{}}],"line":37},"4":{"loc":{"start":{"line":54,"column":12},"end":{"line":54,"column":29}},"type":"binary-expr","locations":[{"start":{"line":54,"column":12},"end":{"line":54,"column":16}},{"start":{"line":54,"column":20},"end":{"line":54,"column":29}}],"line":54},"5":{"loc":{"start":{"line":66,"column":14},"end":{"line":66,"column":28}},"type":"binary-expr","locations":[{"start":{"line":66,"column":14},"end":{"line":66,"column":18}},{"start":{"line":66,"column":22},"end":{"line":66,"column":28}}],"line":66},"6":{"loc":{"start":{"line":73,"column":4},"end":{"line":75,"column":5}},"type":"if","locations":[{"start":{"line":73,"column":4},"end":{"line":75,"column":5}},{"start":{},"end":{}}],"line":73},"7":{"loc":{"start":{"line":85,"column":4},"end":{"line":94,"column":5}},"type":"if","locations":[{"start":{"line":85,"column":4},"end":{"line":94,"column":5}},{"start":{"line":87,"column":11},"end":{"line":94,"column":5}}],"line":85},"8":{"loc":{"start":{"line":87,"column":11},"end":{"line":94,"column":5}},"type":"if","locations":[{"start":{"line":87,"column":11},"end":{"line":94,"column":5}},{"start":{"line":89,"column":11},"end":{"line":94,"column":5}}],"line":87},"9":{"loc":{"start":{"line":89,"column":11},"end":{"line":94,"column":5}},"type":"if","locations":[{"start":{"line":89,"column":11},"end":{"line":94,"column":5}},{"start":{"line":91,"column":11},"end":{"line":94,"column":5}}],"line":89},"10":{"loc":{"start":{"line":91,"column":11},"end":{"line":94,"column":5}},"type":"if","locations":[{"start":{"line":91,"column":11},"end":{"line":94,"column":5}},{"start":{},"end":{}}],"line":91}},"s":{"0":15,"1":6,"2":1,"3":5,"4":5,"5":5,"6":5,"7":5,"8":5,"9":5,"10":5,"11":5,"12":3,"13":2,"14":0,"15":0,"16":1,"17":18,"18":18,"19":6,"20":18,"21":0,"22":0,"23":0,"24":18,"25":2,"26":2,"27":18,"28":4,"29":4,"30":1,"31":3,"32":1,"33":2,"34":1,"35":1,"36":1,"37":4,"38":4,"39":18,"40":1,"41":1,"42":18},"f":{"0":15,"1":6,"2":5,"3":5,"4":0,"5":0,"6":18,"7":6,"8":0,"9":0,"10":2,"11":2,"12":4,"13":4,"14":1},"b":{"0":[0],"1":[1,5],"2":[4],"3":[3,2],"4":[18,0],"5":[6,0],"6":[0,0],"7":[1,3],"8":[1,2],"9":[1,1],"10":[1,0]},"_coverageSchema":"1a1c01bbd47fc00a2c39e90264f33305004495a9","hash":"d1449d635784e64995b5845554f3e6e8e5a7bc72"}
,"F:\\final_project\\p2p_frontend\\WBD_33_final\\frontend\\src\\components\\payment\\PaymentMethods.jsx": {"path":"F:\\final_project\\p2p_frontend\\WBD_33_final\\frontend\\src\\components\\payment\\PaymentMethods.jsx","statementMap":{"0":{"start":{"line":4,"column":23},"end":{"line":20,"column":1}},"1":{"start":{"line":5,"column":2},"end":{"line":19,"column":3}},"2":{"start":{"line":11,"column":12},"end":{"line":15,"column":55}},"3":{"start":{"line":15,"column":25},"end":{"line":15,"column":51}}},"fnMap":{"0":{"name":"(anonymous_0)","decl":{"start":{"line":4,"column":23},"end":{"line":4,"column":24}},"loc":{"start":{"line":4,"column":61},"end":{"line":20,"column":1}},"line":4},"1":{"name":"(anonymous_1)","decl":{"start":{"line":10,"column":28},"end":{"line":10,"column":29}},"loc":{"start":{"line":11,"column":12},"end":{"line":15,"column":55}},"line":11},"2":{"name":"(anonymous_2)","decl":{"start":{"line":15,"column":21},"end":{"line":15,"column":22}},"loc":{"start":{"line":15,"column":25},"end":{"line":15,"column":51}},"line":15}},"branchMap":{},"s":{"0":1,"1":2,"2":8,"3":2},"f":{"0":2,"1":8,"2":2},"b":{},"_coverageSchema":"1a1c01bbd47fc00a2c39e90264f33305004495a9","hash":"735855491cc12eb1fada4c3ca6a1fa67b7dd4e16"}
,"F:\\final_project\\p2p_frontend\\WBD_33_final\\frontend\\src\\pages\\About.jsx": {"path":"F:\\final_project\\p2p_frontend\\WBD_33_final\\frontend\\src\\pages\\About.jsx","statementMap":{"0":{"start":{"line":6,"column":14},"end":{"line":106,"column":1}},"1":{"start":{"line":7,"column":2},"end":{"line":105,"column":4}}},"fnMap":{"0":{"name":"(anonymous_0)","decl":{"start":{"line":6,"column":14},"end":{"line":6,"column":15}},"loc":{"start":{"line":6,"column":20},"end":{"line":106,"column":1}},"line":6}},"branchMap":{},"s":{"0":1,"1":7},"f":{"0":7},"b":{},"_coverageSchema":"1a1c01bbd47fc00a2c39e90264f33305004495a9","hash":"331889ea85958ba793b84602c65992161fdf8ab3"}
,"F:\\final_project\\p2p_frontend\\WBD_33_final\\frontend\\src\\pages\\Footer.jsx": {"path":"F:\\final_project\\p2p_frontend\\WBD_33_final\\frontend\\src\\pages\\Footer.jsx","statementMap":{"0":{"start":{"line":6,"column":15},"end":{"line":61,"column":1}},"1":{"start":{"line":7,"column":2},"end":{"line":60,"column":4}}},"fnMap":{"0":{"name":"(anonymous_0)","decl":{"start":{"line":6,"column":15},"end":{"line":6,"column":16}},"loc":{"start":{"line":6,"column":21},"end":{"line":61,"column":1}},"line":6}},"branchMap":{},"s":{"0":1,"1":19},"f":{"0":19},"b":{},"_coverageSchema":"1a1c01bbd47fc00a2c39e90264f33305004495a9","hash":"54a8dced6b20c178cbc596b44789c9728ad3cdfa"}
,"F:\\final_project\\p2p_frontend\\WBD_33_final\\frontend\\src\\pages\\GamePage.jsx": {"path":"F:\\final_project\\p2p_frontend\\WBD_33_final\\frontend\\src\\pages\\GamePage.jsx","statementMap":{"0":{"start":{"line":20,"column":19},"end":{"line":20,"column":42}},"1":{"start":{"line":21,"column":17},"end":{"line":208,"column":1}},"2":{"start":{"line":22,"column":40},"end":{"line":22,"column":52}},"3":{"start":{"line":23,"column":32},"end":{"line":23,"column":46}},"4":{"start":{"line":24,"column":42},"end":{"line":24,"column":54}},"5":{"start":{"line":25,"column":28},"end":{"line":25,"column":43}},"6":{"start":{"line":26,"column":28},"end":{"line":26,"column":42}},"7":{"start":{"line":29,"column":2},"end":{"line":36,"column":11}},"8":{"start":{"line":30,"column":6},"end":{"line":34,"column":9}},"9":{"start":{"line":35,"column":6},"end":{"line":35,"column":20}},"10":{"start":{"line":37,"column":23},"end":{"line":37,"column":34}},"11":{"start":{"line":38,"column":2},"end":{"line":58,"column":17}},"12":{"start":{"line":40,"column":22},"end":{"line":55,"column":5}},"13":{"start":{"line":41,"column":6},"end":{"line":54,"column":7}},"14":{"start":{"line":43,"column":25},"end":{"line":43,"column":75}},"15":{"start":{"line":44,"column":8},"end":{"line":46,"column":9}},"16":{"start":{"line":45,"column":10},"end":{"line":45,"column":55}},"17":{"start":{"line":47,"column":25},"end":{"line":47,"column":46}},"18":{"start":{"line":48,"column":8},"end":{"line":48,"column":33}},"19":{"start":{"line":49,"column":8},"end":{"line":49,"column":44}},"20":{"start":{"line":51,"column":8},"end":{"line":51,"column":32}},"21":{"start":{"line":53,"column":8},"end":{"line":53,"column":26}},"22":{"start":{"line":57,"column":4},"end":{"line":57,"column":16}},"23":{"start":{"line":59,"column":26},"end":{"line":59,"column":38}},"24":{"start":{"line":61,"column":2},"end":{"line":87,"column":9}},"25":{"start":{"line":62,"column":24},"end":{"line":84,"column":7}},"26":{"start":{"line":63,"column":10},"end":{"line":83,"column":11}},"27":{"start":{"line":64,"column":31},"end":{"line":71,"column":16}},"28":{"start":{"line":73,"column":14},"end":{"line":80,"column":15}},"29":{"start":{"line":74,"column":31},"end":{"line":74,"column":52}},"30":{"start":{"line":75,"column":35},"end":{"line":75,"column":39}},"31":{"start":{"line":76,"column":18},"end":{"line":76,"column":50}},"32":{"start":{"line":77,"column":18},"end":{"line":77,"column":32}},"33":{"start":{"line":79,"column":18},"end":{"line":79,"column":56}},"34":{"start":{"line":82,"column":14},"end":{"line":82,"column":59}},"35":{"start":{"line":86,"column":6},"end":{"line":86,"column":18}},"36":{"start":{"line":89,"column":42},"end":{"line":89,"column":54}},"37":{"start":{"line":91,"column":2},"end":{"line":108,"column":9}},"38":{"start":{"line":92,"column":30},"end":{"line":106,"column":5}},"39":{"start":{"line":93,"column":6},"end":{"line":105,"column":7}},"40":{"start":{"line":94,"column":25},"end":{"line":94,"column":77}},"41":{"start":{"line":95,"column":8},"end":{"line":97,"column":9}},"42":{"start":{"line":96,"column":10},"end":{"line":96,"column":55}},"43":{"start":{"line":98,"column":25},"end":{"line":98,"column":46}},"44":{"start":{"line":99,"column":8},"end":{"line":99,"column":29}},"45":{"start":{"line":100,"column":8},"end":{"line":100,"column":34}},"46":{"start":{"line":102,"column":8},"end":{"line":102,"column":32}},"47":{"start":{"line":104,"column":8},"end":{"line":104,"column":26}},"48":{"start":{"line":107,"column":4},"end":{"line":107,"column":24}},"49":{"start":{"line":114,"column":26},"end":{"line":116,"column":3}},"50":{"start":{"line":115,"column":4},"end":{"line":115,"column":20}},"51":{"start":{"line":118,"column":27},"end":{"line":120,"column":3}},"52":{"start":{"line":119,"column":4},"end":{"line":119,"column":27}},"53":{"start":{"line":122,"column":27},"end":{"line":124,"column":3}},"54":{"start":{"line":123,"column":4},"end":{"line":123,"column":44}},"55":{"start":{"line":126,"column":2},"end":{"line":136,"column":14}},"56":{"start":{"line":127,"column":4},"end":{"line":131,"column":5}},"57":{"start":{"line":128,"column":6},"end":{"line":128,"column":48}},"58":{"start":{"line":130,"column":6},"end":{"line":130,"column":51}},"59":{"start":{"line":133,"column":4},"end":{"line":135,"column":6}},"60":{"start":{"line":134,"column":6},"end":{"line":134,"column":51}},"61":{"start":{"line":139,"column":2},"end":{"line":141,"column":3}},"62":{"start":{"line":140,"column":4},"end":{"line":140,"column":28}},"63":{"start":{"line":143,"column":2},"end":{"line":145,"column":3}},"64":{"start":{"line":144,"column":4},"end":{"line":144,"column":37}},"65":{"start":{"line":147,"column":2},"end":{"line":207,"column":4}},"66":{"start":{"line":176,"column":8},"end":{"line":176,"column":50}},"67":{"start":{"line":193,"column":28},"end":{"line":193,"column":47}}},"fnMap":{"0":{"name":"(anonymous_0)","decl":{"start":{"line":21,"column":17},"end":{"line":21,"column":18}},"loc":{"start":{"line":21,"column":23},"end":{"line":208,"column":1}},"line":21},"1":{"name":"(anonymous_1)","decl":{"start":{"line":29,"column":12},"end":{"line":29,"column":13}},"loc":{"start":{"line":29,"column":18},"end":{"line":36,"column":5}},"line":29},"2":{"name":"(anonymous_2)","decl":{"start":{"line":38,"column":12},"end":{"line":38,"column":13}},"loc":{"start":{"line":38,"column":18},"end":{"line":58,"column":3}},"line":38},"3":{"name":"(anonymous_3)","decl":{"start":{"line":40,"column":22},"end":{"line":40,"column":23}},"loc":{"start":{"line":40,"column":34},"end":{"line":55,"column":5}},"line":40},"4":{"name":"(anonymous_4)","decl":{"start":{"line":61,"column":12},"end":{"line":61,"column":13}},"loc":{"start":{"line":61,"column":18},"end":{"line":87,"column":3}},"line":61},"5":{"name":"(anonymous_5)","decl":{"start":{"line":62,"column":24},"end":{"line":62,"column":25}},"loc":{"start":{"line":62,"column":36},"end":{"line":84,"column":7}},"line":62},"6":{"name":"(anonymous_6)","decl":{"start":{"line":91,"column":12},"end":{"line":91,"column":13}},"loc":{"start":{"line":91,"column":18},"end":{"line":108,"column":3}},"line":91},"7":{"name":"(anonymous_7)","decl":{"start":{"line":92,"column":30},"end":{"line":92,"column":31}},"loc":{"start":{"line":92,"column":42},"end":{"line":106,"column":5}},"line":92},"8":{"name":"(anonymous_8)","decl":{"start":{"line":114,"column":26},"end":{"line":114,"column":27}},"loc":{"start":{"line":114,"column":32},"end":{"line":116,"column":3}},"line":114},"9":{"name":"(anonymous_9)","decl":{"start":{"line":118,"column":27},"end":{"line":118,"column":28}},"loc":{"start":{"line":118,"column":38},"end":{"line":120,"column":3}},"line":118},"10":{"name":"(anonymous_10)","decl":{"start":{"line":122,"column":27},"end":{"line":122,"column":28}},"loc":{"start":{"line":122,"column":33},"end":{"line":124,"column":3}},"line":122},"11":{"name":"(anonymous_11)","decl":{"start":{"line":126,"column":12},"end":{"line":126,"column":13}},"loc":{"start":{"line":126,"column":18},"end":{"line":136,"column":3}},"line":126},"12":{"name":"(anonymous_12)","decl":{"start":{"line":133,"column":11},"end":{"line":133,"column":12}},"loc":{"start":{"line":133,"column":17},"end":{"line":135,"column":5}},"line":133},"13":{"name":"(anonymous_13)","decl":{"start":{"line":174,"column":16},"end":{"line":174,"column":17}},"loc":{"start":{"line":174,"column":22},"end":{"line":177,"column":7}},"line":174},"14":{"name":"(anonymous_14)","decl":{"start":{"line":193,"column":21},"end":{"line":193,"column":22}},"loc":{"start":{"line":193,"column":28},"end":{"line":193,"column":47}},"line":193}},"branchMap":{"0":{"loc":{"start":{"line":44,"column":8},"end":{"line":46,"column":9}},"type":"if","locations":[{"start":{"line":44,"column":8},"end":{"line":46,"column":9}},{"start":{},"end":{}}],"line":44},"1":{"loc":{"start":{"line":73,"column":14},"end":{"line":80,"column":15}},"type":"if","locations":[{"start":{"line":73,"column":14},"end":{"line":80,"column":15}},{"start":{"line":78,"column":21},"end":{"line":80,"column":15}}],"line":73},"2":{"loc":{"start":{"line":95,"column":8},"end":{"line":97,"column":9}},"type":"if","locations":[{"start":{"line":95,"column":8},"end":{"line":97,"column":9}},{"start":{},"end":{}}],"line":95},"3":{"loc":{"start":{"line":127,"column":4},"end":{"line":131,"column":5}},"type":"if","locations":[{"start":{"line":127,"column":4},"end":{"line":131,"column":5}},{"start":{"line":129,"column":11},"end":{"line":131,"column":5}}],"line":127},"4":{"loc":{"start":{"line":139,"column":2},"end":{"line":141,"column":3}},"type":"if","locations":[{"start":{"line":139,"column":2},"end":{"line":141,"column":3}},{"start":{},"end":{}}],"line":139},"5":{"loc":{"start":{"line":143,"column":2},"end":{"line":145,"column":3}},"type":"if","locations":[{"start":{"line":143,"column":2},"end":{"line":145,"column":3}},{"start":{},"end":{}}],"line":143},"6":{"loc":{"start":{"line":150,"column":35},"end":{"line":150,"column":57}},"type":"cond-expr","locations":[{"start":{"line":150,"column":43},"end":{"line":150,"column":52}},{"start":{"line":150,"column":55},"end":{"line":150,"column":57}}],"line":150},"7":{"loc":{"start":{"line":162,"column":2},"end":{"line":179,"column":8}},"type":"cond-expr","locations":[{"start":{"line":163,"column":4},"end":{"line":168,"column":6}},{"start":{"line":169,"column":6},"end":{"line":179,"column":8}}],"line":162},"8":{"loc":{"start":{"line":169,"column":6},"end":{"line":179,"column":8}},"type":"cond-expr","locations":[{"start":{"line":172,"column":4},"end":{"line":178,"column":6}},{"start":{"line":179,"column":6},"end":{"line":179,"column":8}}],"line":169},"9":{"loc":{"start":{"line":189,"column":7},"end":{"line":203,"column":7}},"type":"binary-expr","locations":[{"start":{"line":189,"column":7},"end":{"line":189,"column":12}},{"start":{"line":190,"column":8},"end":{"line":202,"column":14}}],"line":189}},"s":{"0":1,"1":1,"2":23,"3":22,"4":22,"5":22,"6":22,"7":22,"8":9,"9":9,"10":22,"11":22,"12":9,"13":9,"14":9,"15":8,"16":1,"17":7,"18":7,"19":7,"20":2,"21":9,"22":9,"23":22,"24":22,"25":9,"26":9,"27":9,"28":8,"29":7,"30":7,"31":7,"32":7,"33":1,"34":1,"35":9,"36":22,"37":22,"38":9,"39":9,"40":9,"41":8,"42":1,"43":7,"44":7,"45":7,"46":2,"47":9,"48":9,"49":22,"50":1,"51":22,"52":1,"53":22,"54":1,"55":22,"56":12,"57":2,"58":10,"59":12,"60":12,"61":22,"62":9,"63":13,"64":2,"65":11,"66":0,"67":1},"f":{"0":23,"1":9,"2":9,"3":9,"4":9,"5":9,"6":9,"7":9,"8":1,"9":1,"10":1,"11":12,"12":12,"13":0,"14":1},"b":{"0":[1,7],"1":[7,1],"2":[1,7],"3":[2,10],"4":[9,13],"5":[2,11],"6":[2,9],"7":[10,1],"8":[0,1],"9":[11,2]},"_coverageSchema":"1a1c01bbd47fc00a2c39e90264f33305004495a9","hash":"d91c97710515d644d8e6931db4063f24c145426a"}
,"F:\\final_project\\p2p_frontend\\WBD_33_final\\frontend\\src\\pages\\Header.jsx": {"path":"F:\\final_project\\p2p_frontend\\WBD_33_final\\frontend\\src\\pages\\Header.jsx","statementMap":{"0":{"start":{"line":6,"column":15},"end":{"line":55,"column":1}},"1":{"start":{"line":17,"column":22},"end":{"line":17,"column":54}},"2":{"start":{"line":18,"column":2},"end":{"line":53,"column":4}}},"fnMap":{"0":{"name":"(anonymous_0)","decl":{"start":{"line":6,"column":15},"end":{"line":6,"column":16}},"loc":{"start":{"line":6,"column":21},"end":{"line":55,"column":1}},"line":6}},"branchMap":{"0":{"loc":{"start":{"line":29,"column":9},"end":{"line":50,"column":9}},"type":"cond-expr","locations":[{"start":{"line":30,"column":10},"end":{"line":40,"column":13}},{"start":{"line":42,"column":10},"end":{"line":49,"column":13}}],"line":29}},"s":{"0":1,"1":19,"2":19},"f":{"0":19},"b":{"0":[19,0]},"_coverageSchema":"1a1c01bbd47fc00a2c39e90264f33305004495a9","hash":"b52c6f1f6955408f0fc9108869db07d9079982f7"}
,"F:\\final_project\\p2p_frontend\\WBD_33_final\\frontend\\src\\pages\\HomePage.jsx": {"path":"F:\\final_project\\p2p_frontend\\WBD_33_final\\frontend\\src\\pages\\HomePage.jsx","statementMap":{"0":{"start":{"line":21,"column":12},"end":{"line":21,"column":48}},"1":{"start":{"line":22,"column":15},"end":{"line":22,"column":30}},"2":{"start":{"line":23,"column":0},"end":{"line":23,"column":33}},"3":{"start":{"line":26,"column":22},"end":{"line":33,"column":1}},"4":{"start":{"line":35,"column":26},"end":{"line":45,"column":1}},"5":{"start":{"line":37,"column":23},"end":{"line":44,"column":3}},"6":{"start":{"line":46,"column":17},"end":{"line":618,"column":1}},"7":{"start":{"line":47,"column":42},"end":{"line":47,"column":53}},"8":{"start":{"line":49,"column":34},"end":{"line":49,"column":46}},"9":{"start":{"line":50,"column":19},"end":{"line":50,"column":32}},"10":{"start":{"line":51,"column":19},"end":{"line":51,"column":32}},"11":{"start":{"line":53,"column":2},"end":{"line":60,"column":9}},"12":{"start":{"line":54,"column":4},"end":{"line":58,"column":7}},"13":{"start":{"line":59,"column":4},"end":{"line":59,"column":18}},"14":{"start":{"line":71,"column":6},"end":{"line":71,"column":45}},"15":{"start":{"line":71,"column":29},"end":{"line":71,"column":44}},"16":{"start":{"line":73,"column":2},"end":{"line":73,"column":45}},"17":{"start":{"line":75,"column":2},"end":{"line":79,"column":25}},"18":{"start":{"line":76,"column":4},"end":{"line":78,"column":5}},"19":{"start":{"line":77,"column":6},"end":{"line":77,"column":33}},"20":{"start":{"line":81,"column":26},"end":{"line":85,"column":3}},"21":{"start":{"line":82,"column":4},"end":{"line":84,"column":6}},"22":{"start":{"line":83,"column":6},"end":{"line":83,"column":64}},"23":{"start":{"line":86,"column":40},"end":{"line":86,"column":51}},"24":{"start":{"line":87,"column":21},"end":{"line":89,"column":3}},"25":{"start":{"line":88,"column":4},"end":{"line":88,"column":26}},"26":{"start":{"line":91,"column":26},"end":{"line":95,"column":3}},"27":{"start":{"line":92,"column":4},"end":{"line":94,"column":6}},"28":{"start":{"line":93,"column":6},"end":{"line":93,"column":64}},"29":{"start":{"line":97,"column":2},"end":{"line":104,"column":29}},"30":{"start":{"line":98,"column":23},"end":{"line":102,"column":12}},"31":{"start":{"line":99,"column":6},"end":{"line":101,"column":8}},"32":{"start":{"line":100,"column":8},"end":{"line":100,"column":66}},"33":{"start":{"line":103,"column":4},"end":{"line":103,"column":43}},"34":{"start":{"line":103,"column":17},"end":{"line":103,"column":42}},"35":{"start":{"line":106,"column":30},"end":{"line":106,"column":42}},"36":{"start":{"line":108,"column":23},"end":{"line":114,"column":3}},"37":{"start":{"line":109,"column":4},"end":{"line":109,"column":27}},"38":{"start":{"line":110,"column":4},"end":{"line":112,"column":5}},"39":{"start":{"line":111,"column":6},"end":{"line":111,"column":40}},"40":{"start":{"line":113,"column":4},"end":{"line":113,"column":18}},"41":{"start":{"line":117,"column":46},"end":{"line":117,"column":61}},"42":{"start":{"line":118,"column":32},"end":{"line":118,"column":47}},"43":{"start":{"line":120,"column":27},"end":{"line":125,"column":3}},"44":{"start":{"line":121,"column":4},"end":{"line":121,"column":28}},"45":{"start":{"line":122,"column":4},"end":{"line":124,"column":5}},"46":{"start":{"line":123,"column":6},"end":{"line":123,"column":27}},"47":{"start":{"line":127,"column":29},"end":{"line":130,"column":3}},"48":{"start":{"line":128,"column":4},"end":{"line":128,"column":21}},"49":{"start":{"line":129,"column":4},"end":{"line":129,"column":28}},"50":{"start":{"line":132,"column":27},"end":{"line":135,"column":3}},"51":{"start":{"line":133,"column":4},"end":{"line":133,"column":29}},"52":{"start":{"line":134,"column":4},"end":{"line":134,"column":22}},"53":{"start":{"line":137,"column":42},"end":{"line":137,"column":53}},"54":{"start":{"line":138,"column":34},"end":{"line":138,"column":45}},"55":{"start":{"line":139,"column":23},"end":{"line":139,"column":24}},"56":{"start":{"line":141,"column":23},"end":{"line":147,"column":3}},"57":{"start":{"line":142,"column":4},"end":{"line":146,"column":5}},"58":{"start":{"line":143,"column":6},"end":{"line":143,"column":51}},"59":{"start":{"line":145,"column":6},"end":{"line":145,"column":25}},"60":{"start":{"line":149,"column":23},"end":{"line":155,"column":3}},"61":{"start":{"line":150,"column":4},"end":{"line":154,"column":5}},"62":{"start":{"line":151,"column":6},"end":{"line":151,"column":43}},"63":{"start":{"line":153,"column":6},"end":{"line":153,"column":21}},"64":{"start":{"line":157,"column":46},"end":{"line":157,"column":57}},"65":{"start":{"line":159,"column":26},"end":{"line":161,"column":3}},"66":{"start":{"line":160,"column":4},"end":{"line":160,"column":78}},"67":{"start":{"line":160,"column":37},"end":{"line":160,"column":76}},"68":{"start":{"line":163,"column":2},"end":{"line":166,"column":46}},"69":{"start":{"line":164,"column":21},"end":{"line":164,"column":54}},"70":{"start":{"line":165,"column":4},"end":{"line":165,"column":40}},"71":{"start":{"line":165,"column":17},"end":{"line":165,"column":39}},"72":{"start":{"line":168,"column":24},"end":{"line":170,"column":3}},"73":{"start":{"line":169,"column":4},"end":{"line":169,"column":35}},"74":{"start":{"line":172,"column":30},"end":{"line":183,"column":3}},"75":{"start":{"line":173,"column":29},"end":{"line":173,"column":58}},"76":{"start":{"line":174,"column":4},"end":{"line":174,"column":34}},"77":{"start":{"line":177,"column":4},"end":{"line":179,"column":5}},"78":{"start":{"line":178,"column":6},"end":{"line":178,"column":70}},"79":{"start":{"line":182,"column":4},"end":{"line":182,"column":20}},"80":{"start":{"line":185,"column":30},"end":{"line":189,"column":3}},"81":{"start":{"line":186,"column":4},"end":{"line":188,"column":5}},"82":{"start":{"line":187,"column":6},"end":{"line":187,"column":70}},"83":{"start":{"line":191,"column":25},"end":{"line":208,"column":3}},"84":{"start":{"line":210,"column":44},"end":{"line":210,"column":55}},"85":{"start":{"line":212,"column":23},"end":{"line":226,"column":3}},"86":{"start":{"line":213,"column":4},"end":{"line":225,"column":5}},"87":{"start":{"line":214,"column":6},"end":{"line":218,"column":7}},"88":{"start":{"line":215,"column":8},"end":{"line":215,"column":55}},"89":{"start":{"line":217,"column":8},"end":{"line":217,"column":28}},"90":{"start":{"line":219,"column":11},"end":{"line":225,"column":5}},"91":{"start":{"line":220,"column":6},"end":{"line":224,"column":7}},"92":{"start":{"line":221,"column":8},"end":{"line":221,"column":55}},"93":{"start":{"line":223,"column":8},"end":{"line":223,"column":63}},"94":{"start":{"line":228,"column":2},"end":{"line":617,"column":4}},"95":{"start":{"line":258,"column":32},"end":{"line":258,"column":51}},"96":{"start":{"line":259,"column":31},"end":{"line":259,"column":50}},"97":{"start":{"line":305,"column":18},"end":{"line":305,"column":70}},"98":{"start":{"line":345,"column":25},"end":{"line":345,"column":77}},"99":{"start":{"line":349,"column":14},"end":{"line":360,"column":16}},"100":{"start":{"line":357,"column":35},"end":{"line":357,"column":56}},"101":{"start":{"line":468,"column":27},"end":{"line":468,"column":41}},"102":{"start":{"line":475,"column":10},"end":{"line":487,"column":16}},"103":{"start":{"line":484,"column":29},"end":{"line":484,"column":59}},"104":{"start":{"line":493,"column":27},"end":{"line":493,"column":41}},"105":{"start":{"line":510,"column":27},"end":{"line":510,"column":41}},"106":{"start":{"line":519,"column":12},"end":{"line":530,"column":18}},"107":{"start":{"line":527,"column":31},"end":{"line":527,"column":61}},"108":{"start":{"line":536,"column":27},"end":{"line":536,"column":41}},"109":{"start":{"line":553,"column":29},"end":{"line":553,"column":54}},"110":{"start":{"line":577,"column":27},"end":{"line":577,"column":47}},"111":{"start":{"line":586,"column":12},"end":{"line":599,"column":18}},"112":{"start":{"line":589,"column":29},"end":{"line":589,"column":60}},"113":{"start":{"line":605,"column":27},"end":{"line":605,"column":47}}},"fnMap":{"0":{"name":"(anonymous_0)","decl":{"start":{"line":37,"column":11},"end":{"line":37,"column":12}},"loc":{"start":{"line":37,"column":23},"end":{"line":44,"column":3}},"line":37},"1":{"name":"(anonymous_1)","decl":{"start":{"line":46,"column":17},"end":{"line":46,"column":18}},"loc":{"start":{"line":46,"column":23},"end":{"line":618,"column":1}},"line":46},"2":{"name":"(anonymous_2)","decl":{"start":{"line":53,"column":12},"end":{"line":53,"column":13}},"loc":{"start":{"line":53,"column":18},"end":{"line":60,"column":3}},"line":53},"3":{"name":"(anonymous_3)","decl":{"start":{"line":71,"column":18},"end":{"line":71,"column":19}},"loc":{"start":{"line":71,"column":29},"end":{"line":71,"column":44}},"line":71},"4":{"name":"(anonymous_4)","decl":{"start":{"line":75,"column":12},"end":{"line":75,"column":13}},"loc":{"start":{"line":75,"column":18},"end":{"line":79,"column":3}},"line":75},"5":{"name":"(anonymous_5)","decl":{"start":{"line":81,"column":26},"end":{"line":81,"column":27}},"loc":{"start":{"line":81,"column":32},"end":{"line":85,"column":3}},"line":81},"6":{"name":"(anonymous_6)","decl":{"start":{"line":82,"column":20},"end":{"line":82,"column":21}},"loc":{"start":{"line":83,"column":6},"end":{"line":83,"column":64}},"line":83},"7":{"name":"(anonymous_7)","decl":{"start":{"line":87,"column":21},"end":{"line":87,"column":22}},"loc":{"start":{"line":87,"column":32},"end":{"line":89,"column":3}},"line":87},"8":{"name":"(anonymous_8)","decl":{"start":{"line":91,"column":26},"end":{"line":91,"column":27}},"loc":{"start":{"line":91,"column":32},"end":{"line":95,"column":3}},"line":91},"9":{"name":"(anonymous_9)","decl":{"start":{"line":92,"column":20},"end":{"line":92,"column":21}},"loc":{"start":{"line":93,"column":6},"end":{"line":93,"column":64}},"line":93},"10":{"name":"(anonymous_10)","decl":{"start":{"line":97,"column":12},"end":{"line":97,"column":13}},"loc":{"start":{"line":97,"column":18},"end":{"line":104,"column":3}},"line":97},"11":{"name":"(anonymous_11)","decl":{"start":{"line":98,"column":35},"end":{"line":98,"column":36}},"loc":{"start":{"line":98,"column":41},"end":{"line":102,"column":5}},"line":98},"12":{"name":"(anonymous_12)","decl":{"start":{"line":99,"column":22},"end":{"line":99,"column":23}},"loc":{"start":{"line":100,"column":8},"end":{"line":100,"column":66}},"line":100},"13":{"name":"(anonymous_13)","decl":{"start":{"line":103,"column":11},"end":{"line":103,"column":12}},"loc":{"start":{"line":103,"column":17},"end":{"line":103,"column":42}},"line":103},"14":{"name":"(anonymous_14)","decl":{"start":{"line":108,"column":23},"end":{"line":108,"column":24}},"loc":{"start":{"line":108,"column":34},"end":{"line":114,"column":3}},"line":108},"15":{"name":"(anonymous_15)","decl":{"start":{"line":120,"column":27},"end":{"line":120,"column":28}},"loc":{"start":{"line":120,"column":33},"end":{"line":125,"column":3}},"line":120},"16":{"name":"(anonymous_16)","decl":{"start":{"line":127,"column":29},"end":{"line":127,"column":30}},"loc":{"start":{"line":127,"column":35},"end":{"line":130,"column":3}},"line":127},"17":{"name":"(anonymous_17)","decl":{"start":{"line":132,"column":27},"end":{"line":132,"column":28}},"loc":{"start":{"line":132,"column":33},"end":{"line":135,"column":3}},"line":132},"18":{"name":"(anonymous_18)","decl":{"start":{"line":141,"column":23},"end":{"line":141,"column":24}},"loc":{"start":{"line":141,"column":29},"end":{"line":147,"column":3}},"line":141},"19":{"name":"(anonymous_19)","decl":{"start":{"line":149,"column":23},"end":{"line":149,"column":24}},"loc":{"start":{"line":149,"column":29},"end":{"line":155,"column":3}},"line":149},"20":{"name":"(anonymous_20)","decl":{"start":{"line":159,"column":26},"end":{"line":159,"column":27}},"loc":{"start":{"line":159,"column":32},"end":{"line":161,"column":3}},"line":159},"21":{"name":"(anonymous_21)","decl":{"start":{"line":160,"column":22},"end":{"line":160,"column":23}},"loc":{"start":{"line":160,"column":37},"end":{"line":160,"column":76}},"line":160},"22":{"name":"(anonymous_22)","decl":{"start":{"line":163,"column":12},"end":{"line":163,"column":13}},"loc":{"start":{"line":163,"column":18},"end":{"line":166,"column":3}},"line":163},"23":{"name":"(anonymous_23)","decl":{"start":{"line":165,"column":11},"end":{"line":165,"column":12}},"loc":{"start":{"line":165,"column":17},"end":{"line":165,"column":39}},"line":165},"24":{"name":"(anonymous_24)","decl":{"start":{"line":168,"column":24},"end":{"line":168,"column":25}},"loc":{"start":{"line":168,"column":39},"end":{"line":170,"column":3}},"line":168},"25":{"name":"(anonymous_25)","decl":{"start":{"line":172,"column":30},"end":{"line":172,"column":31}},"loc":{"start":{"line":172,"column":41},"end":{"line":183,"column":3}},"line":172},"26":{"name":"(anonymous_26)","decl":{"start":{"line":185,"column":30},"end":{"line":185,"column":31}},"loc":{"start":{"line":185,"column":52},"end":{"line":189,"column":3}},"line":185},"27":{"name":"(anonymous_27)","decl":{"start":{"line":212,"column":23},"end":{"line":212,"column":24}},"loc":{"start":{"line":212,"column":38},"end":{"line":226,"column":3}},"line":212},"28":{"name":"(anonymous_28)","decl":{"start":{"line":258,"column":25},"end":{"line":258,"column":26}},"loc":{"start":{"line":258,"column":32},"end":{"line":258,"column":51}},"line":258},"29":{"name":"(anonymous_29)","decl":{"start":{"line":259,"column":24},"end":{"line":259,"column":25}},"loc":{"start":{"line":259,"column":31},"end":{"line":259,"column":50}},"line":259},"30":{"name":"(anonymous_30)","decl":{"start":{"line":304,"column":25},"end":{"line":304,"column":26}},"loc":{"start":{"line":305,"column":18},"end":{"line":305,"column":70}},"line":305},"31":{"name":"(anonymous_31)","decl":{"start":{"line":345,"column":19},"end":{"line":345,"column":20}},"loc":{"start":{"line":345,"column":25},"end":{"line":345,"column":77}},"line":345},"32":{"name":"(anonymous_32)","decl":{"start":{"line":348,"column":55},"end":{"line":348,"column":56}},"loc":{"start":{"line":349,"column":14},"end":{"line":360,"column":16}},"line":349},"33":{"name":"(anonymous_33)","decl":{"start":{"line":357,"column":29},"end":{"line":357,"column":30}},"loc":{"start":{"line":357,"column":35},"end":{"line":357,"column":56}},"line":357},"34":{"name":"(anonymous_34)","decl":{"start":{"line":468,"column":21},"end":{"line":468,"column":22}},"loc":{"start":{"line":468,"column":27},"end":{"line":468,"column":41}},"line":468},"35":{"name":"(anonymous_35)","decl":{"start":{"line":474,"column":64},"end":{"line":474,"column":65}},"loc":{"start":{"line":475,"column":10},"end":{"line":487,"column":16}},"line":475},"36":{"name":"(anonymous_36)","decl":{"start":{"line":484,"column":23},"end":{"line":484,"column":24}},"loc":{"start":{"line":484,"column":29},"end":{"line":484,"column":59}},"line":484},"37":{"name":"(anonymous_37)","decl":{"start":{"line":493,"column":21},"end":{"line":493,"column":22}},"loc":{"start":{"line":493,"column":27},"end":{"line":493,"column":41}},"line":493},"38":{"name":"(anonymous_38)","decl":{"start":{"line":510,"column":21},"end":{"line":510,"column":22}},"loc":{"start":{"line":510,"column":27},"end":{"line":510,"column":41}},"line":510},"39":{"name":"(anonymous_39)","decl":{"start":{"line":518,"column":15},"end":{"line":518,"column":16}},"loc":{"start":{"line":519,"column":12},"end":{"line":530,"column":18}},"line":519},"40":{"name":"(anonymous_40)","decl":{"start":{"line":527,"column":25},"end":{"line":527,"column":26}},"loc":{"start":{"line":527,"column":31},"end":{"line":527,"column":61}},"line":527},"41":{"name":"(anonymous_41)","decl":{"start":{"line":536,"column":21},"end":{"line":536,"column":22}},"loc":{"start":{"line":536,"column":27},"end":{"line":536,"column":41}},"line":536},"42":{"name":"(anonymous_42)","decl":{"start":{"line":553,"column":22},"end":{"line":553,"column":23}},"loc":{"start":{"line":553,"column":29},"end":{"line":553,"column":54}},"line":553},"43":{"name":"(anonymous_43)","decl":{"start":{"line":577,"column":21},"end":{"line":577,"column":22}},"loc":{"start":{"line":577,"column":27},"end":{"line":577,"column":47}},"line":577},"44":{"name":"(anonymous_44)","decl":{"start":{"line":585,"column":15},"end":{"line":585,"column":16}},"loc":{"start":{"line":586,"column":12},"end":{"line":599,"column":18}},"line":586},"45":{"name":"(anonymous_45)","decl":{"start":{"line":589,"column":23},"end":{"line":589,"column":24}},"loc":{"start":{"line":589,"column":29},"end":{"line":589,"column":60}},"line":589},"46":{"name":"(anonymous_46)","decl":{"start":{"line":605,"column":21},"end":{"line":605,"column":22}},"loc":{"start":{"line":605,"column":27},"end":{"line":605,"column":47}},"line":605}},"branchMap":{"0":{"loc":{"start":{"line":76,"column":4},"end":{"line":78,"column":5}},"type":"if","locations":[{"start":{"line":76,"column":4},"end":{"line":78,"column":5}},{"start":{},"end":{}}],"line":76},"1":{"loc":{"start":{"line":83,"column":6},"end":{"line":83,"column":64}},"type":"cond-expr","locations":[{"start":{"line":83,"column":24},"end":{"line":83,"column":48}},{"start":{"line":83,"column":51},"end":{"line":83,"column":64}}],"line":83},"2":{"loc":{"start":{"line":93,"column":6},"end":{"line":93,"column":64}},"type":"cond-expr","locations":[{"start":{"line":93,"column":47},"end":{"line":93,"column":48}},{"start":{"line":93,"column":51},"end":{"line":93,"column":64}}],"line":93},"3":{"loc":{"start":{"line":100,"column":8},"end":{"line":100,"column":66}},"type":"cond-expr","locations":[{"start":{"line":100,"column":49},"end":{"line":100,"column":50}},{"start":{"line":100,"column":53},"end":{"line":100,"column":66}}],"line":100},"4":{"loc":{"start":{"line":110,"column":4},"end":{"line":112,"column":5}},"type":"if","locations":[{"start":{"line":110,"column":4},"end":{"line":112,"column":5}},{"start":{},"end":{}}],"line":110},"5":{"loc":{"start":{"line":122,"column":4},"end":{"line":124,"column":5}},"type":"if","locations":[{"start":{"line":122,"column":4},"end":{"line":124,"column":5}},{"start":{},"end":{}}],"line":122},"6":{"loc":{"start":{"line":142,"column":4},"end":{"line":146,"column":5}},"type":"if","locations":[{"start":{"line":142,"column":4},"end":{"line":146,"column":5}},{"start":{"line":144,"column":11},"end":{"line":146,"column":5}}],"line":142},"7":{"loc":{"start":{"line":150,"column":4},"end":{"line":154,"column":5}},"type":"if","locations":[{"start":{"line":150,"column":4},"end":{"line":154,"column":5}},{"start":{"line":152,"column":11},"end":{"line":154,"column":5}}],"line":150},"8":{"loc":{"start":{"line":177,"column":4},"end":{"line":179,"column":5}},"type":"if","locations":[{"start":{"line":177,"column":4},"end":{"line":179,"column":5}},{"start":{},"end":{}}],"line":177},"9":{"loc":{"start":{"line":186,"column":4},"end":{"line":188,"column":5}},"type":"if","locations":[{"start":{"line":186,"column":4},"end":{"line":188,"column":5}},{"start":{},"end":{}}],"line":186},"10":{"loc":{"start":{"line":213,"column":4},"end":{"line":225,"column":5}},"type":"if","locations":[{"start":{"line":213,"column":4},"end":{"line":225,"column":5}},{"start":{"line":219,"column":11},"end":{"line":225,"column":5}}],"line":213},"11":{"loc":{"start":{"line":214,"column":6},"end":{"line":218,"column":7}},"type":"if","locations":[{"start":{"line":214,"column":6},"end":{"line":218,"column":7}},{"start":{"line":216,"column":13},"end":{"line":218,"column":7}}],"line":214},"12":{"loc":{"start":{"line":219,"column":11},"end":{"line":225,"column":5}},"type":"if","locations":[{"start":{"line":219,"column":11},"end":{"line":225,"column":5}},{"start":{},"end":{}}],"line":219},"13":{"loc":{"start":{"line":220,"column":6},"end":{"line":224,"column":7}},"type":"if","locations":[{"start":{"line":220,"column":6},"end":{"line":224,"column":7}},{"start":{"line":222,"column":13},"end":{"line":224,"column":7}}],"line":220},"14":{"loc":{"start":{"line":255,"column":9},"end":{"line":286,"column":9}},"type":"binary-expr","locations":[{"start":{"line":255,"column":9},"end":{"line":255,"column":23}},{"start":{"line":256,"column":10},"end":{"line":285,"column":16}}],"line":255},"15":{"loc":{"start":{"line":302,"column":13},"end":{"line":339,"column":13}},"type":"binary-expr","locations":[{"start":{"line":302,"column":13},"end":{"line":302,"column":37}},{"start":{"line":303,"column":14},"end":{"line":338,"column":20}}],"line":302},"16":{"loc":{"start":{"line":317,"column":22},"end":{"line":321,"column":27}},"type":"cond-expr","locations":[{"start":{"line":318,"column":26},"end":{"line":318,"column":64}},{"start":{"line":319,"column":26},"end":{"line":321,"column":27}}],"line":317},"17":{"loc":{"start":{"line":328,"column":17},"end":{"line":337,"column":17}},"type":"binary-expr","locations":[{"start":{"line":328,"column":17},"end":{"line":328,"column":34}},{"start":{"line":329,"column":18},"end":{"line":336,"column":29}}],"line":328},"18":{"loc":{"start":{"line":347,"column":11},"end":{"line":361,"column":14}},"type":"binary-expr","locations":[{"start":{"line":347,"column":11},"end":{"line":347,"column":35}},{"start":{"line":348,"column":12},"end":{"line":361,"column":14}}],"line":347}},"s":{"0":1,"1":1,"2":1,"3":1,"4":1,"5":0,"6":1,"7":19,"8":19,"9":19,"10":19,"11":19,"12":15,"13":15,"14":19,"15":34,"16":19,"17":19,"18":15,"19":0,"20":19,"21":0,"22":0,"23":19,"24":19,"25":1,"26":19,"27":0,"28":0,"29":19,"30":15,"31":0,"32":0,"33":15,"34":15,"35":19,"36":19,"37":2,"38":2,"39":1,"40":2,"41":19,"42":19,"43":19,"44":1,"45":1,"46":1,"47":19,"48":1,"49":1,"50":19,"51":0,"52":0,"53":19,"54":19,"55":19,"56":19,"57":0,"58":0,"59":0,"60":19,"61":0,"62":0,"63":0,"64":19,"65":19,"66":0,"67":0,"68":19,"69":15,"70":15,"71":15,"72":19,"73":2,"74":19,"75":0,"76":0,"77":0,"78":0,"79":0,"80":19,"81":1,"82":1,"83":19,"84":19,"85":19,"86":0,"87":0,"88":0,"89":0,"90":0,"91":0,"92":0,"93":0,"94":19,"95":0,"96":0,"97":0,"98":0,"99":76,"100":1,"101":0,"102":76,"103":1,"104":0,"105":0,"106":76,"107":1,"108":0,"109":1,"110":0,"111":76,"112":1,"113":0},"f":{"0":0,"1":19,"2":15,"3":34,"4":15,"5":0,"6":0,"7":1,"8":0,"9":0,"10":15,"11":0,"12":0,"13":15,"14":2,"15":1,"16":1,"17":0,"18":0,"19":0,"20":0,"21":0,"22":15,"23":15,"24":2,"25":0,"26":1,"27":0,"28":0,"29":0,"30":0,"31":0,"32":76,"33":1,"34":0,"35":76,"36":1,"37":0,"38":0,"39":76,"40":1,"41":0,"42":1,"43":0,"44":76,"45":1,"46":0},"b":{"0":[0,15],"1":[0,0],"2":[0,0],"3":[0,0],"4":[1,1],"5":[1,0],"6":[0,0],"7":[0,0],"8":[0,0],"9":[1,0],"10":[0,0],"11":[0,0],"12":[0,0],"13":[0,0],"14":[19,1],"15":[19,19],"16":[18,1],"17":[19,1],"18":[19,19]},"_coverageSchema":"1a1c01bbd47fc00a2c39e90264f33305004495a9","hash":"83d87ee6a1cf1f01bedefe87b98797220b10ac93"}
,"F:\\final_project\\p2p_frontend\\WBD_33_final\\frontend\\src\\pages\\Login.jsx": {"path":"F:\\final_project\\p2p_frontend\\WBD_33_final\\frontend\\src\\pages\\Login.jsx","statementMap":{"0":{"start":{"line":13,"column":19},"end":{"line":13,"column":42}},"1":{"start":{"line":14,"column":14},"end":{"line":142,"column":1}},"2":{"start":{"line":15,"column":26},"end":{"line":18,"column":4}},"3":{"start":{"line":20,"column":42},"end":{"line":20,"column":57}},"4":{"start":{"line":22,"column":23},"end":{"line":28,"column":3}},"5":{"start":{"line":23,"column":28},"end":{"line":23,"column":36}},"6":{"start":{"line":24,"column":4},"end":{"line":27,"column":8}},"7":{"start":{"line":24,"column":27},"end":{"line":27,"column":5}},"8":{"start":{"line":30,"column":19},"end":{"line":30,"column":32}},"9":{"start":{"line":31,"column":31},"end":{"line":33,"column":3}},"10":{"start":{"line":32,"column":4},"end":{"line":32,"column":35}},"11":{"start":{"line":35,"column":23},"end":{"line":69,"column":3}},"12":{"start":{"line":36,"column":4},"end":{"line":36,"column":23}},"13":{"start":{"line":38,"column":4},"end":{"line":68,"column":5}},"14":{"start":{"line":39,"column":23},"end":{"line":49,"column":8}},"15":{"start":{"line":51,"column":6},"end":{"line":54,"column":7}},"16":{"start":{"line":52,"column":26},"end":{"line":52,"column":47}},"17":{"start":{"line":53,"column":8},"end":{"line":53,"column":66}},"18":{"start":{"line":56,"column":19},"end":{"line":56,"column":40}},"19":{"start":{"line":57,"column":6},"end":{"line":57,"column":54}},"20":{"start":{"line":59,"column":6},"end":{"line":59,"column":41}},"21":{"start":{"line":63,"column":6},"end":{"line":65,"column":7}},"22":{"start":{"line":64,"column":7},"end":{"line":64,"column":30}},"23":{"start":{"line":67,"column":6},"end":{"line":67,"column":83}},"24":{"start":{"line":71,"column":2},"end":{"line":141,"column":4}}},"fnMap":{"0":{"name":"(anonymous_0)","decl":{"start":{"line":14,"column":14},"end":{"line":14,"column":15}},"loc":{"start":{"line":14,"column":20},"end":{"line":142,"column":1}},"line":14},"1":{"name":"(anonymous_1)","decl":{"start":{"line":22,"column":23},"end":{"line":22,"column":24}},"loc":{"start":{"line":22,"column":30},"end":{"line":28,"column":3}},"line":22},"2":{"name":"(anonymous_2)","decl":{"start":{"line":24,"column":12},"end":{"line":24,"column":13}},"loc":{"start":{"line":24,"column":27},"end":{"line":27,"column":5}},"line":24},"3":{"name":"(anonymous_3)","decl":{"start":{"line":31,"column":31},"end":{"line":31,"column":32}},"loc":{"start":{"line":31,"column":37},"end":{"line":33,"column":3}},"line":31},"4":{"name":"(anonymous_4)","decl":{"start":{"line":35,"column":23},"end":{"line":35,"column":24}},"loc":{"start":{"line":35,"column":36},"end":{"line":69,"column":3}},"line":35}},"branchMap":{"0":{"loc":{"start":{"line":51,"column":6},"end":{"line":54,"column":7}},"type":"if","locations":[{"start":{"line":51,"column":6},"end":{"line":54,"column":7}},{"start":{},"end":{}}],"line":51},"1":{"loc":{"start":{"line":53,"column":24},"end":{"line":53,"column":64}},"type":"binary-expr","locations":[{"start":{"line":53,"column":24},"end":{"line":53,"column":46}},{"start":{"line":53,"column":50},"end":{"line":53,"column":64}}],"line":53},"2":{"loc":{"start":{"line":63,"column":6},"end":{"line":65,"column":7}},"type":"if","locations":[{"start":{"line":63,"column":6},"end":{"line":65,"column":7}},{"start":{},"end":{}}],"line":63},"3":{"loc":{"start":{"line":67,"column":18},"end":{"line":67,"column":81}},"type":"binary-expr","locations":[{"start":{"line":67,"column":18},"end":{"line":67,"column":31}},{"start":{"line":67,"column":35},"end":{"line":67,"column":81}}],"line":67},"4":{"loc":{"start":{"line":98,"column":17},"end":{"line":98,"column":51}},"type":"cond-expr","locations":[{"start":{"line":98,"column":32},"end":{"line":98,"column":38}},{"start":{"line":98,"column":41},"end":{"line":98,"column":51}}],"line":98}},"s":{"0":1,"1":1,"2":14,"3":14,"4":14,"5":6,"6":6,"7":6,"8":14,"9":14,"10":2,"11":14,"12":2,"13":2,"14":2,"15":1,"16":1,"17":1,"18":0,"19":0,"20":0,"21":0,"22":0,"23":2,"24":14},"f":{"0":14,"1":6,"2":6,"3":2,"4":2},"b":{"0":[1,0],"1":[1,0],"2":[0,0],"3":[2,0],"4":[1,13]},"_coverageSchema":"1a1c01bbd47fc00a2c39e90264f33305004495a9","hash":"480e63bb46d68765d6c9f41c36da12193c9168ab"}
,"F:\\final_project\\p2p_frontend\\WBD_33_final\\frontend\\src\\pages\\PaymentPage.jsx": {"path":"F:\\final_project\\p2p_frontend\\WBD_33_final\\frontend\\src\\pages\\PaymentPage.jsx","statementMap":{"0":{"start":{"line":10,"column":20},"end":{"line":55,"column":1}},"1":{"start":{"line":12,"column":48},"end":{"line":12,"column":64}},"2":{"start":{"line":13,"column":43},"end":{"line":13,"column":59}},"3":{"start":{"line":15,"column":30},"end":{"line":18,"column":5}},"4":{"start":{"line":16,"column":8},"end":{"line":16,"column":35}},"5":{"start":{"line":17,"column":8},"end":{"line":17,"column":38}},"6":{"start":{"line":20,"column":31},"end":{"line":23,"column":5}},"7":{"start":{"line":21,"column":8},"end":{"line":21,"column":57}},"8":{"start":{"line":22,"column":8},"end":{"line":22,"column":46}},"9":{"start":{"line":25,"column":27},"end":{"line":41,"column":5}},"10":{"start":{"line":42,"column":2},"end":{"line":54,"column":3}}},"fnMap":{"0":{"name":"(anonymous_0)","decl":{"start":{"line":10,"column":20},"end":{"line":10,"column":21}},"loc":{"start":{"line":10,"column":26},"end":{"line":55,"column":1}},"line":10},"1":{"name":"(anonymous_1)","decl":{"start":{"line":15,"column":30},"end":{"line":15,"column":31}},"loc":{"start":{"line":15,"column":46},"end":{"line":18,"column":5}},"line":15},"2":{"name":"(anonymous_2)","decl":{"start":{"line":20,"column":31},"end":{"line":20,"column":32}},"loc":{"start":{"line":20,"column":42},"end":{"line":23,"column":5}},"line":20}},"branchMap":{},"s":{"0":1,"1":1,"2":1,"3":1,"4":0,"5":0,"6":1,"7":0,"8":0,"9":1,"10":1},"f":{"0":1,"1":0,"2":0},"b":{},"_coverageSchema":"1a1c01bbd47fc00a2c39e90264f33305004495a9","hash":"5e332bd494a3f08e04ba5a342d8e86dfcea50c55"}
,"F:\\final_project\\p2p_frontend\\WBD_33_final\\frontend\\src\\pages\\Register.jsx": {"path":"F:\\final_project\\p2p_frontend\\WBD_33_final\\frontend\\src\\pages\\Register.jsx","statementMap":{"0":{"start":{"line":11,"column":19},"end":{"line":11,"column":42}},"1":{"start":{"line":12,"column":17},"end":{"line":169,"column":1}},"2":{"start":{"line":13,"column":19},"end":{"line":13,"column":32}},"3":{"start":{"line":14,"column":34},"end":{"line":20,"column":4}},"4":{"start":{"line":22,"column":42},"end":{"line":22,"column":54}},"5":{"start":{"line":24,"column":23},"end":{"line":30,"column":3}},"6":{"start":{"line":25,"column":28},"end":{"line":25,"column":36}},"7":{"start":{"line":26,"column":4},"end":{"line":29,"column":7}},"8":{"start":{"line":33,"column":24},"end":{"line":37,"column":3}},"9":{"start":{"line":35,"column":20},"end":{"line":35,"column":79}},"10":{"start":{"line":36,"column":4},"end":{"line":36,"column":31}},"11":{"start":{"line":39,"column":25},"end":{"line":75,"column":3}},"12":{"start":{"line":40,"column":4},"end":{"line":40,"column":27}},"13":{"start":{"line":43,"column":4},"end":{"line":46,"column":5}},"14":{"start":{"line":44,"column":6},"end":{"line":44,"column":83}},"15":{"start":{"line":45,"column":6},"end":{"line":45,"column":13}},"16":{"start":{"line":49,"column":4},"end":{"line":52,"column":5}},"17":{"start":{"line":50,"column":6},"end":{"line":50,"column":49}},"18":{"start":{"line":51,"column":6},"end":{"line":51,"column":13}},"19":{"start":{"line":54,"column":21},"end":{"line":66,"column":6}},"20":{"start":{"line":68,"column":4},"end":{"line":74,"column":5}},"21":{"start":{"line":69,"column":24},"end":{"line":69,"column":45}},"22":{"start":{"line":70,"column":6},"end":{"line":70,"column":70}},"23":{"start":{"line":72,"column":6},"end":{"line":72,"column":29}},"24":{"start":{"line":77,"column":2},"end":{"line":168,"column":4}}},"fnMap":{"0":{"name":"(anonymous_0)","decl":{"start":{"line":12,"column":17},"end":{"line":12,"column":18}},"loc":{"start":{"line":12,"column":23},"end":{"line":169,"column":1}},"line":12},"1":{"name":"(anonymous_1)","decl":{"start":{"line":24,"column":23},"end":{"line":24,"column":24}},"loc":{"start":{"line":24,"column":30},"end":{"line":30,"column":3}},"line":24},"2":{"name":"(anonymous_2)","decl":{"start":{"line":33,"column":24},"end":{"line":33,"column":25}},"loc":{"start":{"line":33,"column":35},"end":{"line":37,"column":3}},"line":33},"3":{"name":"(anonymous_3)","decl":{"start":{"line":39,"column":25},"end":{"line":39,"column":26}},"loc":{"start":{"line":39,"column":42},"end":{"line":75,"column":3}},"line":39}},"branchMap":{"0":{"loc":{"start":{"line":43,"column":4},"end":{"line":46,"column":5}},"type":"if","locations":[{"start":{"line":43,"column":4},"end":{"line":46,"column":5}},{"start":{},"end":{}}],"line":43},"1":{"loc":{"start":{"line":49,"column":4},"end":{"line":52,"column":5}},"type":"if","locations":[{"start":{"line":49,"column":4},"end":{"line":52,"column":5}},{"start":{},"end":{}}],"line":49},"2":{"loc":{"start":{"line":68,"column":4},"end":{"line":74,"column":5}},"type":"if","locations":[{"start":{"line":68,"column":4},"end":{"line":74,"column":5}},{"start":{"line":71,"column":11},"end":{"line":74,"column":5}}],"line":68},"3":{"loc":{"start":{"line":70,"column":22},"end":{"line":70,"column":68}},"type":"binary-expr","locations":[{"start":{"line":70,"column":22},"end":{"line":70,"column":44}},{"start":{"line":70,"column":48},"end":{"line":70,"column":68}}],"line":70},"4":{"loc":{"start":{"line":84,"column":11},"end":{"line":84,"column":84}},"type":"binary-expr","locations":[{"start":{"line":84,"column":11},"end":{"line":84,"column":23}},{"start":{"line":84,"column":27},"end":{"line":84,"column":84}}],"line":84}},"s":{"0":1,"1":1,"2":22,"3":22,"4":22,"5":22,"6":15,"7":15,"8":22,"9":3,"10":3,"11":22,"12":3,"13":3,"14":1,"15":1,"16":2,"17":1,"18":1,"19":1,"20":1,"21":0,"22":0,"23":1,"24":22},"f":{"0":22,"1":15,"2":3,"3":3},"b":{"0":[1,2],"1":[1,1],"2":[0,1],"3":[0,0],"4":[22,2]},"_coverageSchema":"1a1c01bbd47fc00a2c39e90264f33305004495a9","hash":"e005b46579fbd9dd31009c1c6a1fd9dee4d7709a"}
,"F:\\final_project\\p2p_frontend\\WBD_33_final\\frontend\\src\\redux\\slices\\homeGamesSlice.js": {"path":"F:\\final_project\\p2p_frontend\\WBD_33_final\\frontend\\src\\redux\\slices\\homeGamesSlice.js","statementMap":{"0":{"start":{"line":5,"column":19},"end":{"line":5,"column":42}},"1":{"start":{"line":6,"column":21},"end":{"line":14,"column":1}},"2":{"start":{"line":17,"column":30},"end":{"line":40,"column":1}},"3":{"start":{"line":20,"column":4},"end":{"line":38,"column":5}},"4":{"start":{"line":21,"column":23},"end":{"line":27,"column":8}},"5":{"start":{"line":29,"column":6},"end":{"line":31,"column":7}},"6":{"start":{"line":30,"column":8},"end":{"line":30,"column":54}},"7":{"start":{"line":33,"column":19},"end":{"line":33,"column":40}},"8":{"start":{"line":34,"column":6},"end":{"line":34,"column":24}},"9":{"start":{"line":35,"column":6},"end":{"line":35,"column":18}},"10":{"start":{"line":37,"column":6},"end":{"line":37,"column":75}},"11":{"start":{"line":43,"column":23},"end":{"line":67,"column":2}},"12":{"start":{"line":48,"column":4},"end":{"line":65,"column":9}},"13":{"start":{"line":51,"column":8},"end":{"line":51,"column":33}},"14":{"start":{"line":52,"column":8},"end":{"line":52,"column":27}},"15":{"start":{"line":55,"column":8},"end":{"line":55,"column":35}},"16":{"start":{"line":56,"column":8},"end":{"line":56,"column":68}},"17":{"start":{"line":57,"column":8},"end":{"line":57,"column":66}},"18":{"start":{"line":58,"column":8},"end":{"line":58,"column":68}},"19":{"start":{"line":59,"column":8},"end":{"line":59,"column":64}},"20":{"start":{"line":60,"column":8},"end":{"line":60,"column":56}},"21":{"start":{"line":63,"column":8},"end":{"line":63,"column":32}},"22":{"start":{"line":64,"column":8},"end":{"line":64,"column":37}}},"fnMap":{"0":{"name":"(anonymous_0)","decl":{"start":{"line":19,"column":2},"end":{"line":19,"column":3}},"loc":{"start":{"line":19,"column":36},"end":{"line":39,"column":3}},"line":19},"1":{"name":"(anonymous_1)","decl":{"start":{"line":47,"column":17},"end":{"line":47,"column":18}},"loc":{"start":{"line":47,"column":30},"end":{"line":66,"column":3}},"line":47},"2":{"name":"(anonymous_2)","decl":{"start":{"line":50,"column":39},"end":{"line":50,"column":40}},"loc":{"start":{"line":50,"column":50},"end":{"line":53,"column":7}},"line":50},"3":{"name":"(anonymous_3)","decl":{"start":{"line":54,"column":41},"end":{"line":54,"column":42}},"loc":{"start":{"line":54,"column":60},"end":{"line":61,"column":7}},"line":54},"4":{"name":"(anonymous_4)","decl":{"start":{"line":62,"column":40},"end":{"line":62,"column":41}},"loc":{"start":{"line":62,"column":59},"end":{"line":65,"column":7}},"line":62}},"branchMap":{"0":{"loc":{"start":{"line":29,"column":6},"end":{"line":31,"column":7}},"type":"if","locations":[{"start":{"line":29,"column":6},"end":{"line":31,"column":7}},{"start":{},"end":{}}],"line":29},"1":{"loc":{"start":{"line":37,"column":29},"end":{"line":37,"column":73}},"type":"binary-expr","locations":[{"start":{"line":37,"column":29},"end":{"line":37,"column":42}},{"start":{"line":37,"column":46},"end":{"line":37,"column":73}}],"line":37},"2":{"loc":{"start":{"line":56,"column":31},"end":{"line":56,"column":67}},"type":"binary-expr","locations":[{"start":{"line":56,"column":31},"end":{"line":56,"column":61}},{"start":{"line":56,"column":65},"end":{"line":56,"column":67}}],"line":56},"3":{"loc":{"start":{"line":57,"column":30},"end":{"line":57,"column":65}},"type":"binary-expr","locations":[{"start":{"line":57,"column":30},"end":{"line":57,"column":59}},{"start":{"line":57,"column":63},"end":{"line":57,"column":65}}],"line":57},"4":{"loc":{"start":{"line":58,"column":31},"end":{"line":58,"column":67}},"type":"binary-expr","locations":[{"start":{"line":58,"column":31},"end":{"line":58,"column":61}},{"start":{"line":58,"column":65},"end":{"line":58,"column":67}}],"line":58},"5":{"loc":{"start":{"line":59,"column":29},"end":{"line":59,"column":63}},"type":"binary-expr","locations":[{"start":{"line":59,"column":29},"end":{"line":59,"column":57}},{"start":{"line":59,"column":61},"end":{"line":59,"column":63}}],"line":59},"6":{"loc":{"start":{"line":60,"column":25},"end":{"line":60,"column":55}},"type":"binary-expr","locations":[{"start":{"line":60,"column":25},"end":{"line":60,"column":49}},{"start":{"line":60,"column":53},"end":{"line":60,"column":55}}],"line":60}},"s":{"0":1,"1":1,"2":1,"3":0,"4":0,"5":0,"6":0,"7":0,"8":0,"9":0,"10":0,"11":1,"12":0,"13":0,"14":0,"15":0,"16":0,"17":0,"18":0,"19":0,"20":0,"21":0,"22":0},"f":{"0":0,"1":0,"2":0,"3":0,"4":0},"b":{"0":[0,0],"1":[0,0],"2":[0,0],"3":[0,0],"4":[0,0],"5":[0,0],"6":[0,0]},"_coverageSchema":"1a1c01bbd47fc00a2c39e90264f33305004495a9","hash":"853c6786ceec9f8d380a12687ec09b8c4369f0a0"}
}
