{"C:\\Users\\yaswa\\.vscode\\yaswanth\\web\\updated\\frontend\\src\\pages\\Footer.jsx": {"path":"C:\\Users\\yaswa\\.vscode\\yaswanth\\web\\updated\\frontend\\src\\pages\\Footer.jsx","statementMap":{"0":{"start":{"line":6,"column":15},"end":{"line":61,"column":1}},"1":{"start":{"line":7,"column":2},"end":{"line":60,"column":4}}},"fnMap":{"0":{"name":"(anonymous_0)","decl":{"start":{"line":6,"column":15},"end":{"line":6,"column":16}},"loc":{"start":{"line":6,"column":21},"end":{"line":61,"column":1}},"line":6}},"branchMap":{},"s":{"0":1,"1":27},"f":{"0":27},"b":{},"_coverageSchema":"1a1c01bbd47fc00a2c39e90264f33305004495a9","hash":"a4ef630b88cf9288e9c3ec0fc7ce88a2a3f593e5"}
,"C:\\Users\\yaswa\\.vscode\\yaswanth\\web\\updated\\frontend\\src\\pages\\Header.jsx": {"path":"C:\\Users\\yaswa\\.vscode\\yaswanth\\web\\updated\\frontend\\src\\pages\\Header.jsx","statementMap":{"0":{"start":{"line":6,"column":15},"end":{"line":49,"column":1}},"1":{"start":{"line":10,"column":18},"end":{"line":10,"column":40}},"2":{"start":{"line":11,"column":18},"end":{"line":11,"column":43}},"3":{"start":{"line":12,"column":4},"end":{"line":12,"column":66}},"4":{"start":{"line":12,"column":28},"end":{"line":12,"column":66}},"5":{"start":{"line":13,"column":4},"end":{"line":13,"column":16}},"6":{"start":{"line":16,"column":22},"end":{"line":16,"column":43}},"7":{"start":{"line":18,"column":2},"end":{"line":48,"column":3}}},"fnMap":{"0":{"name":"(anonymous_0)","decl":{"start":{"line":6,"column":15},"end":{"line":6,"column":16}},"loc":{"start":{"line":6,"column":21},"end":{"line":49,"column":1}},"line":6},"1":{"name":"getCookie","decl":{"start":{"line":9,"column":11},"end":{"line":9,"column":20}},"loc":{"start":{"line":9,"column":27},"end":{"line":14,"column":3}},"line":9}},"branchMap":{"0":{"loc":{"start":{"line":12,"column":4},"end":{"line":12,"column":66}},"type":"if","locations":[{"start":{"line":12,"column":4},"end":{"line":12,"column":66}},{"start":{},"end":{}}],"line":12},"1":{"loc":{"start":{"line":31,"column":7},"end":{"line":44,"column":7}},"type":"cond-expr","locations":[{"start":{"line":32,"column":8},"end":{"line":34,"column":13}},{"start":{"line":36,"column":8},"end":{"line":43,"column":11}}],"line":31}},"s":{"0":1,"1":27,"2":27,"3":27,"4":0,"5":27,"6":27,"7":27},"f":{"0":27,"1":27},"b":{"0":[0,27],"1":[0,27]},"_coverageSchema":"1a1c01bbd47fc00a2c39e90264f33305004495a9","hash":"fce0f516f3686987ae5d68d77229096cffc14f9b"}
,"C:\\Users\\yaswa\\.vscode\\yaswanth\\web\\updated\\frontend\\src\\pages\\HomePage.jsx": {"path":"C:\\Users\\yaswa\\.vscode\\yaswanth\\web\\updated\\frontend\\src\\pages\\HomePage.jsx","statementMap":{"0":{"start":{"line":21,"column":12},"end":{"line":21,"column":48}},"1":{"start":{"line":22,"column":15},"end":{"line":22,"column":30}},"2":{"start":{"line":23,"column":0},"end":{"line":23,"column":33}},"3":{"start":{"line":26,"column":22},"end":{"line":33,"column":1}},"4":{"start":{"line":35,"column":26},"end":{"line":45,"column":1}},"5":{"start":{"line":37,"column":23},"end":{"line":44,"column":3}},"6":{"start":{"line":46,"column":17},"end":{"line":626,"column":1}},"7":{"start":{"line":47,"column":42},"end":{"line":47,"column":53}},"8":{"start":{"line":49,"column":34},"end":{"line":49,"column":46}},"9":{"start":{"line":50,"column":19},"end":{"line":50,"column":32}},"10":{"start":{"line":51,"column":19},"end":{"line":51,"column":32}},"11":{"start":{"line":53,"column":2},"end":{"line":60,"column":9}},"12":{"start":{"line":54,"column":4},"end":{"line":58,"column":7}},"13":{"start":{"line":59,"column":4},"end":{"line":59,"column":18}},"14":{"start":{"line":71,"column":6},"end":{"line":71,"column":45}},"15":{"start":{"line":71,"column":29},"end":{"line":71,"column":44}},"16":{"start":{"line":73,"column":2},"end":{"line":73,"column":45}},"17":{"start":{"line":75,"column":2},"end":{"line":79,"column":25}},"18":{"start":{"line":76,"column":4},"end":{"line":78,"column":5}},"19":{"start":{"line":77,"column":6},"end":{"line":77,"column":33}},"20":{"start":{"line":81,"column":26},"end":{"line":85,"column":3}},"21":{"start":{"line":82,"column":4},"end":{"line":84,"column":6}},"22":{"start":{"line":83,"column":6},"end":{"line":83,"column":64}},"23":{"start":{"line":86,"column":40},"end":{"line":86,"column":51}},"24":{"start":{"line":87,"column":21},"end":{"line":89,"column":3}},"25":{"start":{"line":88,"column":4},"end":{"line":88,"column":26}},"26":{"start":{"line":91,"column":26},"end":{"line":95,"column":3}},"27":{"start":{"line":92,"column":4},"end":{"line":94,"column":6}},"28":{"start":{"line":93,"column":6},"end":{"line":93,"column":64}},"29":{"start":{"line":97,"column":2},"end":{"line":104,"column":29}},"30":{"start":{"line":98,"column":23},"end":{"line":102,"column":12}},"31":{"start":{"line":99,"column":6},"end":{"line":101,"column":8}},"32":{"start":{"line":100,"column":8},"end":{"line":100,"column":66}},"33":{"start":{"line":103,"column":4},"end":{"line":103,"column":43}},"34":{"start":{"line":103,"column":17},"end":{"line":103,"column":42}},"35":{"start":{"line":106,"column":30},"end":{"line":106,"column":42}},"36":{"start":{"line":108,"column":23},"end":{"line":114,"column":3}},"37":{"start":{"line":109,"column":4},"end":{"line":109,"column":27}},"38":{"start":{"line":110,"column":4},"end":{"line":112,"column":5}},"39":{"start":{"line":111,"column":6},"end":{"line":111,"column":40}},"40":{"start":{"line":113,"column":4},"end":{"line":113,"column":18}},"41":{"start":{"line":117,"column":46},"end":{"line":117,"column":61}},"42":{"start":{"line":118,"column":32},"end":{"line":118,"column":47}},"43":{"start":{"line":120,"column":27},"end":{"line":125,"column":3}},"44":{"start":{"line":121,"column":4},"end":{"line":121,"column":28}},"45":{"start":{"line":122,"column":4},"end":{"line":124,"column":5}},"46":{"start":{"line":123,"column":6},"end":{"line":123,"column":27}},"47":{"start":{"line":127,"column":29},"end":{"line":130,"column":3}},"48":{"start":{"line":128,"column":4},"end":{"line":128,"column":21}},"49":{"start":{"line":129,"column":4},"end":{"line":129,"column":28}},"50":{"start":{"line":132,"column":27},"end":{"line":135,"column":3}},"51":{"start":{"line":133,"column":4},"end":{"line":133,"column":29}},"52":{"start":{"line":134,"column":4},"end":{"line":134,"column":22}},"53":{"start":{"line":137,"column":42},"end":{"line":137,"column":53}},"54":{"start":{"line":138,"column":34},"end":{"line":138,"column":45}},"55":{"start":{"line":139,"column":23},"end":{"line":139,"column":24}},"56":{"start":{"line":141,"column":23},"end":{"line":147,"column":3}},"57":{"start":{"line":142,"column":4},"end":{"line":146,"column":5}},"58":{"start":{"line":143,"column":6},"end":{"line":143,"column":51}},"59":{"start":{"line":145,"column":6},"end":{"line":145,"column":25}},"60":{"start":{"line":149,"column":23},"end":{"line":155,"column":3}},"61":{"start":{"line":150,"column":4},"end":{"line":154,"column":5}},"62":{"start":{"line":151,"column":6},"end":{"line":151,"column":43}},"63":{"start":{"line":153,"column":6},"end":{"line":153,"column":21}},"64":{"start":{"line":157,"column":46},"end":{"line":157,"column":57}},"65":{"start":{"line":159,"column":26},"end":{"line":161,"column":3}},"66":{"start":{"line":160,"column":4},"end":{"line":160,"column":78}},"67":{"start":{"line":160,"column":37},"end":{"line":160,"column":76}},"68":{"start":{"line":163,"column":2},"end":{"line":166,"column":46}},"69":{"start":{"line":164,"column":21},"end":{"line":164,"column":54}},"70":{"start":{"line":165,"column":4},"end":{"line":165,"column":40}},"71":{"start":{"line":165,"column":17},"end":{"line":165,"column":39}},"72":{"start":{"line":168,"column":24},"end":{"line":170,"column":3}},"73":{"start":{"line":169,"column":4},"end":{"line":169,"column":35}},"74":{"start":{"line":172,"column":30},"end":{"line":183,"column":3}},"75":{"start":{"line":173,"column":29},"end":{"line":173,"column":58}},"76":{"start":{"line":174,"column":4},"end":{"line":174,"column":34}},"77":{"start":{"line":177,"column":4},"end":{"line":179,"column":5}},"78":{"start":{"line":178,"column":6},"end":{"line":178,"column":70}},"79":{"start":{"line":182,"column":4},"end":{"line":182,"column":20}},"80":{"start":{"line":185,"column":30},"end":{"line":189,"column":3}},"81":{"start":{"line":186,"column":4},"end":{"line":188,"column":5}},"82":{"start":{"line":187,"column":6},"end":{"line":187,"column":70}},"83":{"start":{"line":191,"column":25},"end":{"line":208,"column":3}},"84":{"start":{"line":210,"column":44},"end":{"line":210,"column":55}},"85":{"start":{"line":212,"column":23},"end":{"line":226,"column":3}},"86":{"start":{"line":213,"column":4},"end":{"line":225,"column":5}},"87":{"start":{"line":214,"column":6},"end":{"line":218,"column":7}},"88":{"start":{"line":215,"column":8},"end":{"line":215,"column":55}},"89":{"start":{"line":217,"column":8},"end":{"line":217,"column":28}},"90":{"start":{"line":219,"column":11},"end":{"line":225,"column":5}},"91":{"start":{"line":220,"column":6},"end":{"line":224,"column":7}},"92":{"start":{"line":221,"column":8},"end":{"line":221,"column":55}},"93":{"start":{"line":223,"column":8},"end":{"line":223,"column":63}},"94":{"start":{"line":228,"column":2},"end":{"line":625,"column":4}},"95":{"start":{"line":258,"column":32},"end":{"line":258,"column":51}},"96":{"start":{"line":259,"column":31},"end":{"line":259,"column":50}},"97":{"start":{"line":306,"column":18},"end":{"line":306,"column":70}},"98":{"start":{"line":346,"column":25},"end":{"line":346,"column":77}},"99":{"start":{"line":350,"column":14},"end":{"line":361,"column":16}},"100":{"start":{"line":358,"column":35},"end":{"line":358,"column":56}},"101":{"start":{"line":470,"column":27},"end":{"line":470,"column":41}},"102":{"start":{"line":478,"column":10},"end":{"line":490,"column":16}},"103":{"start":{"line":487,"column":29},"end":{"line":487,"column":59}},"104":{"start":{"line":496,"column":27},"end":{"line":496,"column":41}},"105":{"start":{"line":514,"column":27},"end":{"line":514,"column":41}},"106":{"start":{"line":524,"column":12},"end":{"line":535,"column":18}},"107":{"start":{"line":532,"column":31},"end":{"line":532,"column":61}},"108":{"start":{"line":541,"column":27},"end":{"line":541,"column":41}},"109":{"start":{"line":559,"column":29},"end":{"line":559,"column":54}},"110":{"start":{"line":583,"column":27},"end":{"line":583,"column":47}},"111":{"start":{"line":593,"column":12},"end":{"line":606,"column":18}},"112":{"start":{"line":596,"column":29},"end":{"line":596,"column":60}},"113":{"start":{"line":612,"column":27},"end":{"line":612,"column":47}}},"fnMap":{"0":{"name":"(anonymous_0)","decl":{"start":{"line":37,"column":11},"end":{"line":37,"column":12}},"loc":{"start":{"line":37,"column":23},"end":{"line":44,"column":3}},"line":37},"1":{"name":"(anonymous_1)","decl":{"start":{"line":46,"column":17},"end":{"line":46,"column":18}},"loc":{"start":{"line":46,"column":23},"end":{"line":626,"column":1}},"line":46},"2":{"name":"(anonymous_2)","decl":{"start":{"line":53,"column":12},"end":{"line":53,"column":13}},"loc":{"start":{"line":53,"column":18},"end":{"line":60,"column":3}},"line":53},"3":{"name":"(anonymous_3)","decl":{"start":{"line":71,"column":18},"end":{"line":71,"column":19}},"loc":{"start":{"line":71,"column":29},"end":{"line":71,"column":44}},"line":71},"4":{"name":"(anonymous_4)","decl":{"start":{"line":75,"column":12},"end":{"line":75,"column":13}},"loc":{"start":{"line":75,"column":18},"end":{"line":79,"column":3}},"line":75},"5":{"name":"(anonymous_5)","decl":{"start":{"line":81,"column":26},"end":{"line":81,"column":27}},"loc":{"start":{"line":81,"column":32},"end":{"line":85,"column":3}},"line":81},"6":{"name":"(anonymous_6)","decl":{"start":{"line":82,"column":20},"end":{"line":82,"column":21}},"loc":{"start":{"line":83,"column":6},"end":{"line":83,"column":64}},"line":83},"7":{"name":"(anonymous_7)","decl":{"start":{"line":87,"column":21},"end":{"line":87,"column":22}},"loc":{"start":{"line":87,"column":32},"end":{"line":89,"column":3}},"line":87},"8":{"name":"(anonymous_8)","decl":{"start":{"line":91,"column":26},"end":{"line":91,"column":27}},"loc":{"start":{"line":91,"column":32},"end":{"line":95,"column":3}},"line":91},"9":{"name":"(anonymous_9)","decl":{"start":{"line":92,"column":20},"end":{"line":92,"column":21}},"loc":{"start":{"line":93,"column":6},"end":{"line":93,"column":64}},"line":93},"10":{"name":"(anonymous_10)","decl":{"start":{"line":97,"column":12},"end":{"line":97,"column":13}},"loc":{"start":{"line":97,"column":18},"end":{"line":104,"column":3}},"line":97},"11":{"name":"(anonymous_11)","decl":{"start":{"line":98,"column":35},"end":{"line":98,"column":36}},"loc":{"start":{"line":98,"column":41},"end":{"line":102,"column":5}},"line":98},"12":{"name":"(anonymous_12)","decl":{"start":{"line":99,"column":22},"end":{"line":99,"column":23}},"loc":{"start":{"line":100,"column":8},"end":{"line":100,"column":66}},"line":100},"13":{"name":"(anonymous_13)","decl":{"start":{"line":103,"column":11},"end":{"line":103,"column":12}},"loc":{"start":{"line":103,"column":17},"end":{"line":103,"column":42}},"line":103},"14":{"name":"(anonymous_14)","decl":{"start":{"line":108,"column":23},"end":{"line":108,"column":24}},"loc":{"start":{"line":108,"column":34},"end":{"line":114,"column":3}},"line":108},"15":{"name":"(anonymous_15)","decl":{"start":{"line":120,"column":27},"end":{"line":120,"column":28}},"loc":{"start":{"line":120,"column":33},"end":{"line":125,"column":3}},"line":120},"16":{"name":"(anonymous_16)","decl":{"start":{"line":127,"column":29},"end":{"line":127,"column":30}},"loc":{"start":{"line":127,"column":35},"end":{"line":130,"column":3}},"line":127},"17":{"name":"(anonymous_17)","decl":{"start":{"line":132,"column":27},"end":{"line":132,"column":28}},"loc":{"start":{"line":132,"column":33},"end":{"line":135,"column":3}},"line":132},"18":{"name":"(anonymous_18)","decl":{"start":{"line":141,"column":23},"end":{"line":141,"column":24}},"loc":{"start":{"line":141,"column":29},"end":{"line":147,"column":3}},"line":141},"19":{"name":"(anonymous_19)","decl":{"start":{"line":149,"column":23},"end":{"line":149,"column":24}},"loc":{"start":{"line":149,"column":29},"end":{"line":155,"column":3}},"line":149},"20":{"name":"(anonymous_20)","decl":{"start":{"line":159,"column":26},"end":{"line":159,"column":27}},"loc":{"start":{"line":159,"column":32},"end":{"line":161,"column":3}},"line":159},"21":{"name":"(anonymous_21)","decl":{"start":{"line":160,"column":22},"end":{"line":160,"column":23}},"loc":{"start":{"line":160,"column":37},"end":{"line":160,"column":76}},"line":160},"22":{"name":"(anonymous_22)","decl":{"start":{"line":163,"column":12},"end":{"line":163,"column":13}},"loc":{"start":{"line":163,"column":18},"end":{"line":166,"column":3}},"line":163},"23":{"name":"(anonymous_23)","decl":{"start":{"line":165,"column":11},"end":{"line":165,"column":12}},"loc":{"start":{"line":165,"column":17},"end":{"line":165,"column":39}},"line":165},"24":{"name":"(anonymous_24)","decl":{"start":{"line":168,"column":24},"end":{"line":168,"column":25}},"loc":{"start":{"line":168,"column":39},"end":{"line":170,"column":3}},"line":168},"25":{"name":"(anonymous_25)","decl":{"start":{"line":172,"column":30},"end":{"line":172,"column":31}},"loc":{"start":{"line":172,"column":41},"end":{"line":183,"column":3}},"line":172},"26":{"name":"(anonymous_26)","decl":{"start":{"line":185,"column":30},"end":{"line":185,"column":31}},"loc":{"start":{"line":185,"column":52},"end":{"line":189,"column":3}},"line":185},"27":{"name":"(anonymous_27)","decl":{"start":{"line":212,"column":23},"end":{"line":212,"column":24}},"loc":{"start":{"line":212,"column":38},"end":{"line":226,"column":3}},"line":212},"28":{"name":"(anonymous_28)","decl":{"start":{"line":258,"column":25},"end":{"line":258,"column":26}},"loc":{"start":{"line":258,"column":32},"end":{"line":258,"column":51}},"line":258},"29":{"name":"(anonymous_29)","decl":{"start":{"line":259,"column":24},"end":{"line":259,"column":25}},"loc":{"start":{"line":259,"column":31},"end":{"line":259,"column":50}},"line":259},"30":{"name":"(anonymous_30)","decl":{"start":{"line":305,"column":25},"end":{"line":305,"column":26}},"loc":{"start":{"line":306,"column":18},"end":{"line":306,"column":70}},"line":306},"31":{"name":"(anonymous_31)","decl":{"start":{"line":346,"column":19},"end":{"line":346,"column":20}},"loc":{"start":{"line":346,"column":25},"end":{"line":346,"column":77}},"line":346},"32":{"name":"(anonymous_32)","decl":{"start":{"line":349,"column":55},"end":{"line":349,"column":56}},"loc":{"start":{"line":350,"column":14},"end":{"line":361,"column":16}},"line":350},"33":{"name":"(anonymous_33)","decl":{"start":{"line":358,"column":29},"end":{"line":358,"column":30}},"loc":{"start":{"line":358,"column":35},"end":{"line":358,"column":56}},"line":358},"34":{"name":"(anonymous_34)","decl":{"start":{"line":470,"column":21},"end":{"line":470,"column":22}},"loc":{"start":{"line":470,"column":27},"end":{"line":470,"column":41}},"line":470},"35":{"name":"(anonymous_35)","decl":{"start":{"line":477,"column":64},"end":{"line":477,"column":65}},"loc":{"start":{"line":478,"column":10},"end":{"line":490,"column":16}},"line":478},"36":{"name":"(anonymous_36)","decl":{"start":{"line":487,"column":23},"end":{"line":487,"column":24}},"loc":{"start":{"line":487,"column":29},"end":{"line":487,"column":59}},"line":487},"37":{"name":"(anonymous_37)","decl":{"start":{"line":496,"column":21},"end":{"line":496,"column":22}},"loc":{"start":{"line":496,"column":27},"end":{"line":496,"column":41}},"line":496},"38":{"name":"(anonymous_38)","decl":{"start":{"line":514,"column":21},"end":{"line":514,"column":22}},"loc":{"start":{"line":514,"column":27},"end":{"line":514,"column":41}},"line":514},"39":{"name":"(anonymous_39)","decl":{"start":{"line":523,"column":15},"end":{"line":523,"column":16}},"loc":{"start":{"line":524,"column":12},"end":{"line":535,"column":18}},"line":524},"40":{"name":"(anonymous_40)","decl":{"start":{"line":532,"column":25},"end":{"line":532,"column":26}},"loc":{"start":{"line":532,"column":31},"end":{"line":532,"column":61}},"line":532},"41":{"name":"(anonymous_41)","decl":{"start":{"line":541,"column":21},"end":{"line":541,"column":22}},"loc":{"start":{"line":541,"column":27},"end":{"line":541,"column":41}},"line":541},"42":{"name":"(anonymous_42)","decl":{"start":{"line":559,"column":22},"end":{"line":559,"column":23}},"loc":{"start":{"line":559,"column":29},"end":{"line":559,"column":54}},"line":559},"43":{"name":"(anonymous_43)","decl":{"start":{"line":583,"column":21},"end":{"line":583,"column":22}},"loc":{"start":{"line":583,"column":27},"end":{"line":583,"column":47}},"line":583},"44":{"name":"(anonymous_44)","decl":{"start":{"line":592,"column":15},"end":{"line":592,"column":16}},"loc":{"start":{"line":593,"column":12},"end":{"line":606,"column":18}},"line":593},"45":{"name":"(anonymous_45)","decl":{"start":{"line":596,"column":23},"end":{"line":596,"column":24}},"loc":{"start":{"line":596,"column":29},"end":{"line":596,"column":60}},"line":596},"46":{"name":"(anonymous_46)","decl":{"start":{"line":612,"column":21},"end":{"line":612,"column":22}},"loc":{"start":{"line":612,"column":27},"end":{"line":612,"column":47}},"line":612}},"branchMap":{"0":{"loc":{"start":{"line":76,"column":4},"end":{"line":78,"column":5}},"type":"if","locations":[{"start":{"line":76,"column":4},"end":{"line":78,"column":5}},{"start":{},"end":{}}],"line":76},"1":{"loc":{"start":{"line":83,"column":6},"end":{"line":83,"column":64}},"type":"cond-expr","locations":[{"start":{"line":83,"column":24},"end":{"line":83,"column":48}},{"start":{"line":83,"column":51},"end":{"line":83,"column":64}}],"line":83},"2":{"loc":{"start":{"line":93,"column":6},"end":{"line":93,"column":64}},"type":"cond-expr","locations":[{"start":{"line":93,"column":47},"end":{"line":93,"column":48}},{"start":{"line":93,"column":51},"end":{"line":93,"column":64}}],"line":93},"3":{"loc":{"start":{"line":100,"column":8},"end":{"line":100,"column":66}},"type":"cond-expr","locations":[{"start":{"line":100,"column":49},"end":{"line":100,"column":50}},{"start":{"line":100,"column":53},"end":{"line":100,"column":66}}],"line":100},"4":{"loc":{"start":{"line":110,"column":4},"end":{"line":112,"column":5}},"type":"if","locations":[{"start":{"line":110,"column":4},"end":{"line":112,"column":5}},{"start":{},"end":{}}],"line":110},"5":{"loc":{"start":{"line":122,"column":4},"end":{"line":124,"column":5}},"type":"if","locations":[{"start":{"line":122,"column":4},"end":{"line":124,"column":5}},{"start":{},"end":{}}],"line":122},"6":{"loc":{"start":{"line":142,"column":4},"end":{"line":146,"column":5}},"type":"if","locations":[{"start":{"line":142,"column":4},"end":{"line":146,"column":5}},{"start":{"line":144,"column":11},"end":{"line":146,"column":5}}],"line":142},"7":{"loc":{"start":{"line":150,"column":4},"end":{"line":154,"column":5}},"type":"if","locations":[{"start":{"line":150,"column":4},"end":{"line":154,"column":5}},{"start":{"line":152,"column":11},"end":{"line":154,"column":5}}],"line":150},"8":{"loc":{"start":{"line":177,"column":4},"end":{"line":179,"column":5}},"type":"if","locations":[{"start":{"line":177,"column":4},"end":{"line":179,"column":5}},{"start":{},"end":{}}],"line":177},"9":{"loc":{"start":{"line":186,"column":4},"end":{"line":188,"column":5}},"type":"if","locations":[{"start":{"line":186,"column":4},"end":{"line":188,"column":5}},{"start":{},"end":{}}],"line":186},"10":{"loc":{"start":{"line":213,"column":4},"end":{"line":225,"column":5}},"type":"if","locations":[{"start":{"line":213,"column":4},"end":{"line":225,"column":5}},{"start":{"line":219,"column":11},"end":{"line":225,"column":5}}],"line":213},"11":{"loc":{"start":{"line":214,"column":6},"end":{"line":218,"column":7}},"type":"if","locations":[{"start":{"line":214,"column":6},"end":{"line":218,"column":7}},{"start":{"line":216,"column":13},"end":{"line":218,"column":7}}],"line":214},"12":{"loc":{"start":{"line":219,"column":11},"end":{"line":225,"column":5}},"type":"if","locations":[{"start":{"line":219,"column":11},"end":{"line":225,"column":5}},{"start":{},"end":{}}],"line":219},"13":{"loc":{"start":{"line":220,"column":6},"end":{"line":224,"column":7}},"type":"if","locations":[{"start":{"line":220,"column":6},"end":{"line":224,"column":7}},{"start":{"line":222,"column":13},"end":{"line":224,"column":7}}],"line":220},"14":{"loc":{"start":{"line":255,"column":9},"end":{"line":286,"column":9}},"type":"binary-expr","locations":[{"start":{"line":255,"column":9},"end":{"line":255,"column":23}},{"start":{"line":256,"column":10},"end":{"line":285,"column":16}}],"line":255},"15":{"loc":{"start":{"line":303,"column":13},"end":{"line":340,"column":13}},"type":"binary-expr","locations":[{"start":{"line":303,"column":13},"end":{"line":303,"column":37}},{"start":{"line":304,"column":14},"end":{"line":339,"column":20}}],"line":303},"16":{"loc":{"start":{"line":318,"column":22},"end":{"line":322,"column":27}},"type":"cond-expr","locations":[{"start":{"line":319,"column":26},"end":{"line":319,"column":64}},{"start":{"line":320,"column":26},"end":{"line":322,"column":27}}],"line":318},"17":{"loc":{"start":{"line":329,"column":17},"end":{"line":338,"column":17}},"type":"binary-expr","locations":[{"start":{"line":329,"column":17},"end":{"line":329,"column":34}},{"start":{"line":330,"column":18},"end":{"line":337,"column":29}}],"line":329},"18":{"loc":{"start":{"line":348,"column":11},"end":{"line":362,"column":14}},"type":"binary-expr","locations":[{"start":{"line":348,"column":11},"end":{"line":348,"column":35}},{"start":{"line":349,"column":12},"end":{"line":362,"column":14}}],"line":348}},"s":{"0":1,"1":1,"2":1,"3":1,"4":1,"5":0,"6":1,"7":28,"8":27,"9":27,"10":27,"11":27,"12":20,"13":20,"14":27,"15":47,"16":27,"17":27,"18":20,"19":1,"20":27,"21":0,"22":0,"23":27,"24":27,"25":1,"26":27,"27":2,"28":2,"29":27,"30":19,"31":0,"32":0,"33":19,"34":19,"35":27,"36":27,"37":2,"38":2,"39":1,"40":2,"41":27,"42":27,"43":27,"44":2,"45":2,"46":2,"47":27,"48":2,"49":2,"50":27,"51":0,"52":0,"53":27,"54":27,"55":27,"56":27,"57":0,"58":0,"59":0,"60":27,"61":0,"62":0,"63":0,"64":27,"65":27,"66":0,"67":0,"68":27,"69":19,"70":19,"71":19,"72":27,"73":2,"74":27,"75":1,"76":0,"77":0,"78":0,"79":0,"80":27,"81":1,"82":1,"83":27,"84":27,"85":27,"86":0,"87":0,"88":0,"89":0,"90":0,"91":0,"92":0,"93":0,"94":27,"95":0,"96":0,"97":0,"98":0,"99":104,"100":1,"101":0,"102":104,"103":1,"104":0,"105":0,"106":104,"107":1,"108":0,"109":1,"110":0,"111":108,"112":1,"113":0},"f":{"0":0,"1":28,"2":20,"3":47,"4":20,"5":0,"6":0,"7":1,"8":2,"9":2,"10":19,"11":0,"12":0,"13":19,"14":2,"15":2,"16":2,"17":0,"18":0,"19":0,"20":0,"21":0,"22":19,"23":19,"24":2,"25":1,"26":1,"27":0,"28":0,"29":0,"30":0,"31":0,"32":104,"33":1,"34":0,"35":104,"36":1,"37":0,"38":0,"39":104,"40":1,"41":0,"42":1,"43":0,"44":108,"45":1,"46":0},"b":{"0":[1,19],"1":[0,0],"2":[0,2],"3":[0,0],"4":[1,1],"5":[2,0],"6":[0,0],"7":[0,0],"8":[0,0],"9":[1,0],"10":[0,0],"11":[0,0],"12":[0,0],"13":[0,0],"14":[27,2],"15":[27,26],"16":[25,1],"17":[26,1],"18":[27,26]},"_coverageSchema":"1a1c01bbd47fc00a2c39e90264f33305004495a9","hash":"0cb9dc83b33c117f1eadb4a06f54bf65b13f3d64"}
,"C:\\Users\\yaswa\\.vscode\\yaswanth\\web\\updated\\frontend\\src\\redux\\slices\\homeGamesSlice.js": {"path":"C:\\Users\\yaswa\\.vscode\\yaswanth\\web\\updated\\frontend\\src\\redux\\slices\\homeGamesSlice.js","statementMap":{"0":{"start":{"line":4,"column":21},"end":{"line":12,"column":1}},"1":{"start":{"line":15,"column":30},"end":{"line":37,"column":1}},"2":{"start":{"line":18,"column":4},"end":{"line":35,"column":5}},"3":{"start":{"line":19,"column":23},"end":{"line":25,"column":8}},"4":{"start":{"line":27,"column":6},"end":{"line":29,"column":7}},"5":{"start":{"line":28,"column":8},"end":{"line":28,"column":54}},"6":{"start":{"line":31,"column":19},"end":{"line":31,"column":40}},"7":{"start":{"line":32,"column":6},"end":{"line":32,"column":18}},"8":{"start":{"line":34,"column":6},"end":{"line":34,"column":75}},"9":{"start":{"line":40,"column":23},"end":{"line":64,"column":2}},"10":{"start":{"line":45,"column":4},"end":{"line":62,"column":9}},"11":{"start":{"line":48,"column":8},"end":{"line":48,"column":33}},"12":{"start":{"line":49,"column":8},"end":{"line":49,"column":27}},"13":{"start":{"line":52,"column":8},"end":{"line":52,"column":35}},"14":{"start":{"line":53,"column":8},"end":{"line":53,"column":68}},"15":{"start":{"line":54,"column":8},"end":{"line":54,"column":66}},"16":{"start":{"line":55,"column":8},"end":{"line":55,"column":68}},"17":{"start":{"line":56,"column":8},"end":{"line":56,"column":64}},"18":{"start":{"line":57,"column":8},"end":{"line":57,"column":56}},"19":{"start":{"line":60,"column":8},"end":{"line":60,"column":32}},"20":{"start":{"line":61,"column":8},"end":{"line":61,"column":37}}},"fnMap":{"0":{"name":"(anonymous_0)","decl":{"start":{"line":17,"column":2},"end":{"line":17,"column":3}},"loc":{"start":{"line":17,"column":36},"end":{"line":36,"column":3}},"line":17},"1":{"name":"(anonymous_1)","decl":{"start":{"line":44,"column":17},"end":{"line":44,"column":18}},"loc":{"start":{"line":44,"column":30},"end":{"line":63,"column":3}},"line":44},"2":{"name":"(anonymous_2)","decl":{"start":{"line":47,"column":39},"end":{"line":47,"column":40}},"loc":{"start":{"line":47,"column":50},"end":{"line":50,"column":7}},"line":47},"3":{"name":"(anonymous_3)","decl":{"start":{"line":51,"column":41},"end":{"line":51,"column":42}},"loc":{"start":{"line":51,"column":60},"end":{"line":58,"column":7}},"line":51},"4":{"name":"(anonymous_4)","decl":{"start":{"line":59,"column":40},"end":{"line":59,"column":41}},"loc":{"start":{"line":59,"column":59},"end":{"line":62,"column":7}},"line":59}},"branchMap":{"0":{"loc":{"start":{"line":27,"column":6},"end":{"line":29,"column":7}},"type":"if","locations":[{"start":{"line":27,"column":6},"end":{"line":29,"column":7}},{"start":{},"end":{}}],"line":27},"1":{"loc":{"start":{"line":34,"column":29},"end":{"line":34,"column":73}},"type":"binary-expr","locations":[{"start":{"line":34,"column":29},"end":{"line":34,"column":42}},{"start":{"line":34,"column":46},"end":{"line":34,"column":73}}],"line":34},"2":{"loc":{"start":{"line":53,"column":31},"end":{"line":53,"column":67}},"type":"binary-expr","locations":[{"start":{"line":53,"column":31},"end":{"line":53,"column":61}},{"start":{"line":53,"column":65},"end":{"line":53,"column":67}}],"line":53},"3":{"loc":{"start":{"line":54,"column":30},"end":{"line":54,"column":65}},"type":"binary-expr","locations":[{"start":{"line":54,"column":30},"end":{"line":54,"column":59}},{"start":{"line":54,"column":63},"end":{"line":54,"column":65}}],"line":54},"4":{"loc":{"start":{"line":55,"column":31},"end":{"line":55,"column":67}},"type":"binary-expr","locations":[{"start":{"line":55,"column":31},"end":{"line":55,"column":61}},{"start":{"line":55,"column":65},"end":{"line":55,"column":67}}],"line":55},"5":{"loc":{"start":{"line":56,"column":29},"end":{"line":56,"column":63}},"type":"binary-expr","locations":[{"start":{"line":56,"column":29},"end":{"line":56,"column":57}},{"start":{"line":56,"column":61},"end":{"line":56,"column":63}}],"line":56},"6":{"loc":{"start":{"line":57,"column":25},"end":{"line":57,"column":55}},"type":"binary-expr","locations":[{"start":{"line":57,"column":25},"end":{"line":57,"column":49}},{"start":{"line":57,"column":53},"end":{"line":57,"column":55}}],"line":57}},"s":{"0":1,"1":1,"2":0,"3":0,"4":0,"5":0,"6":0,"7":0,"8":0,"9":1,"10":0,"11":0,"12":0,"13":0,"14":0,"15":0,"16":0,"17":0,"18":0,"19":0,"20":0},"f":{"0":0,"1":0,"2":0,"3":0,"4":0},"b":{"0":[0,0],"1":[0,0],"2":[0,0],"3":[0,0],"4":[0,0],"5":[0,0],"6":[0,0]},"_coverageSchema":"1a1c01bbd47fc00a2c39e90264f33305004495a9","hash":"4d05be35305e43636d5816417b3e182813e2ce05"}
}
