TN:
SF:src\pages\Footer.jsx
FN:6,(anonymous_0)
FNF:1
FNH:1
FNDA:27,(anonymous_0)
DA:6,1
DA:7,27
LF:2
LH:2
BRF:0
BRH:0
end_of_record
TN:
SF:src\pages\Header.jsx
FN:6,(anonymous_0)
FN:9,getCookie
FNF:2
FNH:2
FNDA:27,(anonymous_0)
FNDA:27,getCookie
DA:6,1
DA:10,27
DA:11,27
DA:12,27
DA:13,27
DA:16,27
DA:18,27
LF:7
LH:7
BRDA:12,0,0,0
BRDA:12,0,1,27
BRDA:31,1,0,0
BRDA:31,1,1,27
BRF:4
BRH:2
end_of_record
TN:
SF:src\pages\HomePage.jsx
FN:37,(anonymous_0)
FN:46,(anonymous_1)
FN:53,(anonymous_2)
FN:71,(anonymous_3)
FN:75,(anonymous_4)
FN:81,(anonymous_5)
FN:82,(anonymous_6)
FN:87,(anonymous_7)
FN:91,(anonymous_8)
FN:92,(anonymous_9)
FN:97,(anonymous_10)
FN:98,(anonymous_11)
FN:99,(anonymous_12)
FN:103,(anonymous_13)
FN:108,(anonymous_14)
FN:120,(anonymous_15)
FN:127,(anonymous_16)
FN:132,(anonymous_17)
FN:141,(anonymous_18)
FN:149,(anonymous_19)
FN:159,(anonymous_20)
FN:160,(anonymous_21)
FN:163,(anonymous_22)
FN:165,(anonymous_23)
FN:168,(anonymous_24)
FN:172,(anonymous_25)
FN:185,(anonymous_26)
FN:212,(anonymous_27)
FN:258,(anonymous_28)
FN:259,(anonymous_29)
FN:305,(anonymous_30)
FN:346,(anonymous_31)
FN:349,(anonymous_32)
FN:358,(anonymous_33)
FN:470,(anonymous_34)
FN:477,(anonymous_35)
FN:487,(anonymous_36)
FN:496,(anonymous_37)
FN:514,(anonymous_38)
FN:523,(anonymous_39)
FN:532,(anonymous_40)
FN:541,(anonymous_41)
FN:559,(anonymous_42)
FN:583,(anonymous_43)
FN:592,(anonymous_44)
FN:596,(anonymous_45)
FN:612,(anonymous_46)
FNF:47
FNH:26
FNDA:0,(anonymous_0)
FNDA:28,(anonymous_1)
FNDA:20,(anonymous_2)
FNDA:47,(anonymous_3)
FNDA:20,(anonymous_4)
FNDA:0,(anonymous_5)
FNDA:0,(anonymous_6)
FNDA:1,(anonymous_7)
FNDA:2,(anonymous_8)
FNDA:2,(anonymous_9)
FNDA:19,(anonymous_10)
FNDA:0,(anonymous_11)
FNDA:0,(anonymous_12)
FNDA:19,(anonymous_13)
FNDA:2,(anonymous_14)
FNDA:2,(anonymous_15)
FNDA:2,(anonymous_16)
FNDA:0,(anonymous_17)
FNDA:0,(anonymous_18)
FNDA:0,(anonymous_19)
FNDA:0,(anonymous_20)
FNDA:0,(anonymous_21)
FNDA:19,(anonymous_22)
FNDA:19,(anonymous_23)
FNDA:2,(anonymous_24)
FNDA:1,(anonymous_25)
FNDA:1,(anonymous_26)
FNDA:0,(anonymous_27)
FNDA:0,(anonymous_28)
FNDA:0,(anonymous_29)
FNDA:0,(anonymous_30)
FNDA:0,(anonymous_31)
FNDA:104,(anonymous_32)
FNDA:1,(anonymous_33)
FNDA:0,(anonymous_34)
FNDA:104,(anonymous_35)
FNDA:1,(anonymous_36)
FNDA:0,(anonymous_37)
FNDA:0,(anonymous_38)
FNDA:104,(anonymous_39)
FNDA:1,(anonymous_40)
FNDA:0,(anonymous_41)
FNDA:1,(anonymous_42)
FNDA:0,(anonymous_43)
FNDA:108,(anonymous_44)
FNDA:1,(anonymous_45)
FNDA:0,(anonymous_46)
DA:21,1
DA:22,1
DA:23,1
DA:26,1
DA:35,1
DA:37,0
DA:46,1
DA:47,28
DA:49,27
DA:50,27
DA:51,27
DA:53,27
DA:54,20
DA:59,20
DA:71,47
DA:73,27
DA:75,27
DA:76,20
DA:77,1
DA:81,27
DA:82,0
DA:83,0
DA:86,27
DA:87,27
DA:88,1
DA:91,27
DA:92,2
DA:93,2
DA:97,27
DA:98,19
DA:99,0
DA:100,0
DA:103,19
DA:106,27
DA:108,27
DA:109,2
DA:110,2
DA:111,1
DA:113,2
DA:117,27
DA:118,27
DA:120,27
DA:121,2
DA:122,2
DA:123,2
DA:127,27
DA:128,2
DA:129,2
DA:132,27
DA:133,0
DA:134,0
DA:137,27
DA:138,27
DA:139,27
DA:141,27
DA:142,0
DA:143,0
DA:145,0
DA:149,27
DA:150,0
DA:151,0
DA:153,0
DA:157,27
DA:159,27
DA:160,0
DA:163,27
DA:164,19
DA:165,19
DA:168,27
DA:169,2
DA:172,27
DA:173,1
DA:174,0
DA:177,0
DA:178,0
DA:182,0
DA:185,27
DA:186,1
DA:187,1
DA:191,27
DA:210,27
DA:212,27
DA:213,0
DA:214,0
DA:215,0
DA:217,0
DA:219,0
DA:220,0
DA:221,0
DA:223,0
DA:228,27
DA:258,0
DA:259,0
DA:306,0
DA:346,0
DA:350,104
DA:358,1
DA:470,0
DA:478,104
DA:487,1
DA:496,0
DA:514,0
DA:524,104
DA:532,1
DA:541,0
DA:559,1
DA:583,0
DA:593,108
DA:596,1
DA:612,0
LF:110
LH:74
BRDA:76,0,0,1
BRDA:76,0,1,19
BRDA:83,1,0,0
BRDA:83,1,1,0
BRDA:93,2,0,0
BRDA:93,2,1,2
BRDA:100,3,0,0
BRDA:100,3,1,0
BRDA:110,4,0,1
BRDA:110,4,1,1
BRDA:122,5,0,2
BRDA:122,5,1,0
BRDA:142,6,0,0
BRDA:142,6,1,0
BRDA:150,7,0,0
BRDA:150,7,1,0
BRDA:177,8,0,0
BRDA:177,8,1,0
BRDA:186,9,0,1
BRDA:186,9,1,0
BRDA:213,10,0,0
BRDA:213,10,1,0
BRDA:214,11,0,0
BRDA:214,11,1,0
BRDA:219,12,0,0
BRDA:219,12,1,0
BRDA:220,13,0,0
BRDA:220,13,1,0
BRDA:255,14,0,27
BRDA:255,14,1,2
BRDA:303,15,0,27
BRDA:303,15,1,26
BRDA:318,16,0,25
BRDA:318,16,1,1
BRDA:329,17,0,26
BRDA:329,17,1,1
BRDA:348,18,0,27
BRDA:348,18,1,26
BRF:38
BRH:17
end_of_record
TN:
SF:src\redux\slices\homeGamesSlice.js
FN:17,(anonymous_0)
FN:44,(anonymous_1)
FN:47,(anonymous_2)
FN:51,(anonymous_3)
FN:59,(anonymous_4)
FNF:5
FNH:0
FNDA:0,(anonymous_0)
FNDA:0,(anonymous_1)
FNDA:0,(anonymous_2)
FNDA:0,(anonymous_3)
FNDA:0,(anonymous_4)
DA:4,1
DA:15,1
DA:18,0
DA:19,0
DA:27,0
DA:28,0
DA:31,0
DA:32,0
DA:34,0
DA:40,1
DA:45,0
DA:48,0
DA:49,0
DA:52,0
DA:53,0
DA:54,0
DA:55,0
DA:56,0
DA:57,0
DA:60,0
DA:61,0
LF:21
LH:3
BRDA:27,0,0,0
BRDA:27,0,1,0
BRDA:34,1,0,0
BRDA:34,1,1,0
BRDA:53,2,0,0
BRDA:53,2,1,0
BRDA:54,3,0,0
BRDA:54,3,1,0
BRDA:55,4,0,0
BRDA:55,4,1,0
BRDA:56,5,0,0
BRDA:56,5,1,0
BRDA:57,6,0,0
BRDA:57,6,1,0
BRF:14
BRH:0
end_of_record
