TN:
SF:src\components\gamepage\AdminDelete.jsx
FN:3,(anonymous_0)
FN:6,(anonymous_1)
FNF:2
FNH:0
FNDA:0,(anonymous_0)
FNDA:0,(anonymous_1)
DA:2,1
DA:3,1
DA:5,0
DA:6,0
DA:7,0
DA:8,0
DA:9,0
DA:19,0
DA:20,0
DA:21,0
DA:23,0
DA:25,0
DA:26,0
DA:29,0
DA:30,0
DA:35,0
LF:16
LH:2
BRDA:7,0,0,0
BRDA:7,0,1,0
BRDA:19,1,0,0
BRDA:19,1,1,0
BRDA:26,2,0,0
BRDA:26,2,1,0
BRF:6
BRH:0
end_of_record
TN:
SF:src\components\payment\CreditCardForm.jsx
FN:7,clearNumber
FN:11,formatCreditCardNumber
FN:27,formatCVC
FN:34,formatExpirationDate
FN:44,formatFormData
FN:45,(anonymous_5)
FN:48,(anonymous_6)
FN:59,(anonymous_7)
FN:72,(anonymous_8)
FN:74,(anonymous_9)
FN:78,(anonymous_10)
FN:79,(anonymous_11)
FN:82,(anonymous_12)
FN:96,(anonymous_13)
FN:99,(anonymous_14)
FNF:15
FNH:11
FNDA:15,clearNumber
FNDA:6,formatCreditCardNumber
FNDA:5,formatCVC
FNDA:5,formatExpirationDate
FNDA:0,formatFormData
FNDA:0,(anonymous_5)
FNDA:18,(anonymous_6)
FNDA:6,(anonymous_7)
FNDA:0,(anonymous_8)
FNDA:0,(anonymous_9)
FNDA:2,(anonymous_10)
FNDA:2,(anonymous_11)
FNDA:4,(anonymous_12)
FNDA:4,(anonymous_13)
FNDA:1,(anonymous_14)
DA:8,15
DA:12,6
DA:13,1
DA:16,5
DA:19,5
DA:22,5
DA:24,5
DA:28,5
DA:29,5
DA:31,5
DA:35,5
DA:37,5
DA:38,3
DA:41,2
DA:45,0
DA:48,1
DA:49,18
DA:59,18
DA:61,6
DA:72,18
DA:73,0
DA:74,0
DA:78,18
DA:79,2
DA:82,18
DA:83,4
DA:85,4
DA:86,1
DA:87,3
DA:88,1
DA:89,2
DA:90,1
DA:91,1
DA:93,1
DA:96,4
DA:99,18
DA:100,1
DA:103,1
DA:106,18
LF:39
LH:36
BRDA:7,0,0,0
BRDA:12,1,0,1
BRDA:12,1,1,5
BRDA:27,2,0,4
BRDA:37,3,0,3
BRDA:37,3,1,2
BRDA:54,4,0,18
BRDA:54,4,1,0
BRDA:66,5,0,6
BRDA:66,5,1,0
BRDA:73,6,0,0
BRDA:73,6,1,0
BRDA:85,7,0,1
BRDA:85,7,1,3
BRDA:87,8,0,1
BRDA:87,8,1,2
BRDA:89,9,0,1
BRDA:89,9,1,1
BRDA:91,10,0,1
BRDA:91,10,1,0
BRF:20
BRH:14
end_of_record
TN:
SF:src\components\payment\PaymentMethods.jsx
FN:4,(anonymous_0)
FN:10,(anonymous_1)
FN:15,(anonymous_2)
FNF:3
FNH:3
FNDA:2,(anonymous_0)
FNDA:8,(anonymous_1)
FNDA:2,(anonymous_2)
DA:4,1
DA:5,2
DA:11,8
DA:15,2
LF:4
LH:4
BRF:0
BRH:0
end_of_record
TN:
SF:src\pages\About.jsx
FN:6,(anonymous_0)
FNF:1
FNH:1
FNDA:7,(anonymous_0)
DA:6,1
DA:7,7
LF:2
LH:2
BRF:0
BRH:0
end_of_record
TN:
SF:src\pages\Footer.jsx
FN:6,(anonymous_0)
FNF:1
FNH:1
FNDA:19,(anonymous_0)
DA:6,1
DA:7,19
LF:2
LH:2
BRF:0
BRH:0
end_of_record
TN:
SF:src\pages\GamePage.jsx
FN:21,(anonymous_0)
FN:29,(anonymous_1)
FN:38,(anonymous_2)
FN:40,(anonymous_3)
FN:61,(anonymous_4)
FN:62,(anonymous_5)
FN:91,(anonymous_6)
FN:92,(anonymous_7)
FN:114,(anonymous_8)
FN:118,(anonymous_9)
FN:122,(anonymous_10)
FN:126,(anonymous_11)
FN:133,(anonymous_12)
FN:174,(anonymous_13)
FN:193,(anonymous_14)
FNF:15
FNH:14
FNDA:23,(anonymous_0)
FNDA:9,(anonymous_1)
FNDA:9,(anonymous_2)
FNDA:9,(anonymous_3)
FNDA:9,(anonymous_4)
FNDA:9,(anonymous_5)
FNDA:9,(anonymous_6)
FNDA:9,(anonymous_7)
FNDA:1,(anonymous_8)
FNDA:1,(anonymous_9)
FNDA:1,(anonymous_10)
FNDA:12,(anonymous_11)
FNDA:12,(anonymous_12)
FNDA:0,(anonymous_13)
FNDA:1,(anonymous_14)
DA:20,1
DA:21,1
DA:22,23
DA:23,22
DA:24,22
DA:25,22
DA:26,22
DA:29,22
DA:30,9
DA:35,9
DA:37,22
DA:38,22
DA:40,9
DA:41,9
DA:43,9
DA:44,8
DA:45,1
DA:47,7
DA:48,7
DA:49,7
DA:51,2
DA:53,9
DA:57,9
DA:59,22
DA:61,22
DA:62,9
DA:63,9
DA:64,9
DA:73,8
DA:74,7
DA:75,7
DA:76,7
DA:77,7
DA:79,1
DA:82,1
DA:86,9
DA:89,22
DA:91,22
DA:92,9
DA:93,9
DA:94,9
DA:95,8
DA:96,1
DA:98,7
DA:99,7
DA:100,7
DA:102,2
DA:104,9
DA:107,9
DA:114,22
DA:115,1
DA:118,22
DA:119,1
DA:122,22
DA:123,1
DA:126,22
DA:127,12
DA:128,2
DA:130,10
DA:133,12
DA:134,12
DA:139,22
DA:140,9
DA:143,13
DA:144,2
DA:147,11
DA:176,0
DA:193,1
LF:68
LH:67
BRDA:44,0,0,1
BRDA:44,0,1,7
BRDA:73,1,0,7
BRDA:73,1,1,1
BRDA:95,2,0,1
BRDA:95,2,1,7
BRDA:127,3,0,2
BRDA:127,3,1,10
BRDA:139,4,0,9
BRDA:139,4,1,13
BRDA:143,5,0,2
BRDA:143,5,1,11
BRDA:150,6,0,2
BRDA:150,6,1,9
BRDA:162,7,0,10
BRDA:162,7,1,1
BRDA:169,8,0,0
BRDA:169,8,1,1
BRDA:189,9,0,11
BRDA:189,9,1,2
BRF:20
BRH:19
end_of_record
TN:
SF:src\pages\Header.jsx
FN:6,(anonymous_0)
FNF:1
FNH:1
FNDA:19,(anonymous_0)
DA:6,1
DA:17,19
DA:18,19
LF:3
LH:3
BRDA:29,0,0,19
BRDA:29,0,1,0
BRF:2
BRH:1
end_of_record
TN:
SF:src\pages\HomePage.jsx
FN:37,(anonymous_0)
FN:46,(anonymous_1)
FN:53,(anonymous_2)
FN:71,(anonymous_3)
FN:75,(anonymous_4)
FN:81,(anonymous_5)
FN:82,(anonymous_6)
FN:87,(anonymous_7)
FN:91,(anonymous_8)
FN:92,(anonymous_9)
FN:97,(anonymous_10)
FN:98,(anonymous_11)
FN:99,(anonymous_12)
FN:103,(anonymous_13)
FN:108,(anonymous_14)
FN:120,(anonymous_15)
FN:127,(anonymous_16)
FN:132,(anonymous_17)
FN:141,(anonymous_18)
FN:149,(anonymous_19)
FN:159,(anonymous_20)
FN:160,(anonymous_21)
FN:163,(anonymous_22)
FN:165,(anonymous_23)
FN:168,(anonymous_24)
FN:172,(anonymous_25)
FN:185,(anonymous_26)
FN:212,(anonymous_27)
FN:258,(anonymous_28)
FN:259,(anonymous_29)
FN:304,(anonymous_30)
FN:345,(anonymous_31)
FN:348,(anonymous_32)
FN:357,(anonymous_33)
FN:468,(anonymous_34)
FN:474,(anonymous_35)
FN:484,(anonymous_36)
FN:493,(anonymous_37)
FN:510,(anonymous_38)
FN:518,(anonymous_39)
FN:527,(anonymous_40)
FN:536,(anonymous_41)
FN:553,(anonymous_42)
FN:577,(anonymous_43)
FN:585,(anonymous_44)
FN:589,(anonymous_45)
FN:605,(anonymous_46)
FNF:47
FNH:23
FNDA:0,(anonymous_0)
FNDA:19,(anonymous_1)
FNDA:15,(anonymous_2)
FNDA:34,(anonymous_3)
FNDA:15,(anonymous_4)
FNDA:0,(anonymous_5)
FNDA:0,(anonymous_6)
FNDA:1,(anonymous_7)
FNDA:0,(anonymous_8)
FNDA:0,(anonymous_9)
FNDA:15,(anonymous_10)
FNDA:0,(anonymous_11)
FNDA:0,(anonymous_12)
FNDA:15,(anonymous_13)
FNDA:2,(anonymous_14)
FNDA:1,(anonymous_15)
FNDA:1,(anonymous_16)
FNDA:0,(anonymous_17)
FNDA:0,(anonymous_18)
FNDA:0,(anonymous_19)
FNDA:0,(anonymous_20)
FNDA:0,(anonymous_21)
FNDA:15,(anonymous_22)
FNDA:15,(anonymous_23)
FNDA:2,(anonymous_24)
FNDA:0,(anonymous_25)
FNDA:1,(anonymous_26)
FNDA:0,(anonymous_27)
FNDA:0,(anonymous_28)
FNDA:0,(anonymous_29)
FNDA:0,(anonymous_30)
FNDA:0,(anonymous_31)
FNDA:76,(anonymous_32)
FNDA:1,(anonymous_33)
FNDA:0,(anonymous_34)
FNDA:76,(anonymous_35)
FNDA:1,(anonymous_36)
FNDA:0,(anonymous_37)
FNDA:0,(anonymous_38)
FNDA:76,(anonymous_39)
FNDA:1,(anonymous_40)
FNDA:0,(anonymous_41)
FNDA:1,(anonymous_42)
FNDA:0,(anonymous_43)
FNDA:76,(anonymous_44)
FNDA:1,(anonymous_45)
FNDA:0,(anonymous_46)
DA:21,1
DA:22,1
DA:23,1
DA:26,1
DA:35,1
DA:37,0
DA:46,1
DA:47,19
DA:49,19
DA:50,19
DA:51,19
DA:53,19
DA:54,15
DA:59,15
DA:71,34
DA:73,19
DA:75,19
DA:76,15
DA:77,0
DA:81,19
DA:82,0
DA:83,0
DA:86,19
DA:87,19
DA:88,1
DA:91,19
DA:92,0
DA:93,0
DA:97,19
DA:98,15
DA:99,0
DA:100,0
DA:103,15
DA:106,19
DA:108,19
DA:109,2
DA:110,2
DA:111,1
DA:113,2
DA:117,19
DA:118,19
DA:120,19
DA:121,1
DA:122,1
DA:123,1
DA:127,19
DA:128,1
DA:129,1
DA:132,19
DA:133,0
DA:134,0
DA:137,19
DA:138,19
DA:139,19
DA:141,19
DA:142,0
DA:143,0
DA:145,0
DA:149,19
DA:150,0
DA:151,0
DA:153,0
DA:157,19
DA:159,19
DA:160,0
DA:163,19
DA:164,15
DA:165,15
DA:168,19
DA:169,2
DA:172,19
DA:173,0
DA:174,0
DA:177,0
DA:178,0
DA:182,0
DA:185,19
DA:186,1
DA:187,1
DA:191,19
DA:210,19
DA:212,19
DA:213,0
DA:214,0
DA:215,0
DA:217,0
DA:219,0
DA:220,0
DA:221,0
DA:223,0
DA:228,19
DA:258,0
DA:259,0
DA:305,0
DA:345,0
DA:349,76
DA:357,1
DA:468,0
DA:475,76
DA:484,1
DA:493,0
DA:510,0
DA:519,76
DA:527,1
DA:536,0
DA:553,1
DA:577,0
DA:586,76
DA:589,1
DA:605,0
LF:110
LH:70
BRDA:76,0,0,0
BRDA:76,0,1,15
BRDA:83,1,0,0
BRDA:83,1,1,0
BRDA:93,2,0,0
BRDA:93,2,1,0
BRDA:100,3,0,0
BRDA:100,3,1,0
BRDA:110,4,0,1
BRDA:110,4,1,1
BRDA:122,5,0,1
BRDA:122,5,1,0
BRDA:142,6,0,0
BRDA:142,6,1,0
BRDA:150,7,0,0
BRDA:150,7,1,0
BRDA:177,8,0,0
BRDA:177,8,1,0
BRDA:186,9,0,1
BRDA:186,9,1,0
BRDA:213,10,0,0
BRDA:213,10,1,0
BRDA:214,11,0,0
BRDA:214,11,1,0
BRDA:219,12,0,0
BRDA:219,12,1,0
BRDA:220,13,0,0
BRDA:220,13,1,0
BRDA:255,14,0,19
BRDA:255,14,1,1
BRDA:302,15,0,19
BRDA:302,15,1,19
BRDA:317,16,0,18
BRDA:317,16,1,1
BRDA:328,17,0,19
BRDA:328,17,1,1
BRDA:347,18,0,19
BRDA:347,18,1,19
BRF:38
BRH:15
end_of_record
TN:
SF:src\pages\Login.jsx
FN:14,(anonymous_0)
FN:22,(anonymous_1)
FN:24,(anonymous_2)
FN:31,(anonymous_3)
FN:35,(anonymous_4)
FNF:5
FNH:5
FNDA:14,(anonymous_0)
FNDA:6,(anonymous_1)
FNDA:6,(anonymous_2)
FNDA:2,(anonymous_3)
FNDA:2,(anonymous_4)
DA:13,1
DA:14,1
DA:15,14
DA:20,14
DA:22,14
DA:23,6
DA:24,6
DA:30,14
DA:31,14
DA:32,2
DA:35,14
DA:36,2
DA:38,2
DA:39,2
DA:51,1
DA:52,1
DA:53,1
DA:56,0
DA:57,0
DA:59,0
DA:63,0
DA:64,0
DA:67,2
DA:71,14
LF:24
LH:19
BRDA:51,0,0,1
BRDA:51,0,1,0
BRDA:53,1,0,1
BRDA:53,1,1,0
BRDA:63,2,0,0
BRDA:63,2,1,0
BRDA:67,3,0,2
BRDA:67,3,1,0
BRDA:98,4,0,1
BRDA:98,4,1,13
BRF:10
BRH:5
end_of_record
TN:
SF:src\pages\PaymentPage.jsx
FN:10,(anonymous_0)
FN:15,(anonymous_1)
FN:20,(anonymous_2)
FNF:3
FNH:1
FNDA:1,(anonymous_0)
FNDA:0,(anonymous_1)
FNDA:0,(anonymous_2)
DA:10,1
DA:12,1
DA:13,1
DA:15,1
DA:16,0
DA:17,0
DA:20,1
DA:21,0
DA:22,0
DA:25,1
DA:42,1
LF:11
LH:7
BRF:0
BRH:0
end_of_record
TN:
SF:src\pages\Register.jsx
FN:12,(anonymous_0)
FN:24,(anonymous_1)
FN:33,(anonymous_2)
FN:39,(anonymous_3)
FNF:4
FNH:4
FNDA:22,(anonymous_0)
FNDA:15,(anonymous_1)
FNDA:3,(anonymous_2)
FNDA:3,(anonymous_3)
DA:11,1
DA:12,1
DA:13,22
DA:14,22
DA:22,22
DA:24,22
DA:25,15
DA:26,15
DA:33,22
DA:35,3
DA:36,3
DA:39,22
DA:40,3
DA:43,3
DA:44,1
DA:45,1
DA:49,2
DA:50,1
DA:51,1
DA:54,1
DA:68,1
DA:69,0
DA:70,0
DA:72,1
DA:77,22
LF:25
LH:23
BRDA:43,0,0,1
BRDA:43,0,1,2
BRDA:49,1,0,1
BRDA:49,1,1,1
BRDA:68,2,0,0
BRDA:68,2,1,1
BRDA:70,3,0,0
BRDA:70,3,1,0
BRDA:84,4,0,22
BRDA:84,4,1,2
BRF:10
BRH:7
end_of_record
TN:
SF:src\redux\slices\homeGamesSlice.js
FN:19,(anonymous_0)
FN:47,(anonymous_1)
FN:50,(anonymous_2)
FN:54,(anonymous_3)
FN:62,(anonymous_4)
FNF:5
FNH:0
FNDA:0,(anonymous_0)
FNDA:0,(anonymous_1)
FNDA:0,(anonymous_2)
FNDA:0,(anonymous_3)
FNDA:0,(anonymous_4)
DA:5,1
DA:6,1
DA:17,1
DA:20,0
DA:21,0
DA:29,0
DA:30,0
DA:33,0
DA:34,0
DA:35,0
DA:37,0
DA:43,1
DA:48,0
DA:51,0
DA:52,0
DA:55,0
DA:56,0
DA:57,0
DA:58,0
DA:59,0
DA:60,0
DA:63,0
DA:64,0
LF:23
LH:4
BRDA:29,0,0,0
BRDA:29,0,1,0
BRDA:37,1,0,0
BRDA:37,1,1,0
BRDA:56,2,0,0
BRDA:56,2,1,0
BRDA:57,3,0,0
BRDA:57,3,1,0
BRDA:58,4,0,0
BRDA:58,4,1,0
BRDA:59,5,0,0
BRDA:59,5,1,0
BRDA:60,6,0,0
BRDA:60,6,1,0
BRF:14
BRH:0
end_of_record
