{"F:\\final_project\\p2p_frontend\\WBD_33_final\\backend\\controllers\\adminController.js": {"path":"F:\\final_project\\p2p_frontend\\WBD_33_final\\backend\\controllers\\adminController.js","statementMap":{"0":{"start":{"line":1,"column":17},"end":{"line":1,"column":36}},"1":{"start":{"line":2,"column":13},"end":{"line":2,"column":47}},"2":{"start":{"line":3,"column":21},"end":{"line":3,"column":52}},"3":{"start":{"line":4,"column":16},"end":{"line":4,"column":34}},"4":{"start":{"line":5,"column":13},"end":{"line":5,"column":28}},"5":{"start":{"line":6,"column":15},"end":{"line":6,"column":34}},"6":{"start":{"line":7,"column":18},"end":{"line":7,"column":55}},"7":{"start":{"line":8,"column":13},"end":{"line":8,"column":45}},"8":{"start":{"line":9,"column":12},"end":{"line":9,"column":21}},"9":{"start":{"line":10,"column":20},"end":{"line":10,"column":58}},"10":{"start":{"line":15,"column":2},"end":{"line":61,"column":3}},"11":{"start":{"line":16,"column":20},"end":{"line":16,"column":55}},"12":{"start":{"line":17,"column":20},"end":{"line":17,"column":47}},"13":{"start":{"line":20,"column":24},"end":{"line":20,"column":58}},"14":{"start":{"line":22,"column":14},"end":{"line":22,"column":24}},"15":{"start":{"line":25,"column":21},"end":{"line":25,"column":34}},"16":{"start":{"line":26,"column":2},"end":{"line":26,"column":34}},"17":{"start":{"line":27,"column":24},"end":{"line":27,"column":37}},"18":{"start":{"line":30,"column":25},"end":{"line":30,"column":45}},"19":{"start":{"line":31,"column":2},"end":{"line":31,"column":51}},"20":{"start":{"line":32,"column":23},"end":{"line":32,"column":46}},"21":{"start":{"line":33,"column":2},"end":{"line":33,"column":52}},"22":{"start":{"line":36,"column":22},"end":{"line":38,"column":4}},"23":{"start":{"line":41,"column":26},"end":{"line":43,"column":4}},"24":{"start":{"line":46,"column":25},"end":{"line":46,"column":54}},"25":{"start":{"line":48,"column":13},"end":{"line":54,"column":3}},"26":{"start":{"line":56,"column":2},"end":{"line":56,"column":29}},"27":{"start":{"line":59,"column":4},"end":{"line":59,"column":55}},"28":{"start":{"line":60,"column":4},"end":{"line":60,"column":63}},"29":{"start":{"line":67,"column":2},"end":{"line":73,"column":3}},"30":{"start":{"line":68,"column":25},"end":{"line":68,"column":51}},"31":{"start":{"line":69,"column":4},"end":{"line":69,"column":27}},"32":{"start":{"line":71,"column":4},"end":{"line":71,"column":21}},"33":{"start":{"line":72,"column":4},"end":{"line":72,"column":65}},"34":{"start":{"line":77,"column":2},"end":{"line":83,"column":3}},"35":{"start":{"line":78,"column":18},"end":{"line":78,"column":45}},"36":{"start":{"line":79,"column":4},"end":{"line":79,"column":20}},"37":{"start":{"line":81,"column":4},"end":{"line":81,"column":21}},"38":{"start":{"line":82,"column":4},"end":{"line":82,"column":65}},"39":{"start":{"line":87,"column":2},"end":{"line":124,"column":3}},"40":{"start":{"line":89,"column":24},"end":{"line":89,"column":51}},"41":{"start":{"line":92,"column":25},"end":{"line":92,"column":36}},"42":{"start":{"line":95,"column":26},"end":{"line":110,"column":5}},"43":{"start":{"line":97,"column":27},"end":{"line":97,"column":37}},"44":{"start":{"line":98,"column":8},"end":{"line":98,"column":53}},"45":{"start":{"line":99,"column":8},"end":{"line":99,"column":40}},"46":{"start":{"line":101,"column":25},"end":{"line":101,"column":45}},"47":{"start":{"line":102,"column":8},"end":{"line":102,"column":43}},"48":{"start":{"line":104,"column":22},"end":{"line":106,"column":10}},"49":{"start":{"line":108,"column":8},"end":{"line":108,"column":21}},"50":{"start":{"line":113,"column":23},"end":{"line":117,"column":5}},"51":{"start":{"line":120,"column":4},"end":{"line":120,"column":25}},"52":{"start":{"line":122,"column":4},"end":{"line":122,"column":23}},"53":{"start":{"line":123,"column":4},"end":{"line":123,"column":64}},"54":{"start":{"line":128,"column":2},"end":{"line":141,"column":3}},"55":{"start":{"line":130,"column":38},"end":{"line":130,"column":46}},"56":{"start":{"line":131,"column":26},"end":{"line":131,"column":58}},"57":{"start":{"line":132,"column":4},"end":{"line":134,"column":5}},"58":{"start":{"line":133,"column":6},"end":{"line":133,"column":52}},"59":{"start":{"line":135,"column":4},"end":{"line":135,"column":41}},"60":{"start":{"line":136,"column":4},"end":{"line":136,"column":31}},"61":{"start":{"line":137,"column":4},"end":{"line":137,"column":46}},"62":{"start":{"line":139,"column":4},"end":{"line":139,"column":53}},"63":{"start":{"line":140,"column":4},"end":{"line":140,"column":52}},"64":{"start":{"line":145,"column":2},"end":{"line":163,"column":3}},"65":{"start":{"line":146,"column":40},"end":{"line":146,"column":48}},"66":{"start":{"line":147,"column":4},"end":{"line":147,"column":47}},"67":{"start":{"line":148,"column":26},"end":{"line":148,"column":55}},"68":{"start":{"line":149,"column":4},"end":{"line":151,"column":5}},"69":{"start":{"line":150,"column":6},"end":{"line":150,"column":57}},"70":{"start":{"line":153,"column":26},"end":{"line":153,"column":52}},"71":{"start":{"line":154,"column":4},"end":{"line":156,"column":5}},"72":{"start":{"line":155,"column":6},"end":{"line":155,"column":58}},"73":{"start":{"line":157,"column":20},"end":{"line":157,"column":73}},"74":{"start":{"line":158,"column":4},"end":{"line":158,"column":25}},"75":{"start":{"line":159,"column":4},"end":{"line":159,"column":54}},"76":{"start":{"line":161,"column":4},"end":{"line":161,"column":49}},"77":{"start":{"line":162,"column":4},"end":{"line":162,"column":48}},"78":{"start":{"line":169,"column":2},"end":{"line":182,"column":3}},"79":{"start":{"line":170,"column":25},"end":{"line":170,"column":33}},"80":{"start":{"line":172,"column":26},"end":{"line":172,"column":58}},"81":{"start":{"line":173,"column":4},"end":{"line":175,"column":5}},"82":{"start":{"line":174,"column":6},"end":{"line":174,"column":65}},"83":{"start":{"line":176,"column":4},"end":{"line":176,"column":39}},"84":{"start":{"line":177,"column":4},"end":{"line":177,"column":45}},"85":{"start":{"line":178,"column":4},"end":{"line":178,"column":67}},"86":{"start":{"line":180,"column":4},"end":{"line":180,"column":49}},"87":{"start":{"line":181,"column":4},"end":{"line":181,"column":48}},"88":{"start":{"line":186,"column":2},"end":{"line":204,"column":3}},"89":{"start":{"line":187,"column":31},"end":{"line":187,"column":39}},"90":{"start":{"line":189,"column":31},"end":{"line":191,"column":6}},"91":{"start":{"line":193,"column":4},"end":{"line":193,"column":36}},"92":{"start":{"line":194,"column":4},"end":{"line":196,"column":5}},"93":{"start":{"line":195,"column":6},"end":{"line":195,"column":71}},"94":{"start":{"line":197,"column":4},"end":{"line":197,"column":56}},"95":{"start":{"line":199,"column":4},"end":{"line":199,"column":50}},"96":{"start":{"line":200,"column":4},"end":{"line":200,"column":72}},"97":{"start":{"line":202,"column":4},"end":{"line":202,"column":54}},"98":{"start":{"line":203,"column":4},"end":{"line":203,"column":53}},"99":{"start":{"line":208,"column":2},"end":{"line":227,"column":3}},"100":{"start":{"line":209,"column":31},"end":{"line":209,"column":39}},"101":{"start":{"line":210,"column":4},"end":{"line":210,"column":32}},"102":{"start":{"line":211,"column":31},"end":{"line":213,"column":6}},"103":{"start":{"line":214,"column":4},"end":{"line":216,"column":5}},"104":{"start":{"line":215,"column":6},"end":{"line":215,"column":70}},"105":{"start":{"line":217,"column":4},"end":{"line":220,"column":6}},"106":{"start":{"line":222,"column":4},"end":{"line":222,"column":48}},"107":{"start":{"line":223,"column":4},"end":{"line":223,"column":70}},"108":{"start":{"line":225,"column":4},"end":{"line":225,"column":52}},"109":{"start":{"line":226,"column":4},"end":{"line":226,"column":51}},"110":{"start":{"line":229,"column":0},"end":{"line":239,"column":2}}},"fnMap":{"0":{"name":"getadmindata","decl":{"start":{"line":12,"column":15},"end":{"line":12,"column":27}},"loc":{"start":{"line":12,"column":38},"end":{"line":62,"column":1}},"line":12},"1":{"name":"getTransactions","decl":{"start":{"line":66,"column":15},"end":{"line":66,"column":30}},"loc":{"start":{"line":66,"column":41},"end":{"line":74,"column":1}},"line":66},"2":{"name":"getGames","decl":{"start":{"line":76,"column":15},"end":{"line":76,"column":23}},"loc":{"start":{"line":76,"column":34},"end":{"line":84,"column":1}},"line":76},"3":{"name":"getallUsers","decl":{"start":{"line":86,"column":15},"end":{"line":86,"column":26}},"loc":{"start":{"line":86,"column":37},"end":{"line":125,"column":1}},"line":86},"4":{"name":"(anonymous_4)","decl":{"start":{"line":96,"column":36},"end":{"line":96,"column":37}},"loc":{"start":{"line":96,"column":52},"end":{"line":109,"column":7}},"line":96},"5":{"name":"admin_update_user","decl":{"start":{"line":127,"column":15},"end":{"line":127,"column":32}},"loc":{"start":{"line":127,"column":43},"end":{"line":142,"column":1}},"line":127},"6":{"name":"admin_create_user","decl":{"start":{"line":144,"column":15},"end":{"line":144,"column":32}},"loc":{"start":{"line":144,"column":43},"end":{"line":164,"column":1}},"line":144},"7":{"name":"admin_delete_user","decl":{"start":{"line":168,"column":15},"end":{"line":168,"column":32}},"loc":{"start":{"line":168,"column":43},"end":{"line":183,"column":1}},"line":168},"8":{"name":"admin_delete_community","decl":{"start":{"line":185,"column":15},"end":{"line":185,"column":37}},"loc":{"start":{"line":185,"column":48},"end":{"line":205,"column":1}},"line":185},"9":{"name":"admin_delete_community_message","decl":{"start":{"line":207,"column":15},"end":{"line":207,"column":45}},"loc":{"start":{"line":207,"column":56},"end":{"line":228,"column":1}},"line":207}},"branchMap":{"0":{"loc":{"start":{"line":132,"column":4},"end":{"line":134,"column":5}},"type":"if","locations":[{"start":{"line":132,"column":4},"end":{"line":134,"column":5}},{"start":{},"end":{}}],"line":132},"1":{"loc":{"start":{"line":149,"column":4},"end":{"line":151,"column":5}},"type":"if","locations":[{"start":{"line":149,"column":4},"end":{"line":151,"column":5}},{"start":{},"end":{}}],"line":149},"2":{"loc":{"start":{"line":154,"column":4},"end":{"line":156,"column":5}},"type":"if","locations":[{"start":{"line":154,"column":4},"end":{"line":156,"column":5}},{"start":{},"end":{}}],"line":154},"3":{"loc":{"start":{"line":173,"column":4},"end":{"line":175,"column":5}},"type":"if","locations":[{"start":{"line":173,"column":4},"end":{"line":175,"column":5}},{"start":{},"end":{}}],"line":173},"4":{"loc":{"start":{"line":194,"column":4},"end":{"line":196,"column":5}},"type":"if","locations":[{"start":{"line":194,"column":4},"end":{"line":196,"column":5}},{"start":{},"end":{}}],"line":194},"5":{"loc":{"start":{"line":214,"column":4},"end":{"line":216,"column":5}},"type":"if","locations":[{"start":{"line":214,"column":4},"end":{"line":216,"column":5}},{"start":{},"end":{}}],"line":214}},"s":{"0":2,"1":2,"2":2,"3":2,"4":2,"5":2,"6":2,"7":2,"8":2,"9":2,"10":1,"11":1,"12":1,"13":1,"14":1,"15":1,"16":1,"17":1,"18":1,"19":1,"20":1,"21":1,"22":1,"23":1,"24":1,"25":1,"26":1,"27":0,"28":0,"29":1,"30":1,"31":1,"32":0,"33":0,"34":1,"35":1,"36":1,"37":0,"38":0,"39":1,"40":1,"41":1,"42":1,"43":7,"44":7,"45":7,"46":7,"47":7,"48":7,"49":7,"50":1,"51":1,"52":0,"53":0,"54":2,"55":2,"56":2,"57":2,"58":1,"59":1,"60":1,"61":1,"62":0,"63":0,"64":1,"65":1,"66":1,"67":1,"68":1,"69":0,"70":1,"71":1,"72":0,"73":1,"74":1,"75":1,"76":0,"77":0,"78":2,"79":2,"80":2,"81":2,"82":1,"83":1,"84":1,"85":1,"86":0,"87":0,"88":2,"89":2,"90":2,"91":2,"92":2,"93":1,"94":1,"95":1,"96":1,"97":0,"98":0,"99":2,"100":2,"101":2,"102":2,"103":2,"104":1,"105":1,"106":1,"107":1,"108":0,"109":0,"110":2},"f":{"0":1,"1":1,"2":1,"3":1,"4":7,"5":2,"6":1,"7":2,"8":2,"9":2},"b":{"0":[1,1],"1":[0,1],"2":[0,1],"3":[1,1],"4":[1,1],"5":[1,1]},"_coverageSchema":"1a1c01bbd47fc00a2c39e90264f33305004495a9","hash":"4730cf1fa941cc58e6505c67f349c228e1ec0006"}
,"F:\\final_project\\p2p_frontend\\WBD_33_final\\backend\\controllers\\cartController.js": {"path":"F:\\final_project\\p2p_frontend\\WBD_33_final\\backend\\controllers\\cartController.js","statementMap":{"0":{"start":{"line":1,"column":16},"end":{"line":1,"column":34}},"1":{"start":{"line":2,"column":13},"end":{"line":2,"column":47}},"2":{"start":{"line":3,"column":13},"end":{"line":3,"column":28}},"3":{"start":{"line":4,"column":21},"end":{"line":4,"column":52}},"4":{"start":{"line":100,"column":2},"end":{"line":125,"column":3}},"5":{"start":{"line":101,"column":23},"end":{"line":101,"column":48}},"6":{"start":{"line":102,"column":25},"end":{"line":102,"column":44}},"7":{"start":{"line":104,"column":6},"end":{"line":106,"column":7}},"8":{"start":{"line":105,"column":10},"end":{"line":105,"column":91}},"9":{"start":{"line":108,"column":26},"end":{"line":108,"column":58}},"10":{"start":{"line":110,"column":6},"end":{"line":112,"column":7}},"11":{"start":{"line":111,"column":10},"end":{"line":111,"column":74}},"12":{"start":{"line":114,"column":6},"end":{"line":118,"column":7}},"13":{"start":{"line":115,"column":10},"end":{"line":115,"column":54}},"14":{"start":{"line":117,"column":10},"end":{"line":117,"column":84}},"15":{"start":{"line":120,"column":6},"end":{"line":120,"column":31}},"16":{"start":{"line":121,"column":6},"end":{"line":121,"column":92}},"17":{"start":{"line":123,"column":6},"end":{"line":123,"column":50}},"18":{"start":{"line":124,"column":6},"end":{"line":124,"column":70}},"19":{"start":{"line":129,"column":2},"end":{"line":155,"column":3}},"20":{"start":{"line":130,"column":21},"end":{"line":130,"column":46}},"21":{"start":{"line":132,"column":4},"end":{"line":136,"column":5}},"22":{"start":{"line":133,"column":6},"end":{"line":135,"column":9}},"23":{"start":{"line":138,"column":22},"end":{"line":138,"column":54}},"24":{"start":{"line":140,"column":4},"end":{"line":142,"column":5}},"25":{"start":{"line":141,"column":6},"end":{"line":141,"column":70}},"26":{"start":{"line":144,"column":22},"end":{"line":144,"column":24}},"27":{"start":{"line":146,"column":4},"end":{"line":149,"column":5}},"28":{"start":{"line":147,"column":19},"end":{"line":147,"column":64}},"29":{"start":{"line":148,"column":6},"end":{"line":148,"column":37}},"30":{"start":{"line":148,"column":16},"end":{"line":148,"column":37}},"31":{"start":{"line":151,"column":4},"end":{"line":151,"column":24}},"32":{"start":{"line":153,"column":4},"end":{"line":153,"column":35}},"33":{"start":{"line":154,"column":4},"end":{"line":154,"column":68}},"34":{"start":{"line":159,"column":2},"end":{"line":190,"column":3}},"35":{"start":{"line":160,"column":21},"end":{"line":160,"column":46}},"36":{"start":{"line":162,"column":4},"end":{"line":166,"column":5}},"37":{"start":{"line":163,"column":6},"end":{"line":165,"column":9}},"38":{"start":{"line":168,"column":27},"end":{"line":168,"column":46}},"39":{"start":{"line":170,"column":17},"end":{"line":170,"column":74}},"40":{"start":{"line":172,"column":4},"end":{"line":174,"column":5}},"41":{"start":{"line":173,"column":6},"end":{"line":173,"column":70}},"42":{"start":{"line":176,"column":25},"end":{"line":179,"column":5}},"43":{"start":{"line":181,"column":4},"end":{"line":183,"column":5}},"44":{"start":{"line":182,"column":6},"end":{"line":182,"column":70}},"45":{"start":{"line":185,"column":4},"end":{"line":185,"column":62}},"46":{"start":{"line":188,"column":4},"end":{"line":188,"column":51}},"47":{"start":{"line":189,"column":4},"end":{"line":189,"column":68}},"48":{"start":{"line":218,"column":0},"end":{"line":218,"column":53}}},"fnMap":{"0":{"name":"addtocart","decl":{"start":{"line":99,"column":15},"end":{"line":99,"column":24}},"loc":{"start":{"line":99,"column":35},"end":{"line":126,"column":1}},"line":99},"1":{"name":"getcartgames","decl":{"start":{"line":128,"column":15},"end":{"line":128,"column":27}},"loc":{"start":{"line":128,"column":38},"end":{"line":156,"column":1}},"line":128},"2":{"name":"removetocart","decl":{"start":{"line":158,"column":15},"end":{"line":158,"column":27}},"loc":{"start":{"line":158,"column":38},"end":{"line":191,"column":1}},"line":158}},"branchMap":{"0":{"loc":{"start":{"line":104,"column":6},"end":{"line":106,"column":7}},"type":"if","locations":[{"start":{"line":104,"column":6},"end":{"line":106,"column":7}},{"start":{},"end":{}}],"line":104},"1":{"loc":{"start":{"line":110,"column":6},"end":{"line":112,"column":7}},"type":"if","locations":[{"start":{"line":110,"column":6},"end":{"line":112,"column":7}},{"start":{},"end":{}}],"line":110},"2":{"loc":{"start":{"line":114,"column":6},"end":{"line":118,"column":7}},"type":"if","locations":[{"start":{"line":114,"column":6},"end":{"line":118,"column":7}},{"start":{"line":116,"column":13},"end":{"line":118,"column":7}}],"line":114},"3":{"loc":{"start":{"line":132,"column":4},"end":{"line":136,"column":5}},"type":"if","locations":[{"start":{"line":132,"column":4},"end":{"line":136,"column":5}},{"start":{},"end":{}}],"line":132},"4":{"loc":{"start":{"line":140,"column":4},"end":{"line":142,"column":5}},"type":"if","locations":[{"start":{"line":140,"column":4},"end":{"line":142,"column":5}},{"start":{},"end":{}}],"line":140},"5":{"loc":{"start":{"line":148,"column":6},"end":{"line":148,"column":37}},"type":"if","locations":[{"start":{"line":148,"column":6},"end":{"line":148,"column":37}},{"start":{},"end":{}}],"line":148},"6":{"loc":{"start":{"line":162,"column":4},"end":{"line":166,"column":5}},"type":"if","locations":[{"start":{"line":162,"column":4},"end":{"line":166,"column":5}},{"start":{},"end":{}}],"line":162},"7":{"loc":{"start":{"line":172,"column":4},"end":{"line":174,"column":5}},"type":"if","locations":[{"start":{"line":172,"column":4},"end":{"line":174,"column":5}},{"start":{},"end":{}}],"line":172},"8":{"loc":{"start":{"line":181,"column":4},"end":{"line":183,"column":5}},"type":"if","locations":[{"start":{"line":181,"column":4},"end":{"line":183,"column":5}},{"start":{},"end":{}}],"line":181}},"s":{"0":1,"1":1,"2":1,"3":1,"4":5,"5":5,"6":5,"7":5,"8":1,"9":4,"10":3,"11":1,"12":2,"13":1,"14":1,"15":1,"16":1,"17":1,"18":1,"19":5,"20":5,"21":5,"22":1,"23":4,"24":3,"25":1,"26":2,"27":2,"28":4,"29":4,"30":3,"31":2,"32":1,"33":1,"34":5,"35":5,"36":5,"37":1,"38":4,"39":4,"40":3,"41":1,"42":2,"43":2,"44":1,"45":1,"46":1,"47":1,"48":1},"f":{"0":5,"1":5,"2":5},"b":{"0":[1,4],"1":[1,2],"2":[1,1],"3":[1,4],"4":[1,2],"5":[3,1],"6":[1,4],"7":[1,2],"8":[1,1]},"_coverageSchema":"1a1c01bbd47fc00a2c39e90264f33305004495a9","hash":"0644e2c894f873e527f99c1dd7be99c21708c8db"}
,"F:\\final_project\\p2p_frontend\\WBD_33_final\\backend\\controllers\\communityController.js": {"path":"F:\\final_project\\p2p_frontend\\WBD_33_final\\backend\\controllers\\communityController.js","statementMap":{"0":{"start":{"line":1,"column":18},"end":{"line":1,"column":55}},"1":{"start":{"line":2,"column":17},"end":{"line":2,"column":36}},"2":{"start":{"line":3,"column":13},"end":{"line":3,"column":47}},"3":{"start":{"line":6,"column":2},"end":{"line":25,"column":3}},"4":{"start":{"line":7,"column":21},"end":{"line":7,"column":46}},"5":{"start":{"line":8,"column":32},"end":{"line":8,"column":40}},"6":{"start":{"line":10,"column":22},"end":{"line":10,"column":54}},"7":{"start":{"line":11,"column":6},"end":{"line":11,"column":78}},"8":{"start":{"line":11,"column":20},"end":{"line":11,"column":78}},"9":{"start":{"line":13,"column":27},"end":{"line":13,"column":75}},"10":{"start":{"line":14,"column":6},"end":{"line":14,"column":88}},"11":{"start":{"line":14,"column":25},"end":{"line":14,"column":88}},"12":{"start":{"line":16,"column":6},"end":{"line":20,"column":7}},"13":{"start":{"line":17,"column":10},"end":{"line":17,"column":46}},"14":{"start":{"line":18,"column":10},"end":{"line":18,"column":36}},"15":{"start":{"line":19,"column":10},"end":{"line":19,"column":76}},"16":{"start":{"line":21,"column":6},"end":{"line":21,"column":76}},"17":{"start":{"line":23,"column":6},"end":{"line":23,"column":55}},"18":{"start":{"line":24,"column":6},"end":{"line":24,"column":64}},"19":{"start":{"line":29,"column":2},"end":{"line":55,"column":3}},"20":{"start":{"line":30,"column":21},"end":{"line":30,"column":46}},"21":{"start":{"line":32,"column":26},"end":{"line":32,"column":68}},"22":{"start":{"line":34,"column":6},"end":{"line":36,"column":7}},"23":{"start":{"line":35,"column":10},"end":{"line":35,"column":68}},"24":{"start":{"line":37,"column":46},"end":{"line":37,"column":54}},"25":{"start":{"line":40,"column":31},"end":{"line":40,"column":80}},"26":{"start":{"line":41,"column":6},"end":{"line":51,"column":7}},"27":{"start":{"line":42,"column":32},"end":{"line":46,"column":12}},"28":{"start":{"line":47,"column":10},"end":{"line":47,"column":37}},"29":{"start":{"line":48,"column":9},"end":{"line":48,"column":78}},"30":{"start":{"line":50,"column":10},"end":{"line":50,"column":71}},"31":{"start":{"line":53,"column":6},"end":{"line":53,"column":37}},"32":{"start":{"line":54,"column":6},"end":{"line":54,"column":53}},"33":{"start":{"line":59,"column":2},"end":{"line":69,"column":3}},"34":{"start":{"line":60,"column":21},"end":{"line":60,"column":46}},"35":{"start":{"line":61,"column":22},"end":{"line":61,"column":54}},"36":{"start":{"line":62,"column":6},"end":{"line":62,"column":78}},"37":{"start":{"line":62,"column":20},"end":{"line":62,"column":78}},"38":{"start":{"line":64,"column":30},"end":{"line":64,"column":73}},"39":{"start":{"line":65,"column":6},"end":{"line":65,"column":44}},"40":{"start":{"line":67,"column":6},"end":{"line":67,"column":65}},"41":{"start":{"line":68,"column":6},"end":{"line":68,"column":64}},"42":{"start":{"line":73,"column":22},"end":{"line":73,"column":46}},"43":{"start":{"line":75,"column":2},"end":{"line":75,"column":24}},"44":{"start":{"line":79,"column":2},"end":{"line":108,"column":3}},"45":{"start":{"line":80,"column":21},"end":{"line":80,"column":46}},"46":{"start":{"line":81,"column":28},"end":{"line":81,"column":48}},"47":{"start":{"line":84,"column":31},"end":{"line":84,"column":119}},"48":{"start":{"line":86,"column":6},"end":{"line":88,"column":7}},"49":{"start":{"line":87,"column":10},"end":{"line":87,"column":80}},"50":{"start":{"line":91,"column":26},"end":{"line":91,"column":68}},"51":{"start":{"line":92,"column":6},"end":{"line":94,"column":7}},"52":{"start":{"line":93,"column":10},"end":{"line":93,"column":75}},"53":{"start":{"line":97,"column":6},"end":{"line":104,"column":9}},"54":{"start":{"line":106,"column":6},"end":{"line":106,"column":61}},"55":{"start":{"line":107,"column":6},"end":{"line":107,"column":71}},"56":{"start":{"line":111,"column":2},"end":{"line":142,"column":3}},"57":{"start":{"line":112,"column":21},"end":{"line":112,"column":46}},"58":{"start":{"line":113,"column":28},"end":{"line":113,"column":48}},"59":{"start":{"line":114,"column":26},"end":{"line":114,"column":34}},"60":{"start":{"line":117,"column":27},"end":{"line":117,"column":75}},"61":{"start":{"line":118,"column":6},"end":{"line":120,"column":7}},"62":{"start":{"line":119,"column":10},"end":{"line":119,"column":80}},"63":{"start":{"line":123,"column":22},"end":{"line":123,"column":64}},"64":{"start":{"line":124,"column":6},"end":{"line":126,"column":7}},"65":{"start":{"line":125,"column":10},"end":{"line":125,"column":75}},"66":{"start":{"line":129,"column":25},"end":{"line":132,"column":7}},"67":{"start":{"line":135,"column":6},"end":{"line":135,"column":45}},"68":{"start":{"line":136,"column":6},"end":{"line":136,"column":32}},"69":{"start":{"line":138,"column":6},"end":{"line":138,"column":98}},"70":{"start":{"line":140,"column":6},"end":{"line":140,"column":53}},"71":{"start":{"line":141,"column":6},"end":{"line":141,"column":71}},"72":{"start":{"line":145,"column":0},"end":{"line":152,"column":2}}},"fnMap":{"0":{"name":"joinCommunity","decl":{"start":{"line":5,"column":15},"end":{"line":5,"column":28}},"loc":{"start":{"line":5,"column":39},"end":{"line":26,"column":1}},"line":5},"1":{"name":"createCommunity","decl":{"start":{"line":28,"column":15},"end":{"line":28,"column":30}},"loc":{"start":{"line":28,"column":41},"end":{"line":56,"column":1}},"line":28},"2":{"name":"getUserCommunities","decl":{"start":{"line":58,"column":15},"end":{"line":58,"column":33}},"loc":{"start":{"line":58,"column":44},"end":{"line":70,"column":1}},"line":58},"3":{"name":"getCommunity","decl":{"start":{"line":72,"column":15},"end":{"line":72,"column":27}},"loc":{"start":{"line":72,"column":38},"end":{"line":76,"column":1}},"line":72},"4":{"name":"getcommunityChat","decl":{"start":{"line":78,"column":15},"end":{"line":78,"column":31}},"loc":{"start":{"line":78,"column":42},"end":{"line":109,"column":1}},"line":78},"5":{"name":"sendMessage","decl":{"start":{"line":110,"column":15},"end":{"line":110,"column":26}},"loc":{"start":{"line":110,"column":37},"end":{"line":143,"column":1}},"line":110}},"branchMap":{"0":{"loc":{"start":{"line":11,"column":6},"end":{"line":11,"column":78}},"type":"if","locations":[{"start":{"line":11,"column":6},"end":{"line":11,"column":78}},{"start":{},"end":{}}],"line":11},"1":{"loc":{"start":{"line":14,"column":6},"end":{"line":14,"column":88}},"type":"if","locations":[{"start":{"line":14,"column":6},"end":{"line":14,"column":88}},{"start":{},"end":{}}],"line":14},"2":{"loc":{"start":{"line":16,"column":6},"end":{"line":20,"column":7}},"type":"if","locations":[{"start":{"line":16,"column":6},"end":{"line":20,"column":7}},{"start":{},"end":{}}],"line":16},"3":{"loc":{"start":{"line":34,"column":6},"end":{"line":36,"column":7}},"type":"if","locations":[{"start":{"line":34,"column":6},"end":{"line":36,"column":7}},{"start":{},"end":{}}],"line":34},"4":{"loc":{"start":{"line":41,"column":6},"end":{"line":51,"column":7}},"type":"if","locations":[{"start":{"line":41,"column":6},"end":{"line":51,"column":7}},{"start":{"line":49,"column":13},"end":{"line":51,"column":7}}],"line":41},"5":{"loc":{"start":{"line":41,"column":10},"end":{"line":41,"column":39}},"type":"binary-expr","locations":[{"start":{"line":41,"column":10},"end":{"line":41,"column":18}},{"start":{"line":41,"column":22},"end":{"line":41,"column":39}}],"line":41},"6":{"loc":{"start":{"line":62,"column":6},"end":{"line":62,"column":78}},"type":"if","locations":[{"start":{"line":62,"column":6},"end":{"line":62,"column":78}},{"start":{},"end":{}}],"line":62},"7":{"loc":{"start":{"line":86,"column":6},"end":{"line":88,"column":7}},"type":"if","locations":[{"start":{"line":86,"column":6},"end":{"line":88,"column":7}},{"start":{},"end":{}}],"line":86},"8":{"loc":{"start":{"line":92,"column":6},"end":{"line":94,"column":7}},"type":"if","locations":[{"start":{"line":92,"column":6},"end":{"line":94,"column":7}},{"start":{},"end":{}}],"line":92},"9":{"loc":{"start":{"line":118,"column":6},"end":{"line":120,"column":7}},"type":"if","locations":[{"start":{"line":118,"column":6},"end":{"line":120,"column":7}},{"start":{},"end":{}}],"line":118},"10":{"loc":{"start":{"line":124,"column":6},"end":{"line":126,"column":7}},"type":"if","locations":[{"start":{"line":124,"column":6},"end":{"line":126,"column":7}},{"start":{},"end":{}}],"line":124}},"s":{"0":1,"1":1,"2":1,"3":4,"4":4,"5":4,"6":4,"7":4,"8":1,"9":3,"10":3,"11":1,"12":2,"13":1,"14":1,"15":1,"16":1,"17":0,"18":0,"19":3,"20":3,"21":3,"22":3,"23":1,"24":2,"25":2,"26":2,"27":1,"28":1,"29":1,"30":1,"31":0,"32":0,"33":2,"34":2,"35":2,"36":2,"37":1,"38":1,"39":1,"40":0,"41":0,"42":1,"43":1,"44":3,"45":3,"46":3,"47":3,"48":3,"49":1,"50":2,"51":2,"52":1,"53":1,"54":0,"55":0,"56":3,"57":3,"58":3,"59":3,"60":3,"61":3,"62":1,"63":2,"64":2,"65":1,"66":1,"67":1,"68":1,"69":1,"70":0,"71":0,"72":1},"f":{"0":4,"1":3,"2":2,"3":1,"4":3,"5":3},"b":{"0":[1,3],"1":[1,2],"2":[1,1],"3":[1,2],"4":[1,1],"5":[2,2],"6":[1,1],"7":[1,2],"8":[1,1],"9":[1,2],"10":[1,1]},"_coverageSchema":"1a1c01bbd47fc00a2c39e90264f33305004495a9","hash":"07b55c8b7021e17ff1e9b9224eb04e7bda3d8468"}
,"F:\\final_project\\p2p_frontend\\WBD_33_final\\backend\\controllers\\dashboardController.js": {"path":"F:\\final_project\\p2p_frontend\\WBD_33_final\\backend\\controllers\\dashboardController.js","statementMap":{"0":{"start":{"line":1,"column":14},"end":{"line":1,"column":32}},"1":{"start":{"line":2,"column":10},"end":{"line":2,"column":19}},"2":{"start":{"line":3,"column":11},"end":{"line":3,"column":26}},"3":{"start":{"line":4,"column":15},"end":{"line":4,"column":34}},"4":{"start":{"line":5,"column":11},"end":{"line":5,"column":45}},"5":{"start":{"line":6,"column":19},"end":{"line":6,"column":50}},"6":{"start":{"line":7,"column":23},"end":{"line":7,"column":51}},"7":{"start":{"line":8,"column":18},"end":{"line":8,"column":36}},"8":{"start":{"line":9,"column":20},"end":{"line":9,"column":58}},"9":{"start":{"line":10,"column":30},"end":{"line":10,"column":58}},"10":{"start":{"line":11,"column":10},"end":{"line":11,"column":28}},"11":{"start":{"line":15,"column":19},"end":{"line":15,"column":44}},"12":{"start":{"line":16,"column":2},"end":{"line":16,"column":44}},"13":{"start":{"line":17,"column":4},"end":{"line":17,"column":46}},"14":{"start":{"line":18,"column":4},"end":{"line":23,"column":5}},"15":{"start":{"line":19,"column":22},"end":{"line":19,"column":54}},"16":{"start":{"line":20,"column":6},"end":{"line":20,"column":36}},"17":{"start":{"line":22,"column":6},"end":{"line":22,"column":70}},"18":{"start":{"line":28,"column":25},"end":{"line":28,"column":33}},"19":{"start":{"line":30,"column":4},"end":{"line":30,"column":60}},"20":{"start":{"line":74,"column":2},"end":{"line":89,"column":3}},"21":{"start":{"line":75,"column":21},"end":{"line":75,"column":39}},"22":{"start":{"line":76,"column":4},"end":{"line":76,"column":60}},"23":{"start":{"line":78,"column":19},"end":{"line":78,"column":72}},"24":{"start":{"line":79,"column":4},"end":{"line":79,"column":43}},"25":{"start":{"line":81,"column":4},"end":{"line":83,"column":5}},"26":{"start":{"line":82,"column":6},"end":{"line":82,"column":63}},"27":{"start":{"line":85,"column":4},"end":{"line":85,"column":67}},"28":{"start":{"line":87,"column":4},"end":{"line":87,"column":49}},"29":{"start":{"line":88,"column":4},"end":{"line":88,"column":61}},"30":{"start":{"line":114,"column":2},"end":{"line":127,"column":3}},"31":{"start":{"line":115,"column":21},"end":{"line":115,"column":46}},"32":{"start":{"line":116,"column":20},"end":{"line":116,"column":60}},"33":{"start":{"line":117,"column":4},"end":{"line":119,"column":5}},"34":{"start":{"line":118,"column":6},"end":{"line":118,"column":81}},"35":{"start":{"line":120,"column":25},"end":{"line":120,"column":51}},"36":{"start":{"line":124,"column":4},"end":{"line":124,"column":27}},"37":{"start":{"line":126,"column":4},"end":{"line":126,"column":68}},"38":{"start":{"line":132,"column":2},"end":{"line":137,"column":3}},"39":{"start":{"line":133,"column":18},"end":{"line":133,"column":37}},"40":{"start":{"line":134,"column":4},"end":{"line":134,"column":32}},"41":{"start":{"line":136,"column":4},"end":{"line":136,"column":68}},"42":{"start":{"line":141,"column":2},"end":{"line":153,"column":3}},"43":{"start":{"line":142,"column":21},"end":{"line":142,"column":46}},"44":{"start":{"line":143,"column":20},"end":{"line":143,"column":59}},"45":{"start":{"line":145,"column":4},"end":{"line":147,"column":5}},"46":{"start":{"line":146,"column":6},"end":{"line":146,"column":81}},"47":{"start":{"line":149,"column":25},"end":{"line":149,"column":79}},"48":{"start":{"line":150,"column":4},"end":{"line":150,"column":27}},"49":{"start":{"line":152,"column":4},"end":{"line":152,"column":68}},"50":{"start":{"line":158,"column":2},"end":{"line":170,"column":3}},"51":{"start":{"line":159,"column":21},"end":{"line":159,"column":46}},"52":{"start":{"line":160,"column":20},"end":{"line":160,"column":61}},"53":{"start":{"line":162,"column":4},"end":{"line":164,"column":5}},"54":{"start":{"line":163,"column":6},"end":{"line":163,"column":81}},"55":{"start":{"line":166,"column":25},"end":{"line":166,"column":79}},"56":{"start":{"line":167,"column":4},"end":{"line":167,"column":27}},"57":{"start":{"line":169,"column":4},"end":{"line":169,"column":68}},"58":{"start":{"line":176,"column":0},"end":{"line":176,"column":117}}},"fnMap":{"0":{"name":"getuserdata","decl":{"start":{"line":14,"column":15},"end":{"line":14,"column":26}},"loc":{"start":{"line":14,"column":35},"end":{"line":24,"column":1}},"line":14},"1":{"name":"signout","decl":{"start":{"line":27,"column":15},"end":{"line":27,"column":22}},"loc":{"start":{"line":27,"column":31},"end":{"line":32,"column":1}},"line":27},"2":{"name":"admindeletegame","decl":{"start":{"line":73,"column":15},"end":{"line":73,"column":30}},"loc":{"start":{"line":73,"column":41},"end":{"line":90,"column":1}},"line":73},"3":{"name":"getaTransactions","decl":{"start":{"line":113,"column":15},"end":{"line":113,"column":31}},"loc":{"start":{"line":113,"column":41},"end":{"line":128,"column":1}},"line":113},"4":{"name":"geteveryUser","decl":{"start":{"line":130,"column":15},"end":{"line":130,"column":27}},"loc":{"start":{"line":130,"column":37},"end":{"line":138,"column":1}},"line":130},"5":{"name":"getuTransactions","decl":{"start":{"line":139,"column":15},"end":{"line":139,"column":31}},"loc":{"start":{"line":139,"column":41},"end":{"line":154,"column":1}},"line":139},"6":{"name":"getsTransactions","decl":{"start":{"line":156,"column":15},"end":{"line":156,"column":31}},"loc":{"start":{"line":156,"column":41},"end":{"line":171,"column":1}},"line":156}},"branchMap":{"0":{"loc":{"start":{"line":81,"column":4},"end":{"line":83,"column":5}},"type":"if","locations":[{"start":{"line":81,"column":4},"end":{"line":83,"column":5}},{"start":{},"end":{}}],"line":81},"1":{"loc":{"start":{"line":117,"column":4},"end":{"line":119,"column":5}},"type":"if","locations":[{"start":{"line":117,"column":4},"end":{"line":119,"column":5}},{"start":{},"end":{}}],"line":117},"2":{"loc":{"start":{"line":145,"column":4},"end":{"line":147,"column":5}},"type":"if","locations":[{"start":{"line":145,"column":4},"end":{"line":147,"column":5}},{"start":{},"end":{}}],"line":145},"3":{"loc":{"start":{"line":162,"column":4},"end":{"line":164,"column":5}},"type":"if","locations":[{"start":{"line":162,"column":4},"end":{"line":164,"column":5}},{"start":{},"end":{}}],"line":162}},"s":{"0":2,"1":2,"2":2,"3":2,"4":2,"5":2,"6":2,"7":2,"8":2,"9":2,"10":2,"11":2,"12":2,"13":2,"14":2,"15":2,"16":1,"17":1,"18":0,"19":0,"20":3,"21":3,"22":3,"23":3,"24":2,"25":2,"26":1,"27":1,"28":1,"29":1,"30":3,"31":3,"32":3,"33":2,"34":1,"35":1,"36":1,"37":1,"38":2,"39":2,"40":1,"41":1,"42":3,"43":3,"44":3,"45":2,"46":1,"47":1,"48":1,"49":1,"50":3,"51":3,"52":3,"53":2,"54":1,"55":1,"56":1,"57":1,"58":2},"f":{"0":2,"1":0,"2":3,"3":3,"4":2,"5":3,"6":3},"b":{"0":[1,1],"1":[1,1],"2":[1,1],"3":[1,1]},"_coverageSchema":"1a1c01bbd47fc00a2c39e90264f33305004495a9","hash":"a585aa996764e972aabaf3f02a8a95a5c047836f"}
,"F:\\final_project\\p2p_frontend\\WBD_33_final\\backend\\controllers\\gamepageController.js": {"path":"F:\\final_project\\p2p_frontend\\WBD_33_final\\backend\\controllers\\gamepageController.js","statementMap":{"0":{"start":{"line":1,"column":16},"end":{"line":1,"column":34}},"1":{"start":{"line":2,"column":13},"end":{"line":2,"column":28}},"2":{"start":{"line":3,"column":13},"end":{"line":3,"column":47}},"3":{"start":{"line":4,"column":21},"end":{"line":4,"column":52}},"4":{"start":{"line":7,"column":39},"end":{"line":7,"column":47}},"5":{"start":{"line":8,"column":23},"end":{"line":8,"column":33}},"6":{"start":{"line":11,"column":2},"end":{"line":64,"column":3}},"7":{"start":{"line":12,"column":17},"end":{"line":12,"column":68}},"8":{"start":{"line":16,"column":4},"end":{"line":18,"column":5}},"9":{"start":{"line":17,"column":6},"end":{"line":17,"column":66}},"10":{"start":{"line":21,"column":21},"end":{"line":21,"column":46}},"11":{"start":{"line":22,"column":4},"end":{"line":26,"column":5}},"12":{"start":{"line":23,"column":6},"end":{"line":25,"column":61}},"13":{"start":{"line":29,"column":27},"end":{"line":31,"column":5}},"14":{"start":{"line":30,"column":18},"end":{"line":30,"column":42}},"15":{"start":{"line":32,"column":4},"end":{"line":36,"column":5}},"16":{"start":{"line":33,"column":6},"end":{"line":35,"column":76}},"17":{"start":{"line":39,"column":26},"end":{"line":39,"column":37}},"18":{"start":{"line":40,"column":24},"end":{"line":40,"column":43}},"19":{"start":{"line":42,"column":6},"end":{"line":43,"column":23}},"20":{"start":{"line":46,"column":4},"end":{"line":46,"column":28}},"21":{"start":{"line":47,"column":4},"end":{"line":51,"column":7}},"22":{"start":{"line":56,"column":28},"end":{"line":56,"column":45}},"23":{"start":{"line":59,"column":4},"end":{"line":59,"column":34}},"24":{"start":{"line":61,"column":4},"end":{"line":61,"column":50}},"25":{"start":{"line":63,"column":4},"end":{"line":63,"column":61}},"26":{"start":{"line":70,"column":23},"end":{"line":70,"column":33}},"27":{"start":{"line":72,"column":2},"end":{"line":82,"column":3}},"28":{"start":{"line":73,"column":20},"end":{"line":73,"column":71}},"29":{"start":{"line":74,"column":4},"end":{"line":78,"column":5}},"30":{"start":{"line":75,"column":6},"end":{"line":75,"column":24}},"31":{"start":{"line":77,"column":6},"end":{"line":77,"column":66}},"32":{"start":{"line":80,"column":4},"end":{"line":80,"column":35}},"33":{"start":{"line":81,"column":4},"end":{"line":81,"column":68}},"34":{"start":{"line":86,"column":23},"end":{"line":86,"column":33}},"35":{"start":{"line":88,"column":2},"end":{"line":123,"column":3}},"36":{"start":{"line":89,"column":20},"end":{"line":89,"column":71}},"37":{"start":{"line":90,"column":4},"end":{"line":120,"column":5}},"38":{"start":{"line":91,"column":29},"end":{"line":91,"column":31}},"39":{"start":{"line":93,"column":24},"end":{"line":93,"column":25}},"40":{"start":{"line":95,"column":32},"end":{"line":95,"column":51}},"41":{"start":{"line":96,"column":32},"end":{"line":96,"column":51}},"42":{"start":{"line":97,"column":24},"end":{"line":99,"column":8}},"43":{"start":{"line":101,"column":6},"end":{"line":112,"column":7}},"44":{"start":{"line":102,"column":28},"end":{"line":102,"column":60}},"45":{"start":{"line":103,"column":34},"end":{"line":105,"column":31}},"46":{"start":{"line":106,"column":8},"end":{"line":106,"column":54}},"47":{"start":{"line":107,"column":8},"end":{"line":107,"column":46}},"48":{"start":{"line":109,"column":8},"end":{"line":111,"column":9}},"49":{"start":{"line":109,"column":21},"end":{"line":109,"column":22}},"50":{"start":{"line":110,"column":10},"end":{"line":110,"column":48}},"51":{"start":{"line":117,"column":6},"end":{"line":117,"column":33}},"52":{"start":{"line":119,"column":6},"end":{"line":119,"column":66}},"53":{"start":{"line":122,"column":4},"end":{"line":122,"column":75}},"54":{"start":{"line":126,"column":0},"end":{"line":126,"column":62}}},"fnMap":{"0":{"name":"postreview","decl":{"start":{"line":6,"column":15},"end":{"line":6,"column":25}},"loc":{"start":{"line":6,"column":36},"end":{"line":65,"column":1}},"line":6},"1":{"name":"(anonymous_1)","decl":{"start":{"line":30,"column":6},"end":{"line":30,"column":7}},"loc":{"start":{"line":30,"column":18},"end":{"line":30,"column":42}},"line":30},"2":{"name":"getclickgame","decl":{"start":{"line":69,"column":15},"end":{"line":69,"column":27}},"loc":{"start":{"line":69,"column":38},"end":{"line":83,"column":1}},"line":69},"3":{"name":"getComparisons","decl":{"start":{"line":85,"column":15},"end":{"line":85,"column":29}},"loc":{"start":{"line":85,"column":40},"end":{"line":124,"column":1}},"line":85}},"branchMap":{"0":{"loc":{"start":{"line":16,"column":4},"end":{"line":18,"column":5}},"type":"if","locations":[{"start":{"line":16,"column":4},"end":{"line":18,"column":5}},{"start":{},"end":{}}],"line":16},"1":{"loc":{"start":{"line":22,"column":4},"end":{"line":26,"column":5}},"type":"if","locations":[{"start":{"line":22,"column":4},"end":{"line":26,"column":5}},{"start":{},"end":{}}],"line":22},"2":{"loc":{"start":{"line":32,"column":4},"end":{"line":36,"column":5}},"type":"if","locations":[{"start":{"line":32,"column":4},"end":{"line":36,"column":5}},{"start":{},"end":{}}],"line":32},"3":{"loc":{"start":{"line":74,"column":4},"end":{"line":78,"column":5}},"type":"if","locations":[{"start":{"line":74,"column":4},"end":{"line":78,"column":5}},{"start":{"line":76,"column":11},"end":{"line":78,"column":5}}],"line":74},"4":{"loc":{"start":{"line":90,"column":4},"end":{"line":120,"column":5}},"type":"if","locations":[{"start":{"line":90,"column":4},"end":{"line":120,"column":5}},{"start":{"line":118,"column":11},"end":{"line":120,"column":5}}],"line":90},"5":{"loc":{"start":{"line":101,"column":6},"end":{"line":112,"column":7}},"type":"if","locations":[{"start":{"line":101,"column":6},"end":{"line":112,"column":7}},{"start":{"line":108,"column":13},"end":{"line":112,"column":7}}],"line":101}},"s":{"0":1,"1":1,"2":1,"3":1,"4":5,"5":5,"6":5,"7":5,"8":4,"9":1,"10":3,"11":3,"12":1,"13":2,"14":1,"15":2,"16":1,"17":1,"18":1,"19":1,"20":1,"21":1,"22":1,"23":1,"24":1,"25":1,"26":3,"27":3,"28":3,"29":2,"30":1,"31":1,"32":1,"33":1,"34":3,"35":3,"36":3,"37":2,"38":1,"39":1,"40":1,"41":1,"42":1,"43":1,"44":1,"45":1,"46":0,"47":0,"48":0,"49":0,"50":0,"51":0,"52":1,"53":2,"54":1},"f":{"0":5,"1":1,"2":3,"3":3},"b":{"0":[1,3],"1":[1,2],"2":[1,1],"3":[1,1],"4":[1,1],"5":[1,0]},"_coverageSchema":"1a1c01bbd47fc00a2c39e90264f33305004495a9","hash":"3caf380c5a0998d6e8887b418ae5880dbc329b44"}
,"F:\\final_project\\p2p_frontend\\WBD_33_final\\backend\\controllers\\loginController.js": {"path":"F:\\final_project\\p2p_frontend\\WBD_33_final\\backend\\controllers\\loginController.js","statementMap":{"0":{"start":{"line":1,"column":16},"end":{"line":1,"column":34}},"1":{"start":{"line":2,"column":13},"end":{"line":2,"column":28}},"2":{"start":{"line":3,"column":15},"end":{"line":3,"column":34}},"3":{"start":{"line":4,"column":22},"end":{"line":4,"column":46}},"4":{"start":{"line":5,"column":13},"end":{"line":5,"column":47}},"5":{"start":{"line":6,"column":8},"end":{"line":6,"column":10}},"6":{"start":{"line":10,"column":33},"end":{"line":10,"column":41}},"7":{"start":{"line":12,"column":2},"end":{"line":12,"column":38}},"8":{"start":{"line":13,"column":2},"end":{"line":39,"column":3}},"9":{"start":{"line":14,"column":19},"end":{"line":14,"column":51}},"10":{"start":{"line":16,"column":4},"end":{"line":19,"column":5}},"11":{"start":{"line":18,"column":6},"end":{"line":18,"column":74}},"12":{"start":{"line":21,"column":19},"end":{"line":21,"column":66}},"13":{"start":{"line":23,"column":4},"end":{"line":35,"column":5}},"14":{"start":{"line":30,"column":6},"end":{"line":30,"column":65}},"15":{"start":{"line":34,"column":6},"end":{"line":34,"column":74}},"16":{"start":{"line":37,"column":4},"end":{"line":37,"column":33}},"17":{"start":{"line":38,"column":4},"end":{"line":38,"column":75}},"18":{"start":{"line":42,"column":0},"end":{"line":42,"column":30}}},"fnMap":{"0":{"name":"postlogin","decl":{"start":{"line":9,"column":15},"end":{"line":9,"column":24}},"loc":{"start":{"line":9,"column":35},"end":{"line":40,"column":1}},"line":9}},"branchMap":{"0":{"loc":{"start":{"line":16,"column":4},"end":{"line":19,"column":5}},"type":"if","locations":[{"start":{"line":16,"column":4},"end":{"line":19,"column":5}},{"start":{},"end":{}}],"line":16},"1":{"loc":{"start":{"line":23,"column":4},"end":{"line":35,"column":5}},"type":"if","locations":[{"start":{"line":23,"column":4},"end":{"line":35,"column":5}},{"start":{"line":32,"column":11},"end":{"line":35,"column":5}}],"line":23}},"s":{"0":3,"1":3,"2":3,"3":3,"4":3,"5":3,"6":3,"7":3,"8":3,"9":3,"10":2,"11":1,"12":1,"13":1,"14":0,"15":1,"16":1,"17":1,"18":3},"f":{"0":3},"b":{"0":[1,1],"1":[0,1]},"_coverageSchema":"1a1c01bbd47fc00a2c39e90264f33305004495a9","hash":"9e3c78330524286ccaaed13e04a522e9dad02ac2"}
,"F:\\final_project\\p2p_frontend\\WBD_33_final\\backend\\controllers\\paymentController.js": {"path":"F:\\final_project\\p2p_frontend\\WBD_33_final\\backend\\controllers\\paymentController.js","statementMap":{"0":{"start":{"line":1,"column":16},"end":{"line":1,"column":34}},"1":{"start":{"line":2,"column":13},"end":{"line":2,"column":28}},"2":{"start":{"line":3,"column":12},"end":{"line":3,"column":21}},"3":{"start":{"line":4,"column":13},"end":{"line":4,"column":47}},"4":{"start":{"line":5,"column":20},"end":{"line":5,"column":58}},"5":{"start":{"line":6,"column":21},"end":{"line":6,"column":52}},"6":{"start":{"line":7,"column":15},"end":{"line":7,"column":34}},"7":{"start":{"line":11,"column":4},"end":{"line":89,"column":5}},"8":{"start":{"line":12,"column":25},"end":{"line":12,"column":50}},"9":{"start":{"line":15,"column":8},"end":{"line":17,"column":9}},"10":{"start":{"line":16,"column":12},"end":{"line":16,"column":86}},"11":{"start":{"line":19,"column":26},"end":{"line":19,"column":68}},"12":{"start":{"line":21,"column":8},"end":{"line":23,"column":9}},"13":{"start":{"line":22,"column":12},"end":{"line":22,"column":76}},"14":{"start":{"line":28,"column":8},"end":{"line":30,"column":9}},"15":{"start":{"line":29,"column":12},"end":{"line":29,"column":75}},"16":{"start":{"line":32,"column":8},"end":{"line":73,"column":9}},"17":{"start":{"line":35,"column":12},"end":{"line":37,"column":13}},"18":{"start":{"line":36,"column":16},"end":{"line":36,"column":92}},"19":{"start":{"line":39,"column":29},"end":{"line":39,"column":76}},"20":{"start":{"line":43,"column":12},"end":{"line":45,"column":13}},"21":{"start":{"line":44,"column":16},"end":{"line":44,"column":88}},"22":{"start":{"line":48,"column":12},"end":{"line":52,"column":13}},"23":{"start":{"line":49,"column":16},"end":{"line":51,"column":19}},"24":{"start":{"line":55,"column":12},"end":{"line":55,"column":56}},"25":{"start":{"line":58,"column":12},"end":{"line":58,"column":40}},"26":{"start":{"line":59,"column":12},"end":{"line":59,"column":46}},"27":{"start":{"line":61,"column":12},"end":{"line":61,"column":34}},"28":{"start":{"line":64,"column":36},"end":{"line":70,"column":14}},"29":{"start":{"line":72,"column":12},"end":{"line":72,"column":41}},"30":{"start":{"line":76,"column":8},"end":{"line":76,"column":28}},"31":{"start":{"line":77,"column":8},"end":{"line":77,"column":31}},"32":{"start":{"line":83,"column":8},"end":{"line":85,"column":11}},"33":{"start":{"line":87,"column":8},"end":{"line":87,"column":39}},"34":{"start":{"line":88,"column":8},"end":{"line":88,"column":72}},"35":{"start":{"line":93,"column":4},"end":{"line":135,"column":5}},"36":{"start":{"line":94,"column":30},"end":{"line":94,"column":38}},"37":{"start":{"line":95,"column":31},"end":{"line":95,"column":56}},"38":{"start":{"line":97,"column":8},"end":{"line":99,"column":9}},"39":{"start":{"line":98,"column":12},"end":{"line":98,"column":86}},"40":{"start":{"line":101,"column":21},"end":{"line":101,"column":62}},"41":{"start":{"line":102,"column":24},"end":{"line":102,"column":72}},"42":{"start":{"line":104,"column":8},"end":{"line":106,"column":9}},"43":{"start":{"line":105,"column":12},"end":{"line":105,"column":86}},"44":{"start":{"line":108,"column":8},"end":{"line":110,"column":9}},"45":{"start":{"line":109,"column":12},"end":{"line":109,"column":92}},"46":{"start":{"line":113,"column":8},"end":{"line":113,"column":46}},"47":{"start":{"line":114,"column":8},"end":{"line":114,"column":29}},"48":{"start":{"line":117,"column":8},"end":{"line":117,"column":32}},"49":{"start":{"line":118,"column":8},"end":{"line":118,"column":26}},"50":{"start":{"line":121,"column":31},"end":{"line":127,"column":10}},"51":{"start":{"line":129,"column":8},"end":{"line":129,"column":36}},"52":{"start":{"line":131,"column":8},"end":{"line":131,"column":77}},"53":{"start":{"line":133,"column":8},"end":{"line":133,"column":39}},"54":{"start":{"line":134,"column":8},"end":{"line":134,"column":72}},"55":{"start":{"line":140,"column":4},"end":{"line":150,"column":5}},"56":{"start":{"line":141,"column":32},"end":{"line":141,"column":95}},"57":{"start":{"line":143,"column":8},"end":{"line":146,"column":11}},"58":{"start":{"line":148,"column":8},"end":{"line":148,"column":39}},"59":{"start":{"line":149,"column":8},"end":{"line":149,"column":72}},"60":{"start":{"line":154,"column":4},"end":{"line":175,"column":5}},"61":{"start":{"line":155,"column":32},"end":{"line":166,"column":10}},"62":{"start":{"line":168,"column":8},"end":{"line":171,"column":11}},"63":{"start":{"line":173,"column":8},"end":{"line":173,"column":39}},"64":{"start":{"line":174,"column":8},"end":{"line":174,"column":72}},"65":{"start":{"line":180,"column":0},"end":{"line":180,"column":79}}},"fnMap":{"0":{"name":"cartpaygame","decl":{"start":{"line":10,"column":15},"end":{"line":10,"column":26}},"loc":{"start":{"line":10,"column":37},"end":{"line":90,"column":1}},"line":10},"1":{"name":"paygame","decl":{"start":{"line":92,"column":15},"end":{"line":92,"column":22}},"loc":{"start":{"line":92,"column":33},"end":{"line":136,"column":1}},"line":92},"2":{"name":"getTopSellingGames","decl":{"start":{"line":139,"column":15},"end":{"line":139,"column":33}},"loc":{"start":{"line":139,"column":44},"end":{"line":151,"column":1}},"line":139},"3":{"name":"getTopRevenueGames","decl":{"start":{"line":153,"column":15},"end":{"line":153,"column":33}},"loc":{"start":{"line":153,"column":44},"end":{"line":176,"column":1}},"line":153}},"branchMap":{"0":{"loc":{"start":{"line":15,"column":8},"end":{"line":17,"column":9}},"type":"if","locations":[{"start":{"line":15,"column":8},"end":{"line":17,"column":9}},{"start":{},"end":{}}],"line":15},"1":{"loc":{"start":{"line":21,"column":8},"end":{"line":23,"column":9}},"type":"if","locations":[{"start":{"line":21,"column":8},"end":{"line":23,"column":9}},{"start":{},"end":{}}],"line":21},"2":{"loc":{"start":{"line":28,"column":8},"end":{"line":30,"column":9}},"type":"if","locations":[{"start":{"line":28,"column":8},"end":{"line":30,"column":9}},{"start":{},"end":{}}],"line":28},"3":{"loc":{"start":{"line":28,"column":12},"end":{"line":28,"column":58}},"type":"binary-expr","locations":[{"start":{"line":28,"column":12},"end":{"line":28,"column":27}},{"start":{"line":28,"column":31},"end":{"line":28,"column":58}}],"line":28},"4":{"loc":{"start":{"line":35,"column":12},"end":{"line":37,"column":13}},"type":"if","locations":[{"start":{"line":35,"column":12},"end":{"line":37,"column":13}},{"start":{},"end":{}}],"line":35},"5":{"loc":{"start":{"line":43,"column":12},"end":{"line":45,"column":13}},"type":"if","locations":[{"start":{"line":43,"column":12},"end":{"line":45,"column":13}},{"start":{},"end":{}}],"line":43},"6":{"loc":{"start":{"line":48,"column":12},"end":{"line":52,"column":13}},"type":"if","locations":[{"start":{"line":48,"column":12},"end":{"line":52,"column":13}},{"start":{},"end":{}}],"line":48},"7":{"loc":{"start":{"line":97,"column":8},"end":{"line":99,"column":9}},"type":"if","locations":[{"start":{"line":97,"column":8},"end":{"line":99,"column":9}},{"start":{},"end":{}}],"line":97},"8":{"loc":{"start":{"line":104,"column":8},"end":{"line":106,"column":9}},"type":"if","locations":[{"start":{"line":104,"column":8},"end":{"line":106,"column":9}},{"start":{},"end":{}}],"line":104},"9":{"loc":{"start":{"line":108,"column":8},"end":{"line":110,"column":9}},"type":"if","locations":[{"start":{"line":108,"column":8},"end":{"line":110,"column":9}},{"start":{},"end":{}}],"line":108}},"s":{"0":1,"1":1,"2":1,"3":1,"4":1,"5":1,"6":1,"7":2,"8":2,"9":2,"10":0,"11":2,"12":2,"13":0,"14":2,"15":1,"16":1,"17":2,"18":0,"19":2,"20":2,"21":0,"22":2,"23":0,"24":2,"25":2,"26":2,"27":2,"28":2,"29":2,"30":1,"31":1,"32":1,"33":0,"34":0,"35":3,"36":3,"37":3,"38":3,"39":1,"40":2,"41":2,"42":2,"43":0,"44":2,"45":1,"46":1,"47":1,"48":1,"49":1,"50":1,"51":1,"52":1,"53":0,"54":0,"55":1,"56":1,"57":1,"58":0,"59":0,"60":1,"61":1,"62":1,"63":0,"64":0,"65":1},"f":{"0":2,"1":3,"2":1,"3":1},"b":{"0":[0,2],"1":[0,2],"2":[1,1],"3":[2,2],"4":[0,2],"5":[0,2],"6":[0,2],"7":[1,2],"8":[0,2],"9":[1,1]},"_coverageSchema":"1a1c01bbd47fc00a2c39e90264f33305004495a9","hash":"f98dfb8dc8e3be95e3924dbd2886e3fb0c6b3873"}
,"F:\\final_project\\p2p_frontend\\WBD_33_final\\backend\\controllers\\registerController.js": {"path":"F:\\final_project\\p2p_frontend\\WBD_33_final\\backend\\controllers\\registerController.js","statementMap":{"0":{"start":{"line":1,"column":16},"end":{"line":1,"column":34}},"1":{"start":{"line":2,"column":13},"end":{"line":2,"column":28}},"2":{"start":{"line":3,"column":15},"end":{"line":3,"column":34}},"3":{"start":{"line":4,"column":13},"end":{"line":4,"column":47}},"4":{"start":{"line":9,"column":2},"end":{"line":47,"column":3}},"5":{"start":{"line":10,"column":64},"end":{"line":10,"column":72}},"6":{"start":{"line":12,"column":22},"end":{"line":12,"column":53}},"7":{"start":{"line":13,"column":19},"end":{"line":13,"column":51}},"8":{"start":{"line":14,"column":20},"end":{"line":14,"column":49}},"9":{"start":{"line":16,"column":4},"end":{"line":18,"column":5}},"10":{"start":{"line":17,"column":6},"end":{"line":17,"column":82}},"11":{"start":{"line":20,"column":23},"end":{"line":20,"column":52}},"12":{"start":{"line":21,"column":4},"end":{"line":23,"column":5}},"13":{"start":{"line":22,"column":6},"end":{"line":22,"column":25}},"14":{"start":{"line":25,"column":4},"end":{"line":28,"column":5}},"15":{"start":{"line":26,"column":6},"end":{"line":26,"column":60}},"16":{"start":{"line":27,"column":6},"end":{"line":27,"column":79}},"17":{"start":{"line":30,"column":4},"end":{"line":33,"column":5}},"18":{"start":{"line":31,"column":6},"end":{"line":31,"column":54}},"19":{"start":{"line":32,"column":6},"end":{"line":32,"column":76}},"20":{"start":{"line":35,"column":21},"end":{"line":40,"column":6}},"21":{"start":{"line":42,"column":4},"end":{"line":42,"column":26}},"22":{"start":{"line":43,"column":4},"end":{"line":43,"column":66}},"23":{"start":{"line":45,"column":4},"end":{"line":45,"column":25}},"24":{"start":{"line":46,"column":4},"end":{"line":46,"column":50}},"25":{"start":{"line":49,"column":0},"end":{"line":49,"column":35}}},"fnMap":{"0":{"name":"postregister","decl":{"start":{"line":8,"column":15},"end":{"line":8,"column":27}},"loc":{"start":{"line":8,"column":38},"end":{"line":48,"column":1}},"line":8}},"branchMap":{"0":{"loc":{"start":{"line":16,"column":4},"end":{"line":18,"column":5}},"type":"if","locations":[{"start":{"line":16,"column":4},"end":{"line":18,"column":5}},{"start":{},"end":{}}],"line":16},"1":{"loc":{"start":{"line":21,"column":4},"end":{"line":23,"column":5}},"type":"if","locations":[{"start":{"line":21,"column":4},"end":{"line":23,"column":5}},{"start":{},"end":{}}],"line":21},"2":{"loc":{"start":{"line":25,"column":4},"end":{"line":28,"column":5}},"type":"if","locations":[{"start":{"line":25,"column":4},"end":{"line":28,"column":5}},{"start":{},"end":{}}],"line":25},"3":{"loc":{"start":{"line":30,"column":4},"end":{"line":33,"column":5}},"type":"if","locations":[{"start":{"line":30,"column":4},"end":{"line":33,"column":5}},{"start":{},"end":{}}],"line":30}},"s":{"0":1,"1":1,"2":1,"3":1,"4":6,"5":6,"6":6,"7":5,"8":5,"9":5,"10":1,"11":4,"12":4,"13":3,"14":4,"15":1,"16":1,"17":3,"18":1,"19":1,"20":2,"21":2,"22":2,"23":1,"24":1,"25":1},"f":{"0":6},"b":{"0":[1,4],"1":[3,1],"2":[1,3],"3":[1,2]},"_coverageSchema":"1a1c01bbd47fc00a2c39e90264f33305004495a9","hash":"dbff7c0048d513eac6271931c1210efc1d1eddef"}
,"F:\\final_project\\p2p_frontend\\WBD_33_final\\backend\\controllers\\sellerController.js": {"path":"F:\\final_project\\p2p_frontend\\WBD_33_final\\backend\\controllers\\sellerController.js","statementMap":{"0":{"start":{"line":1,"column":17},"end":{"line":1,"column":36}},"1":{"start":{"line":2,"column":13},"end":{"line":2,"column":47}},"2":{"start":{"line":3,"column":21},"end":{"line":3,"column":52}},"3":{"start":{"line":4,"column":16},"end":{"line":4,"column":34}},"4":{"start":{"line":6,"column":20},"end":{"line":6,"column":58}},"5":{"start":{"line":8,"column":22},"end":{"line":22,"column":1}},"6":{"start":{"line":9,"column":2},"end":{"line":21,"column":3}},"7":{"start":{"line":10,"column":21},"end":{"line":10,"column":46}},"8":{"start":{"line":12,"column":19},"end":{"line":12,"column":61}},"9":{"start":{"line":13,"column":4},"end":{"line":17,"column":5}},"10":{"start":{"line":14,"column":6},"end":{"line":14,"column":39}},"11":{"start":{"line":16,"column":6},"end":{"line":16,"column":67}},"12":{"start":{"line":19,"column":4},"end":{"line":19,"column":35}},"13":{"start":{"line":20,"column":4},"end":{"line":20,"column":49}},"14":{"start":{"line":24,"column":17},"end":{"line":62,"column":1}},"15":{"start":{"line":25,"column":2},"end":{"line":61,"column":3}},"16":{"start":{"line":26,"column":21},"end":{"line":26,"column":46}},"17":{"start":{"line":27,"column":23},"end":{"line":27,"column":65}},"18":{"start":{"line":29,"column":4},"end":{"line":57,"column":5}},"19":{"start":{"line":30,"column":24},"end":{"line":30,"column":32}},"20":{"start":{"line":31,"column":23},"end":{"line":31,"column":41}},"21":{"start":{"line":33,"column":26},"end":{"line":33,"column":77}},"22":{"start":{"line":34,"column":6},"end":{"line":36,"column":7}},"23":{"start":{"line":35,"column":8},"end":{"line":35,"column":77}},"24":{"start":{"line":38,"column":19},"end":{"line":49,"column":8}},"25":{"start":{"line":52,"column":6},"end":{"line":52,"column":24}},"26":{"start":{"line":54,"column":6},"end":{"line":54,"column":81}},"27":{"start":{"line":56,"column":6},"end":{"line":56,"column":74}},"28":{"start":{"line":59,"column":4},"end":{"line":59,"column":35}},"29":{"start":{"line":60,"column":4},"end":{"line":60,"column":57}},"30":{"start":{"line":65,"column":30},"end":{"line":74,"column":1}},"31":{"start":{"line":66,"column":2},"end":{"line":73,"column":3}},"32":{"start":{"line":67,"column":21},"end":{"line":67,"column":46}},"33":{"start":{"line":68,"column":25},"end":{"line":68,"column":67}},"34":{"start":{"line":69,"column":4},"end":{"line":69,"column":27}},"35":{"start":{"line":71,"column":4},"end":{"line":71,"column":21}},"36":{"start":{"line":72,"column":4},"end":{"line":72,"column":65}},"37":{"start":{"line":75,"column":25},"end":{"line":94,"column":1}},"38":{"start":{"line":76,"column":2},"end":{"line":93,"column":3}},"39":{"start":{"line":77,"column":21},"end":{"line":77,"column":46}},"40":{"start":{"line":78,"column":19},"end":{"line":78,"column":61}},"41":{"start":{"line":80,"column":4},"end":{"line":82,"column":5}},"42":{"start":{"line":81,"column":6},"end":{"line":81,"column":74}},"43":{"start":{"line":85,"column":20},"end":{"line":85,"column":65}},"44":{"start":{"line":87,"column":4},"end":{"line":89,"column":5}},"45":{"start":{"line":88,"column":5},"end":{"line":88,"column":46}},"46":{"start":{"line":91,"column":4},"end":{"line":91,"column":35}},"47":{"start":{"line":92,"column":4},"end":{"line":92,"column":49}},"48":{"start":{"line":96,"column":19},"end":{"line":125,"column":1}},"49":{"start":{"line":97,"column":2},"end":{"line":124,"column":3}},"50":{"start":{"line":98,"column":19},"end":{"line":98,"column":36}},"51":{"start":{"line":99,"column":24},"end":{"line":99,"column":32}},"52":{"start":{"line":102,"column":24},"end":{"line":112,"column":5}},"53":{"start":{"line":115,"column":4},"end":{"line":117,"column":5}},"54":{"start":{"line":116,"column":6},"end":{"line":116,"column":71}},"55":{"start":{"line":119,"column":4},"end":{"line":119,"column":94}},"56":{"start":{"line":122,"column":4},"end":{"line":122,"column":35}},"57":{"start":{"line":123,"column":4},"end":{"line":123,"column":50}},"58":{"start":{"line":128,"column":25},"end":{"line":148,"column":1}},"59":{"start":{"line":129,"column":2},"end":{"line":147,"column":3}},"60":{"start":{"line":132,"column":19},"end":{"line":132,"column":36}},"61":{"start":{"line":133,"column":21},"end":{"line":133,"column":46}},"62":{"start":{"line":135,"column":17},"end":{"line":135,"column":78}},"63":{"start":{"line":137,"column":4},"end":{"line":139,"column":5}},"64":{"start":{"line":138,"column":6},"end":{"line":138,"column":71}},"65":{"start":{"line":141,"column":4},"end":{"line":141,"column":50}},"66":{"start":{"line":143,"column":4},"end":{"line":143,"column":81}},"67":{"start":{"line":145,"column":4},"end":{"line":145,"column":35}},"68":{"start":{"line":146,"column":4},"end":{"line":146,"column":57}},"69":{"start":{"line":151,"column":0},"end":{"line":158,"column":2}}},"fnMap":{"0":{"name":"(anonymous_0)","decl":{"start":{"line":8,"column":22},"end":{"line":8,"column":23}},"loc":{"start":{"line":8,"column":41},"end":{"line":22,"column":1}},"line":8},"1":{"name":"(anonymous_1)","decl":{"start":{"line":24,"column":17},"end":{"line":24,"column":18}},"loc":{"start":{"line":24,"column":37},"end":{"line":62,"column":1}},"line":24},"2":{"name":"(anonymous_2)","decl":{"start":{"line":65,"column":30},"end":{"line":65,"column":31}},"loc":{"start":{"line":65,"column":50},"end":{"line":74,"column":1}},"line":65},"3":{"name":"(anonymous_3)","decl":{"start":{"line":75,"column":25},"end":{"line":75,"column":26}},"loc":{"start":{"line":75,"column":45},"end":{"line":94,"column":1}},"line":75},"4":{"name":"(anonymous_4)","decl":{"start":{"line":96,"column":19},"end":{"line":96,"column":20}},"loc":{"start":{"line":96,"column":39},"end":{"line":125,"column":1}},"line":96},"5":{"name":"(anonymous_5)","decl":{"start":{"line":128,"column":25},"end":{"line":128,"column":26}},"loc":{"start":{"line":128,"column":45},"end":{"line":148,"column":1}},"line":128}},"branchMap":{"0":{"loc":{"start":{"line":13,"column":4},"end":{"line":17,"column":5}},"type":"if","locations":[{"start":{"line":13,"column":4},"end":{"line":17,"column":5}},{"start":{"line":15,"column":11},"end":{"line":17,"column":5}}],"line":13},"1":{"loc":{"start":{"line":29,"column":4},"end":{"line":57,"column":5}},"type":"if","locations":[{"start":{"line":29,"column":4},"end":{"line":57,"column":5}},{"start":{"line":55,"column":11},"end":{"line":57,"column":5}}],"line":29},"2":{"loc":{"start":{"line":34,"column":6},"end":{"line":36,"column":7}},"type":"if","locations":[{"start":{"line":34,"column":6},"end":{"line":36,"column":7}},{"start":{},"end":{}}],"line":34},"3":{"loc":{"start":{"line":80,"column":4},"end":{"line":82,"column":5}},"type":"if","locations":[{"start":{"line":80,"column":4},"end":{"line":82,"column":5}},{"start":{},"end":{}}],"line":80},"4":{"loc":{"start":{"line":87,"column":4},"end":{"line":89,"column":5}},"type":"if","locations":[{"start":{"line":87,"column":4},"end":{"line":89,"column":5}},{"start":{},"end":{}}],"line":87},"5":{"loc":{"start":{"line":115,"column":4},"end":{"line":117,"column":5}},"type":"if","locations":[{"start":{"line":115,"column":4},"end":{"line":117,"column":5}},{"start":{},"end":{}}],"line":115},"6":{"loc":{"start":{"line":137,"column":4},"end":{"line":139,"column":5}},"type":"if","locations":[{"start":{"line":137,"column":4},"end":{"line":139,"column":5}},{"start":{},"end":{}}],"line":137}},"s":{"0":1,"1":1,"2":1,"3":1,"4":1,"5":1,"6":3,"7":3,"8":3,"9":2,"10":1,"11":1,"12":1,"13":1,"14":1,"15":4,"16":4,"17":4,"18":3,"19":2,"20":2,"21":2,"22":2,"23":1,"24":1,"25":1,"26":1,"27":1,"28":1,"29":1,"30":1,"31":2,"32":2,"33":2,"34":1,"35":1,"36":1,"37":1,"38":3,"39":3,"40":3,"41":2,"42":1,"43":1,"44":1,"45":1,"46":1,"47":1,"48":1,"49":3,"50":3,"51":3,"52":3,"53":2,"54":1,"55":1,"56":1,"57":1,"58":1,"59":2,"60":2,"61":2,"62":2,"63":1,"64":0,"65":1,"66":1,"67":1,"68":1,"69":1},"f":{"0":3,"1":4,"2":2,"3":3,"4":3,"5":2},"b":{"0":[1,1],"1":[2,1],"2":[1,1],"3":[1,1],"4":[1,0],"5":[1,1],"6":[0,1]},"_coverageSchema":"1a1c01bbd47fc00a2c39e90264f33305004495a9","hash":"aa0d27033a41400a698467a66a48201baf02e406"}
,"F:\\final_project\\p2p_frontend\\WBD_33_final\\backend\\controllers\\userController.js": {"path":"F:\\final_project\\p2p_frontend\\WBD_33_final\\backend\\controllers\\userController.js","statementMap":{"0":{"start":{"line":1,"column":14},"end":{"line":1,"column":32}},"1":{"start":{"line":2,"column":11},"end":{"line":2,"column":26}},"2":{"start":{"line":3,"column":15},"end":{"line":3,"column":34}},"3":{"start":{"line":4,"column":11},"end":{"line":4,"column":45}},"4":{"start":{"line":5,"column":20},"end":{"line":5,"column":58}},"5":{"start":{"line":6,"column":21},"end":{"line":6,"column":52}},"6":{"start":{"line":12,"column":19},"end":{"line":12,"column":44}},"7":{"start":{"line":13,"column":36},"end":{"line":13,"column":44}},"8":{"start":{"line":17,"column":23},"end":{"line":17,"column":92}},"9":{"start":{"line":20,"column":2},"end":{"line":22,"column":3}},"10":{"start":{"line":21,"column":4},"end":{"line":21,"column":68}},"11":{"start":{"line":23,"column":16},"end":{"line":23,"column":48}},"12":{"start":{"line":24,"column":2},"end":{"line":70,"column":3}},"13":{"start":{"line":27,"column":18},"end":{"line":27,"column":23}},"14":{"start":{"line":30,"column":4},"end":{"line":41,"column":5}},"15":{"start":{"line":32,"column":6},"end":{"line":32,"column":28}},"16":{"start":{"line":33,"column":6},"end":{"line":33,"column":21}},"17":{"start":{"line":44,"column":4},"end":{"line":47,"column":5}},"18":{"start":{"line":45,"column":6},"end":{"line":45,"column":26}},"19":{"start":{"line":46,"column":6},"end":{"line":46,"column":21}},"20":{"start":{"line":50,"column":4},"end":{"line":58,"column":5}},"21":{"start":{"line":51,"column":21},"end":{"line":51,"column":67}},"22":{"start":{"line":52,"column":6},"end":{"line":57,"column":7}},"23":{"start":{"line":53,"column":8},"end":{"line":53,"column":91}},"24":{"start":{"line":55,"column":8},"end":{"line":55,"column":57}},"25":{"start":{"line":56,"column":8},"end":{"line":56,"column":23}},"26":{"start":{"line":61,"column":4},"end":{"line":66,"column":5}},"27":{"start":{"line":62,"column":6},"end":{"line":62,"column":25}},"28":{"start":{"line":63,"column":6},"end":{"line":63,"column":81}},"29":{"start":{"line":65,"column":6},"end":{"line":65,"column":84}},"30":{"start":{"line":68,"column":4},"end":{"line":68,"column":35}},"31":{"start":{"line":69,"column":4},"end":{"line":69,"column":52}},"32":{"start":{"line":75,"column":28},"end":{"line":84,"column":1}},"33":{"start":{"line":76,"column":2},"end":{"line":83,"column":3}},"34":{"start":{"line":77,"column":21},"end":{"line":77,"column":46}},"35":{"start":{"line":78,"column":25},"end":{"line":78,"column":66}},"36":{"start":{"line":79,"column":4},"end":{"line":79,"column":27}},"37":{"start":{"line":81,"column":4},"end":{"line":81,"column":21}},"38":{"start":{"line":82,"column":4},"end":{"line":82,"column":65}},"39":{"start":{"line":85,"column":23},"end":{"line":105,"column":1}},"40":{"start":{"line":86,"column":2},"end":{"line":104,"column":3}},"41":{"start":{"line":87,"column":21},"end":{"line":87,"column":46}},"42":{"start":{"line":88,"column":19},"end":{"line":88,"column":61}},"43":{"start":{"line":90,"column":4},"end":{"line":92,"column":5}},"44":{"start":{"line":91,"column":5},"end":{"line":91,"column":73}},"45":{"start":{"line":93,"column":20},"end":{"line":93,"column":68}},"46":{"start":{"line":95,"column":4},"end":{"line":97,"column":5}},"47":{"start":{"line":96,"column":6},"end":{"line":96,"column":85}},"48":{"start":{"line":98,"column":4},"end":{"line":100,"column":5}},"49":{"start":{"line":99,"column":5},"end":{"line":99,"column":46}},"50":{"start":{"line":102,"column":4},"end":{"line":102,"column":35}},"51":{"start":{"line":103,"column":4},"end":{"line":103,"column":49}},"52":{"start":{"line":109,"column":18},"end":{"line":125,"column":1}},"53":{"start":{"line":110,"column":2},"end":{"line":124,"column":3}},"54":{"start":{"line":111,"column":25},"end":{"line":111,"column":35}},"55":{"start":{"line":114,"column":20},"end":{"line":114,"column":52}},"56":{"start":{"line":115,"column":4},"end":{"line":117,"column":5}},"57":{"start":{"line":116,"column":5},"end":{"line":116,"column":70}},"58":{"start":{"line":118,"column":4},"end":{"line":118,"column":73}},"59":{"start":{"line":121,"column":4},"end":{"line":121,"column":35}},"60":{"start":{"line":122,"column":3},"end":{"line":122,"column":59}},"61":{"start":{"line":163,"column":0},"end":{"line":163,"column":80}}},"fnMap":{"0":{"name":"updateuserdetails","decl":{"start":{"line":11,"column":15},"end":{"line":11,"column":32}},"loc":{"start":{"line":11,"column":43},"end":{"line":71,"column":1}},"line":11},"1":{"name":"(anonymous_1)","decl":{"start":{"line":75,"column":28},"end":{"line":75,"column":29}},"loc":{"start":{"line":75,"column":48},"end":{"line":84,"column":1}},"line":75},"2":{"name":"(anonymous_2)","decl":{"start":{"line":85,"column":23},"end":{"line":85,"column":24}},"loc":{"start":{"line":85,"column":43},"end":{"line":105,"column":1}},"line":85},"3":{"name":"(anonymous_3)","decl":{"start":{"line":109,"column":18},"end":{"line":109,"column":19}},"loc":{"start":{"line":109,"column":38},"end":{"line":125,"column":1}},"line":109}},"branchMap":{"0":{"loc":{"start":{"line":20,"column":2},"end":{"line":22,"column":3}},"type":"if","locations":[{"start":{"line":20,"column":2},"end":{"line":22,"column":3}},{"start":{},"end":{}}],"line":20},"1":{"loc":{"start":{"line":30,"column":4},"end":{"line":41,"column":5}},"type":"if","locations":[{"start":{"line":30,"column":4},"end":{"line":41,"column":5}},{"start":{},"end":{}}],"line":30},"2":{"loc":{"start":{"line":44,"column":4},"end":{"line":47,"column":5}},"type":"if","locations":[{"start":{"line":44,"column":4},"end":{"line":47,"column":5}},{"start":{},"end":{}}],"line":44},"3":{"loc":{"start":{"line":50,"column":4},"end":{"line":58,"column":5}},"type":"if","locations":[{"start":{"line":50,"column":4},"end":{"line":58,"column":5}},{"start":{},"end":{}}],"line":50},"4":{"loc":{"start":{"line":52,"column":6},"end":{"line":57,"column":7}},"type":"if","locations":[{"start":{"line":52,"column":6},"end":{"line":57,"column":7}},{"start":{"line":54,"column":13},"end":{"line":57,"column":7}}],"line":52},"5":{"loc":{"start":{"line":61,"column":4},"end":{"line":66,"column":5}},"type":"if","locations":[{"start":{"line":61,"column":4},"end":{"line":66,"column":5}},{"start":{"line":64,"column":11},"end":{"line":66,"column":5}}],"line":61},"6":{"loc":{"start":{"line":90,"column":4},"end":{"line":92,"column":5}},"type":"if","locations":[{"start":{"line":90,"column":4},"end":{"line":92,"column":5}},{"start":{},"end":{}}],"line":90},"7":{"loc":{"start":{"line":95,"column":4},"end":{"line":97,"column":5}},"type":"if","locations":[{"start":{"line":95,"column":4},"end":{"line":97,"column":5}},{"start":{},"end":{}}],"line":95},"8":{"loc":{"start":{"line":98,"column":4},"end":{"line":100,"column":5}},"type":"if","locations":[{"start":{"line":98,"column":4},"end":{"line":100,"column":5}},{"start":{},"end":{}}],"line":98},"9":{"loc":{"start":{"line":115,"column":4},"end":{"line":117,"column":5}},"type":"if","locations":[{"start":{"line":115,"column":4},"end":{"line":117,"column":5}},{"start":{},"end":{}}],"line":115}},"s":{"0":1,"1":1,"2":1,"3":1,"4":1,"5":1,"6":4,"7":4,"8":4,"9":4,"10":1,"11":3,"12":3,"13":3,"14":3,"15":1,"16":1,"17":3,"18":1,"19":1,"20":3,"21":2,"22":2,"23":1,"24":1,"25":1,"26":2,"27":1,"28":1,"29":1,"30":0,"31":0,"32":1,"33":2,"34":2,"35":2,"36":1,"37":1,"38":1,"39":1,"40":3,"41":3,"42":3,"43":3,"44":1,"45":2,"46":2,"47":1,"48":1,"49":1,"50":0,"51":0,"52":1,"53":3,"54":3,"55":3,"56":2,"57":1,"58":1,"59":1,"60":1,"61":1},"f":{"0":4,"1":2,"2":3,"3":3},"b":{"0":[1,3],"1":[1,2],"2":[1,2],"3":[2,1],"4":[1,1],"5":[1,1],"6":[1,2],"7":[1,1],"8":[1,0],"9":[1,1]},"_coverageSchema":"1a1c01bbd47fc00a2c39e90264f33305004495a9","hash":"ba64e4361dc511d88b9bb3511aeb888667483725"}
,"F:\\final_project\\p2p_frontend\\WBD_33_final\\backend\\models\\accountschema.js": {"path":"F:\\final_project\\p2p_frontend\\WBD_33_final\\backend\\models\\accountschema.js","statementMap":{"0":{"start":{"line":1,"column":15},"end":{"line":1,"column":35}},"1":{"start":{"line":2,"column":11},"end":{"line":2,"column":24}},"2":{"start":{"line":3,"column":21},"end":{"line":44,"column":4}},"3":{"start":{"line":50,"column":15},"end":{"line":50,"column":51}},"4":{"start":{"line":51,"column":2},"end":{"line":51,"column":22}}},"fnMap":{},"branchMap":{},"s":{"0":10,"1":10,"2":10,"3":10,"4":10},"f":{},"b":{},"_coverageSchema":"1a1c01bbd47fc00a2c39e90264f33305004495a9","hash":"35d11ab628b499f8d22f6010f1a276053c5fc6cd"}
,"F:\\final_project\\p2p_frontend\\WBD_33_final\\backend\\models\\commmunitySchema.js": {"path":"F:\\final_project\\p2p_frontend\\WBD_33_final\\backend\\models\\commmunitySchema.js","statementMap":{"0":{"start":{"line":1,"column":15},"end":{"line":1,"column":35}},"1":{"start":{"line":2,"column":11},"end":{"line":2,"column":24}},"2":{"start":{"line":3,"column":14},"end":{"line":3,"column":48}},"3":{"start":{"line":5,"column":25},"end":{"line":15,"column":4}},"4":{"start":{"line":17,"column":20},"end":{"line":17,"column":65}},"5":{"start":{"line":18,"column":2},"end":{"line":18,"column":27}}},"fnMap":{},"branchMap":{},"s":{"0":3,"1":3,"2":3,"3":3,"4":3,"5":3},"f":{},"b":{},"_coverageSchema":"1a1c01bbd47fc00a2c39e90264f33305004495a9","hash":"311690092cf7199fed1c3f4080830fa4464ccd25"}
,"F:\\final_project\\p2p_frontend\\WBD_33_final\\backend\\models\\gameschema.js": {"path":"F:\\final_project\\p2p_frontend\\WBD_33_final\\backend\\models\\gameschema.js","statementMap":{"0":{"start":{"line":2,"column":17},"end":{"line":2,"column":36}},"1":{"start":{"line":3,"column":13},"end":{"line":3,"column":47}},"2":{"start":{"line":4,"column":19},"end":{"line":92,"column":24}},"3":{"start":{"line":96,"column":21},"end":{"line":96,"column":63}},"4":{"start":{"line":97,"column":0},"end":{"line":97,"column":28}}},"fnMap":{},"branchMap":{},"s":{"0":6,"1":6,"2":6,"3":6,"4":6},"f":{},"b":{},"_coverageSchema":"1a1c01bbd47fc00a2c39e90264f33305004495a9","hash":"35cd4c4e2cc84359bea3262d6781209cb266d9e2"}
,"F:\\final_project\\p2p_frontend\\WBD_33_final\\backend\\models\\transactionSchema.js": {"path":"F:\\final_project\\p2p_frontend\\WBD_33_final\\backend\\models\\transactionSchema.js","statementMap":{"0":{"start":{"line":1,"column":17},"end":{"line":1,"column":36}},"1":{"start":{"line":2,"column":13},"end":{"line":2,"column":39}},"2":{"start":{"line":5,"column":27},"end":{"line":11,"column":4}},"3":{"start":{"line":13,"column":22},"end":{"line":13,"column":71}},"4":{"start":{"line":14,"column":2},"end":{"line":14,"column":29}}},"fnMap":{},"branchMap":{},"s":{"0":4,"1":4,"2":4,"3":4,"4":4},"f":{},"b":{},"_coverageSchema":"1a1c01bbd47fc00a2c39e90264f33305004495a9","hash":"c89adda6965a66f989af5ec920b09508eb630f05"}
}
