TN:
SF:controllers\adminController.js
FN:12,getadmindata
FN:66,getTransactions
FN:76,getGames
FN:86,getallUsers
FN:96,(anonymous_4)
FN:127,admin_update_user
FN:144,admin_create_user
FN:168,admin_delete_user
FN:185,admin_delete_community
FN:207,admin_delete_community_message
FNF:10
FNH:10
FNDA:1,getadmindata
FNDA:1,getTransactions
FNDA:1,getGames
FNDA:1,getallUsers
FNDA:7,(anonymous_4)
FNDA:2,admin_update_user
FNDA:1,admin_create_user
FNDA:2,admin_delete_user
FNDA:2,admin_delete_community
FNDA:2,admin_delete_community_message
DA:1,2
DA:2,2
DA:3,2
DA:4,2
DA:5,2
DA:6,2
DA:7,2
DA:8,2
DA:9,2
DA:10,2
DA:15,1
DA:16,1
DA:17,1
DA:20,1
DA:22,1
DA:25,1
DA:26,1
DA:27,1
DA:30,1
DA:31,1
DA:32,1
DA:33,1
DA:36,1
DA:41,1
DA:46,1
DA:48,1
DA:56,1
DA:59,0
DA:60,0
DA:67,1
DA:68,1
DA:69,1
DA:71,0
DA:72,0
DA:77,1
DA:78,1
DA:79,1
DA:81,0
DA:82,0
DA:87,1
DA:89,1
DA:92,1
DA:95,1
DA:97,7
DA:98,7
DA:99,7
DA:101,7
DA:102,7
DA:104,7
DA:108,7
DA:113,1
DA:120,1
DA:122,0
DA:123,0
DA:128,2
DA:130,2
DA:131,2
DA:132,2
DA:133,1
DA:135,1
DA:136,1
DA:137,1
DA:139,0
DA:140,0
DA:145,1
DA:146,1
DA:147,1
DA:148,1
DA:149,1
DA:150,0
DA:153,1
DA:154,1
DA:155,0
DA:157,1
DA:158,1
DA:159,1
DA:161,0
DA:162,0
DA:169,2
DA:170,2
DA:172,2
DA:173,2
DA:174,1
DA:176,1
DA:177,1
DA:178,1
DA:180,0
DA:181,0
DA:186,2
DA:187,2
DA:189,2
DA:193,2
DA:194,2
DA:195,1
DA:197,1
DA:199,1
DA:200,1
DA:202,0
DA:203,0
DA:208,2
DA:209,2
DA:210,2
DA:211,2
DA:214,2
DA:215,1
DA:217,1
DA:222,1
DA:223,1
DA:225,0
DA:226,0
DA:229,2
LF:111
LH:91
BRDA:132,0,0,1
BRDA:132,0,1,1
BRDA:149,1,0,0
BRDA:149,1,1,1
BRDA:154,2,0,0
BRDA:154,2,1,1
BRDA:173,3,0,1
BRDA:173,3,1,1
BRDA:194,4,0,1
BRDA:194,4,1,1
BRDA:214,5,0,1
BRDA:214,5,1,1
BRF:12
BRH:10
end_of_record
TN:
SF:controllers\cartController.js
FN:99,addtocart
FN:128,getcartgames
FN:158,removetocart
FNF:3
FNH:3
FNDA:5,addtocart
FNDA:5,getcartgames
FNDA:5,removetocart
DA:1,1
DA:2,1
DA:3,1
DA:4,1
DA:100,5
DA:101,5
DA:102,5
DA:104,5
DA:105,1
DA:108,4
DA:110,3
DA:111,1
DA:114,2
DA:115,1
DA:117,1
DA:120,1
DA:121,1
DA:123,1
DA:124,1
DA:129,5
DA:130,5
DA:132,5
DA:133,1
DA:138,4
DA:140,3
DA:141,1
DA:144,2
DA:146,2
DA:147,4
DA:148,4
DA:151,2
DA:153,1
DA:154,1
DA:159,5
DA:160,5
DA:162,5
DA:163,1
DA:168,4
DA:170,4
DA:172,3
DA:173,1
DA:176,2
DA:181,2
DA:182,1
DA:185,1
DA:188,1
DA:189,1
DA:218,1
LF:48
LH:48
BRDA:104,0,0,1
BRDA:104,0,1,4
BRDA:110,1,0,1
BRDA:110,1,1,2
BRDA:114,2,0,1
BRDA:114,2,1,1
BRDA:132,3,0,1
BRDA:132,3,1,4
BRDA:140,4,0,1
BRDA:140,4,1,2
BRDA:148,5,0,3
BRDA:148,5,1,1
BRDA:162,6,0,1
BRDA:162,6,1,4
BRDA:172,7,0,1
BRDA:172,7,1,2
BRDA:181,8,0,1
BRDA:181,8,1,1
BRF:18
BRH:18
end_of_record
TN:
SF:controllers\communityController.js
FN:5,joinCommunity
FN:28,createCommunity
FN:58,getUserCommunities
FN:72,getCommunity
FN:78,getcommunityChat
FN:110,sendMessage
FNF:6
FNH:6
FNDA:4,joinCommunity
FNDA:3,createCommunity
FNDA:2,getUserCommunities
FNDA:1,getCommunity
FNDA:3,getcommunityChat
FNDA:3,sendMessage
DA:1,1
DA:2,1
DA:3,1
DA:6,4
DA:7,4
DA:8,4
DA:10,4
DA:11,4
DA:13,3
DA:14,3
DA:16,2
DA:17,1
DA:18,1
DA:19,1
DA:21,1
DA:23,0
DA:24,0
DA:29,3
DA:30,3
DA:32,3
DA:34,3
DA:35,1
DA:37,2
DA:40,2
DA:41,2
DA:42,1
DA:47,1
DA:48,1
DA:50,1
DA:53,0
DA:54,0
DA:59,2
DA:60,2
DA:61,2
DA:62,2
DA:64,1
DA:65,1
DA:67,0
DA:68,0
DA:73,1
DA:75,1
DA:79,3
DA:80,3
DA:81,3
DA:84,3
DA:86,3
DA:87,1
DA:91,2
DA:92,2
DA:93,1
DA:97,1
DA:106,0
DA:107,0
DA:111,3
DA:112,3
DA:113,3
DA:114,3
DA:117,3
DA:118,3
DA:119,1
DA:123,2
DA:124,2
DA:125,1
DA:129,1
DA:135,1
DA:136,1
DA:138,1
DA:140,0
DA:141,0
DA:145,1
LF:70
LH:60
BRDA:11,0,0,1
BRDA:11,0,1,3
BRDA:14,1,0,1
BRDA:14,1,1,2
BRDA:16,2,0,1
BRDA:16,2,1,1
BRDA:34,3,0,1
BRDA:34,3,1,2
BRDA:41,4,0,1
BRDA:41,4,1,1
BRDA:41,5,0,2
BRDA:41,5,1,2
BRDA:62,6,0,1
BRDA:62,6,1,1
BRDA:86,7,0,1
BRDA:86,7,1,2
BRDA:92,8,0,1
BRDA:92,8,1,1
BRDA:118,9,0,1
BRDA:118,9,1,2
BRDA:124,10,0,1
BRDA:124,10,1,1
BRF:22
BRH:22
end_of_record
TN:
SF:controllers\dashboardController.js
FN:14,getuserdata
FN:27,signout
FN:73,admindeletegame
FN:113,getaTransactions
FN:130,geteveryUser
FN:139,getuTransactions
FN:156,getsTransactions
FNF:7
FNH:6
FNDA:2,getuserdata
FNDA:0,signout
FNDA:3,admindeletegame
FNDA:3,getaTransactions
FNDA:2,geteveryUser
FNDA:3,getuTransactions
FNDA:3,getsTransactions
DA:1,2
DA:2,2
DA:3,2
DA:4,2
DA:5,2
DA:6,2
DA:7,2
DA:8,2
DA:9,2
DA:10,2
DA:11,2
DA:15,2
DA:16,2
DA:17,2
DA:18,2
DA:19,2
DA:20,1
DA:22,1
DA:28,0
DA:30,0
DA:74,3
DA:75,3
DA:76,3
DA:78,3
DA:79,2
DA:81,2
DA:82,1
DA:85,1
DA:87,1
DA:88,1
DA:114,3
DA:115,3
DA:116,3
DA:117,2
DA:118,1
DA:120,1
DA:124,1
DA:126,1
DA:132,2
DA:133,2
DA:134,1
DA:136,1
DA:141,3
DA:142,3
DA:143,3
DA:145,2
DA:146,1
DA:149,1
DA:150,1
DA:152,1
DA:158,3
DA:159,3
DA:160,3
DA:162,2
DA:163,1
DA:166,1
DA:167,1
DA:169,1
DA:176,2
LF:59
LH:57
BRDA:81,0,0,1
BRDA:81,0,1,1
BRDA:117,1,0,1
BRDA:117,1,1,1
BRDA:145,2,0,1
BRDA:145,2,1,1
BRDA:162,3,0,1
BRDA:162,3,1,1
BRF:8
BRH:8
end_of_record
TN:
SF:controllers\gamepageController.js
FN:6,postreview
FN:30,(anonymous_1)
FN:69,getclickgame
FN:85,getComparisons
FNF:4
FNH:4
FNDA:5,postreview
FNDA:1,(anonymous_1)
FNDA:3,getclickgame
FNDA:3,getComparisons
DA:1,1
DA:2,1
DA:3,1
DA:4,1
DA:7,5
DA:8,5
DA:11,5
DA:12,5
DA:16,4
DA:17,1
DA:21,3
DA:22,3
DA:23,1
DA:29,2
DA:30,1
DA:32,2
DA:33,1
DA:39,1
DA:40,1
DA:42,1
DA:46,1
DA:47,1
DA:56,1
DA:59,1
DA:61,1
DA:63,1
DA:70,3
DA:72,3
DA:73,3
DA:74,2
DA:75,1
DA:77,1
DA:80,1
DA:81,1
DA:86,3
DA:88,3
DA:89,3
DA:90,2
DA:91,1
DA:93,1
DA:95,1
DA:96,1
DA:97,1
DA:101,1
DA:102,1
DA:103,1
DA:106,0
DA:107,0
DA:109,0
DA:110,0
DA:117,0
DA:119,1
DA:122,2
DA:126,1
LF:54
LH:49
BRDA:16,0,0,1
BRDA:16,0,1,3
BRDA:22,1,0,1
BRDA:22,1,1,2
BRDA:32,2,0,1
BRDA:32,2,1,1
BRDA:74,3,0,1
BRDA:74,3,1,1
BRDA:90,4,0,1
BRDA:90,4,1,1
BRDA:101,5,0,1
BRDA:101,5,1,0
BRF:12
BRH:11
end_of_record
TN:
SF:controllers\loginController.js
FN:9,postlogin
FNF:1
FNH:1
FNDA:3,postlogin
DA:1,3
DA:2,3
DA:3,3
DA:4,3
DA:5,3
DA:6,3
DA:10,3
DA:12,3
DA:13,3
DA:14,3
DA:16,2
DA:18,1
DA:21,1
DA:23,1
DA:30,0
DA:34,1
DA:37,1
DA:38,1
DA:42,3
LF:19
LH:18
BRDA:16,0,0,1
BRDA:16,0,1,1
BRDA:23,1,0,0
BRDA:23,1,1,1
BRF:4
BRH:3
end_of_record
TN:
SF:controllers\paymentController.js
FN:10,cartpaygame
FN:92,paygame
FN:139,getTopSellingGames
FN:153,getTopRevenueGames
FNF:4
FNH:4
FNDA:2,cartpaygame
FNDA:3,paygame
FNDA:1,getTopSellingGames
FNDA:1,getTopRevenueGames
DA:1,1
DA:2,1
DA:3,1
DA:4,1
DA:5,1
DA:6,1
DA:7,1
DA:11,2
DA:12,2
DA:15,2
DA:16,0
DA:19,2
DA:21,2
DA:22,0
DA:28,2
DA:29,1
DA:32,1
DA:35,2
DA:36,0
DA:39,2
DA:43,2
DA:44,0
DA:48,2
DA:49,0
DA:55,2
DA:58,2
DA:59,2
DA:61,2
DA:64,2
DA:72,2
DA:76,1
DA:77,1
DA:83,1
DA:87,0
DA:88,0
DA:93,3
DA:94,3
DA:95,3
DA:97,3
DA:98,1
DA:101,2
DA:102,2
DA:104,2
DA:105,0
DA:108,2
DA:109,1
DA:113,1
DA:114,1
DA:117,1
DA:118,1
DA:121,1
DA:129,1
DA:131,1
DA:133,0
DA:134,0
DA:140,1
DA:141,1
DA:143,1
DA:148,0
DA:149,0
DA:154,1
DA:155,1
DA:168,1
DA:173,0
DA:174,0
DA:180,1
LF:66
LH:52
BRDA:15,0,0,0
BRDA:15,0,1,2
BRDA:21,1,0,0
BRDA:21,1,1,2
BRDA:28,2,0,1
BRDA:28,2,1,1
BRDA:28,3,0,2
BRDA:28,3,1,2
BRDA:35,4,0,0
BRDA:35,4,1,2
BRDA:43,5,0,0
BRDA:43,5,1,2
BRDA:48,6,0,0
BRDA:48,6,1,2
BRDA:97,7,0,1
BRDA:97,7,1,2
BRDA:104,8,0,0
BRDA:104,8,1,2
BRDA:108,9,0,1
BRDA:108,9,1,1
BRF:20
BRH:14
end_of_record
TN:
SF:controllers\registerController.js
FN:8,postregister
FNF:1
FNH:1
FNDA:6,postregister
DA:1,1
DA:2,1
DA:3,1
DA:4,1
DA:9,6
DA:10,6
DA:12,6
DA:13,5
DA:14,5
DA:16,5
DA:17,1
DA:20,4
DA:21,4
DA:22,3
DA:25,4
DA:26,1
DA:27,1
DA:30,3
DA:31,1
DA:32,1
DA:35,2
DA:42,2
DA:43,2
DA:45,1
DA:46,1
DA:49,1
LF:26
LH:26
BRDA:16,0,0,1
BRDA:16,0,1,4
BRDA:21,1,0,3
BRDA:21,1,1,1
BRDA:25,2,0,1
BRDA:25,2,1,3
BRDA:30,3,0,1
BRDA:30,3,1,2
BRF:8
BRH:8
end_of_record
TN:
SF:controllers\sellerController.js
FN:8,(anonymous_0)
FN:24,(anonymous_1)
FN:65,(anonymous_2)
FN:75,(anonymous_3)
FN:96,(anonymous_4)
FN:128,(anonymous_5)
FNF:6
FNH:6
FNDA:3,(anonymous_0)
FNDA:4,(anonymous_1)
FNDA:2,(anonymous_2)
FNDA:3,(anonymous_3)
FNDA:3,(anonymous_4)
FNDA:2,(anonymous_5)
DA:1,1
DA:2,1
DA:3,1
DA:4,1
DA:6,1
DA:8,1
DA:9,3
DA:10,3
DA:12,3
DA:13,2
DA:14,1
DA:16,1
DA:19,1
DA:20,1
DA:24,1
DA:25,4
DA:26,4
DA:27,4
DA:29,3
DA:30,2
DA:31,2
DA:33,2
DA:34,2
DA:35,1
DA:38,1
DA:52,1
DA:54,1
DA:56,1
DA:59,1
DA:60,1
DA:65,1
DA:66,2
DA:67,2
DA:68,2
DA:69,1
DA:71,1
DA:72,1
DA:75,1
DA:76,3
DA:77,3
DA:78,3
DA:80,2
DA:81,1
DA:85,1
DA:87,1
DA:88,1
DA:91,1
DA:92,1
DA:96,1
DA:97,3
DA:98,3
DA:99,3
DA:102,3
DA:115,2
DA:116,1
DA:119,1
DA:122,1
DA:123,1
DA:128,1
DA:129,2
DA:132,2
DA:133,2
DA:135,2
DA:137,1
DA:138,0
DA:141,1
DA:143,1
DA:145,1
DA:146,1
DA:151,1
LF:70
LH:69
BRDA:13,0,0,1
BRDA:13,0,1,1
BRDA:29,1,0,2
BRDA:29,1,1,1
BRDA:34,2,0,1
BRDA:34,2,1,1
BRDA:80,3,0,1
BRDA:80,3,1,1
BRDA:87,4,0,1
BRDA:87,4,1,0
BRDA:115,5,0,1
BRDA:115,5,1,1
BRDA:137,6,0,0
BRDA:137,6,1,1
BRF:14
BRH:12
end_of_record
TN:
SF:controllers\userController.js
FN:11,updateuserdetails
FN:75,(anonymous_1)
FN:85,(anonymous_2)
FN:109,(anonymous_3)
FNF:4
FNH:4
FNDA:4,updateuserdetails
FNDA:2,(anonymous_1)
FNDA:3,(anonymous_2)
FNDA:3,(anonymous_3)
DA:1,1
DA:2,1
DA:3,1
DA:4,1
DA:5,1
DA:6,1
DA:12,4
DA:13,4
DA:17,4
DA:20,4
DA:21,1
DA:23,3
DA:24,3
DA:27,3
DA:30,3
DA:32,1
DA:33,1
DA:44,3
DA:45,1
DA:46,1
DA:50,3
DA:51,2
DA:52,2
DA:53,1
DA:55,1
DA:56,1
DA:61,2
DA:62,1
DA:63,1
DA:65,1
DA:68,0
DA:69,0
DA:75,1
DA:76,2
DA:77,2
DA:78,2
DA:79,1
DA:81,1
DA:82,1
DA:85,1
DA:86,3
DA:87,3
DA:88,3
DA:90,3
DA:91,1
DA:93,2
DA:95,2
DA:96,1
DA:98,1
DA:99,1
DA:102,0
DA:103,0
DA:109,1
DA:110,3
DA:111,3
DA:114,3
DA:115,2
DA:116,1
DA:118,1
DA:121,1
DA:122,1
DA:163,1
LF:62
LH:58
BRDA:20,0,0,1
BRDA:20,0,1,3
BRDA:30,1,0,1
BRDA:30,1,1,2
BRDA:44,2,0,1
BRDA:44,2,1,2
BRDA:50,3,0,2
BRDA:50,3,1,1
BRDA:52,4,0,1
BRDA:52,4,1,1
BRDA:61,5,0,1
BRDA:61,5,1,1
BRDA:90,6,0,1
BRDA:90,6,1,2
BRDA:95,7,0,1
BRDA:95,7,1,1
BRDA:98,8,0,1
BRDA:98,8,1,0
BRDA:115,9,0,1
BRDA:115,9,1,1
BRF:20
BRH:19
end_of_record
TN:
SF:models\accountschema.js
FNF:0
FNH:0
DA:1,10
DA:2,10
DA:3,10
DA:50,10
DA:51,10
LF:5
LH:5
BRF:0
BRH:0
end_of_record
TN:
SF:models\commmunitySchema.js
FNF:0
FNH:0
DA:1,3
DA:2,3
DA:3,3
DA:5,3
DA:17,3
DA:18,3
LF:6
LH:6
BRF:0
BRH:0
end_of_record
TN:
SF:models\gameschema.js
FNF:0
FNH:0
DA:2,6
DA:3,6
DA:4,6
DA:96,6
DA:97,6
LF:5
LH:5
BRF:0
BRH:0
end_of_record
TN:
SF:models\transactionSchema.js
FNF:0
FNH:0
DA:1,4
DA:2,4
DA:5,4
DA:13,4
DA:14,4
LF:5
LH:5
BRF:0
BRH:0
end_of_record
